#
# A fatal error has been detected by the Java Runtime Environment:
#
#  SIGSEGV (0xb) at pc=0x00007f8aaf601ac7, pid=4759, tid=4778
#
# JRE version: OpenJDK Runtime Environment (15.0.1+9) (build 15.0.1+9-18)
# Java VM: OpenJDK 64-Bit Server VM (15.0.1+9-18, mixed mode, sharing, tiered, compressed oops, g1 gc, linux-amd64)
# Problematic frame:
# C  [libtesseract.so.3.0.4+0x9dac7]  tesseract::Tesseract::recog_all_words(PAGE_RES*, ETEXT_DESC*, TBOX const*, char const*, int)+0x5e7
#
# Core dump will be written. Default location: Core dumps may be processed with "/usr/share/apport/apport %p %s %c %d %P %E" (or dumping to /home/nadav/IdeaProjects/Ass1/src/main/resources/core.4759)
#
# If you would like to submit a bug report, please visit:
#   https://bugreport.java.com/bugreport/crash.jsp
# The crash happened outside the Java Virtual Machine in native code.
# See problematic frame for where to report the bug.
#

---------------  S U M M A R Y ------------

Command Line: -javaagent:/home/nadav/idea-IU-202.7660.26/lib/idea_rt.jar=40369:/home/nadav/idea-IU-202.7660.26/bin -Dfile.encoding=UTF-8 Manager

Host: Intel(R) Core(TM) i7-7700HQ CPU @ 2.80GHz, 4 cores, 7G, Ubuntu 16.04.5 LTS
Time: Wed Nov 25 13:00:20 2020 IST elapsed time: 1.489580 seconds (0d 0h 0m 1s)

---------------  T H R E A D  ---------------

Current thread (0x00007f8b38471930):  JavaThread "pool-1-thread-1" [_thread_in_native, id=4778, stack(0x00007f8b1c1d5000,0x00007f8b1c2d6000)]

Stack: [0x00007f8b1c1d5000,0x00007f8b1c2d6000],  sp=0x00007f8b1c2d3580,  free space=1017k
Native frames: (J=compiled Java code, A=aot compiled Java code, j=interpreted, Vv=VM code, C=native code)
C  [libtesseract.so.3.0.4+0x9dac7]  tesseract::Tesseract::recog_all_words(PAGE_RES*, ETEXT_DESC*, TBOX const*, char const*, int)+0x5e7

Java frames: (J=compiled Java code, j=interpreted, Vv=VM code)
j  com.sun.jna.Native.invokePointer(Lcom/sun/jna/Function;JI[Ljava/lang/Object;)J+0
j  com.sun.jna.Function.invokePointer(I[Ljava/lang/Object;)Lcom/sun/jna/Pointer;+7
j  com.sun.jna.Function.invoke([Ljava/lang/Object;Ljava/lang/Class;ZI)Ljava/lang/Object;+385
j  com.sun.jna.Function.invoke(Ljava/lang/reflect/Method;[Ljava/lang/Class;Ljava/lang/Class;[Ljava/lang/Object;Ljava/util/Map;)Ljava/lang/Object;+271
j  com.sun.jna.Library$Handler.invoke(Ljava/lang/Object;Ljava/lang/reflect/Method;[Ljava/lang/Object;)Ljava/lang/Object;+344
j  com.sun.proxy.$Proxy0.TessBaseAPIGetUTF8Text(Lnet/sourceforge/tess4j/ITessAPI$TessBaseAPI;)Lcom/sun/jna/Pointer;+16
j  net.sourceforge.tess4j.Tesseract.getOCRText(Ljava/lang/String;I)Ljava/lang/String;+62
j  net.sourceforge.tess4j.Tesseract.doOCR(Ljava/util/List;Ljava/lang/String;Ljava/awt/Rectangle;)Ljava/lang/String;+69
j  net.sourceforge.tess4j.Tesseract.doOCR(Ljava/util/List;Ljava/awt/Rectangle;)Ljava/lang/String;+4
j  net.sourceforge.tess4j.Tesseract.doOCR(Ljava/awt/image/BufferedImage;Ljava/awt/Rectangle;)Ljava/lang/String;+6
j  net.sourceforge.tess4j.Tesseract.doOCR(Ljava/awt/image/BufferedImage;)Ljava/lang/String;+3
j  Worker.run()V+46
j  java.util.concurrent.ThreadPoolExecutor.runWorker(Ljava/util/concurrent/ThreadPoolExecutor$Worker;)V+92 java.base@15.0.1
j  java.util.concurrent.ThreadPoolExecutor$Worker.run()V+5 java.base@15.0.1
j  java.lang.Thread.run()V+11 java.base@15.0.1
v  ~StubRoutines::call_stub

siginfo: si_signo: 11 (SIGSEGV), si_code: 1 (SEGV_MAPERR), si_addr: 0x000000000000000c

Register to memory mapping:

RAX=0x0 is NULL
RBX=0x00007f8b1c2d35d0 is pointing into the stack for thread: 0x00007f8b38471930
RCX=0x0 is NULL
RDX=0x0 is NULL
RSP=0x00007f8b1c2d3580 is pointing into the stack for thread: 0x00007f8b38471930
RBP=0x00007f8ad43ea250 points into unknown readable memory: 0x00007f8aafa4e800 | 00 e8 a4 af 8a 7f 00 00
RSI=0x0 is NULL
RDI=0x00007f8b1c2d3690 is pointing into the stack for thread: 0x00007f8b38471930
R8 =0x0 is NULL
R9 =0x0 is NULL
R10=0x00000000ffff8001 points into unknown readable memory: 00 00 00 00 00 00 00
R11=0x00007f8ad44c42c0 points into unknown readable memory: 0x00007f8ad44c10b0 | b0 10 4c d4 8a 7f 00 00
R12=0x00007f8ad44c41a0 points into unknown readable memory: 0x0000000000000000 | 00 00 00 00 00 00 00 00
R13=0x0 is NULL
R14=0x0 is NULL
R15=0x00007f8ad44c41a0 points into unknown readable memory: 0x0000000000000000 | 00 00 00 00 00 00 00 00


Registers:
RAX=0x0000000000000000, RBX=0x00007f8b1c2d35d0, RCX=0x0000000000000000, RDX=0x0000000000000000
RSP=0x00007f8b1c2d3580, RBP=0x00007f8ad43ea250, RSI=0x0000000000000000, RDI=0x00007f8b1c2d3690
R8 =0x0000000000000000, R9 =0x0000000000000000, R10=0x00000000ffff8001, R11=0x00007f8ad44c42c0
R12=0x00007f8ad44c41a0, R13=0x0000000000000000, R14=0x0000000000000000, R15=0x00007f8ad44c41a0
RIP=0x00007f8aaf601ac7, EFLAGS=0x0000000000010246, CSGSFS=0x002b000000000033, ERR=0x0000000000000004
  TRAPNO=0x000000000000000e

Top of Stack: (sp=0x00007f8b1c2d3580)
0x00007f8b1c2d3580:   0000000000000000 0000000000000000
0x00007f8b1c2d3590:   00007f8ad44c4bb0 00007f8ad44b3780
0x00007f8b1c2d35a0:   00007f8ad44c4230 00007f8ad44b3ef0
0x00007f8b1c2d35b0:   0000000000000000 00007f8b1c2d35e0 

Instructions: (pc=0x00007f8aaf601ac7)
0x00007f8aaf6019c7:   00 31 f6 48 89 df e8 1e aa 15 00 49 8d 44 24 40
0x00007f8aaf6019d7:   4c 8d 7c 24 20 48 89 44 24 18 eb 6a 0f 1f 44 00
0x00007f8aaf6019e7:   00 48 8b 90 e8 00 00 00 80 7a 4c 0a 74 7b 48 8b
0x00007f8aaf6019f7:   b8 00 01 00 00 48 85 ff 74 40 48 81 c7 a0 00 00
0x00007f8aaf601a07:   00 e8 13 23 18 00 85 c0 7e 30 48 8b 44 24 70 4c
0x00007f8aaf601a17:   89 ff 48 8b b0 00 01 00 00 48 81 c6 a0 00 00 00
0x00007f8aaf601a27:   e8 e4 21 18 00 48 8b 7c 24 18 4c 89 fe e8 67 d6
0x00007f8aaf601a37:   fe ff 4c 89 ff e8 9f 22 18 00 31 d2 31 f6 48 89
0x00007f8aaf601a47:   df e8 03 a6 15 00 48 8b 44 24 70 48 85 c0 74 49
0x00007f8aaf601a57:   48 8b 50 08 f6 42 13 02 74 87 48 89 de 48 89 ef
0x00007f8aaf601a67:   e8 44 b5 ff ff eb d3 66 90 83 85 e4 4b 00 00 01
0x00007f8aaf601a77:   e9 79 ff ff ff 0f 1f 40 00 48 8b 7c 24 10 88 04
0x00007f8aaf601a87:   24 e8 83 13 00 00 0f b6 04 24 e9 0f fc ff ff 66
0x00007f8aaf601a97:   2e 0f 1f 84 00 00 00 00 00 48 8b 7c 24 10 e8 66
0x00007f8aaf601aa7:   13 00 00 41 83 fe 01 0f 84 ec fb ff ff e9 b9 fa
0x00007f8aaf601ab7:   ff ff 0f 1f 80 00 00 00 00 48 8b 85 10 0b 00 00
0x00007f8aaf601ac7:   80 78 0c 00 0f 84 9f fd ff ff 48 89 ef e8 17 82
0x00007f8aaf601ad7:   0f 00 e9 92 fd ff ff 4c 89 e6 48 89 ef e8 e7 8b
0x00007f8aaf601ae7:   ff ff e9 c5 fa ff ff 4c 89 e6 48 89 ef e8 07 97
0x00007f8aaf601af7:   ff ff e9 c2 fa ff ff 8b 8d f8 4b 00 00 85 c9 0f
0x00007f8aaf601b07:   8e aa fc ff ff 48 8b 95 00 4c 00 00 48 8b 02 83
0x00007f8aaf601b17:   b8 3c 1e 00 00 01 0f 85 c7 fb ff ff 8d 71 ff 48
0x00007f8aaf601b27:   8d 42 08 48 8d 74 f2 08 eb 1b 0f 1f 80 00 00 00
0x00007f8aaf601b37:   00 48 8b 10 48 83 c0 08 83 ba 3c 1e 00 00 01 0f
0x00007f8aaf601b47:   85 9e fb ff ff 48 39 c6 75 e7 e9 60 fc ff ff 48
0x00007f8aaf601b57:   8b 7c 24 10 88 04 24 e8 ad 12 00 00 0f b6 04 24
0x00007f8aaf601b67:   e9 39 fb ff ff 80 bd 62 31 00 00 00 0f 85 a5 fa
0x00007f8aaf601b77:   ff ff 8b b5 14 1e 00 00 48 8d bd c0 3d 00 00 4c
0x00007f8aaf601b87:   89 e2 e8 92 1e 0c 00 31 f6 48 89 df e8 58 a8 15
0x00007f8aaf601b97:   00 48 8b 44 24 70 48 85 c0 0f 85 ba fa ff ff e9
0x00007f8aaf601ba7:   f5 fa ff ff 0f 1f 44 00 00 4c 89 e6 48 89 ef e8
0x00007f8aaf601bb7:   85 4f 04 00 e9 24 fa ff ff e8 cb d4 fd ff 4c 89 


Stack slot to memory mapping:
stack at sp + 0 slots: 0x0 is NULL
stack at sp + 1 slots: 0x0 is NULL
stack at sp + 2 slots: 0x00007f8ad44c4bb0 points into unknown readable memory: 0x00007f8ad44b3780 | 80 37 4b d4 8a 7f 00 00
stack at sp + 3 slots: 0x00007f8ad44b3780 points into unknown readable memory: 0x00007f8ad44b3b30 | 30 3b 4b d4 8a 7f 00 00
stack at sp + 4 slots: 0x00007f8ad44c4230 points into unknown readable memory: 0x00007f8ad44b88d0 | d0 88 4b d4 8a 7f 00 00
stack at sp + 5 slots: 0x00007f8ad44b3ef0 points into unknown readable memory: 0x00007f8ad44b3ef0 | f0 3e 4b d4 8a 7f 00 00
stack at sp + 6 slots: 0x0 is NULL
stack at sp + 7 slots: 0x00007f8b1c2d35e0 is pointing into the stack for thread: 0x00007f8b38471930


---------------  P R O C E S S  ---------------

Threads class SMR info:
_java_thread_list=0x00007f8ad41b02b0, length=18, elements={
0x00007f8b38159680, 0x00007f8b3815ad80, 0x00007f8b38161400, 0x00007f8b38162ad0,
0x00007f8b38164730, 0x00007f8b38165f60, 0x00007f8b38167660, 0x00007f8b38173740,
0x00007f8b38463330, 0x00007f8b38464ae0, 0x00007f8b38471930, 0x00007f8b38472c90,
0x00007f8b38473ee0, 0x00007f8b3802c200, 0x00007f8af0000bc0, 0x00007f8acc020430,
0x00007f8ad40ae520, 0x00007f8ad41aeff0
}

Java Threads: ( => current thread )
  0x00007f8b38159680 JavaThread "Reference Handler" daemon [_thread_blocked, id=4767, stack(0x00007f8b3c195000,0x00007f8b3c296000)]
  0x00007f8b3815ad80 JavaThread "Finalizer" daemon [_thread_blocked, id=4768, stack(0x00007f8b3c094000,0x00007f8b3c195000)]
  0x00007f8b38161400 JavaThread "Signal Dispatcher" daemon [_thread_blocked, id=4769, stack(0x00007f8b1cade000,0x00007f8b1cbdf000)]
  0x00007f8b38162ad0 JavaThread "Service Thread" daemon [_thread_blocked, id=4770, stack(0x00007f8b1c9dd000,0x00007f8b1cade000)]
  0x00007f8b38164730 JavaThread "C2 CompilerThread0" daemon [_thread_in_native, id=4771, stack(0x00007f8b1c8dc000,0x00007f8b1c9dd000)]
  0x00007f8b38165f60 JavaThread "C1 CompilerThread0" daemon [_thread_blocked, id=4772, stack(0x00007f8b1c7db000,0x00007f8b1c8dc000)]
  0x00007f8b38167660 JavaThread "Sweeper thread" daemon [_thread_blocked, id=4773, stack(0x00007f8b1c6da000,0x00007f8b1c7db000)]
  0x00007f8b38173740 JavaThread "Common-Cleaner" daemon [_thread_blocked, id=4774, stack(0x00007f8b1c5d9000,0x00007f8b1c6da000)]
  0x00007f8b38463330 JavaThread "Monitor Ctrl-Break" daemon [_thread_in_native, id=4775, stack(0x00007f8b1c4d8000,0x00007f8b1c5d9000)]
  0x00007f8b38464ae0 JavaThread "Notification Thread" daemon [_thread_blocked, id=4776, stack(0x00007f8b1c3d7000,0x00007f8b1c4d8000)]
=>0x00007f8b38471930 JavaThread "pool-1-thread-1" [_thread_in_native, id=4778, stack(0x00007f8b1c1d5000,0x00007f8b1c2d6000)]
  0x00007f8b38472c90 JavaThread "pool-1-thread-2" [_thread_in_Java, id=4779, stack(0x00007f8b1c0d4000,0x00007f8b1c1d5000)]
  0x00007f8b38473ee0 JavaThread "pool-1-thread-3" [_thread_in_Java, id=4780, stack(0x00007f8b0deff000,0x00007f8b0e000000)]
  0x00007f8b3802c200 JavaThread "DestroyJavaVM" [_thread_blocked, id=4760, stack(0x00007f8b41132000,0x00007f8b41233000)]
  0x00007f8af0000bc0 JavaThread "Attach Listener" daemon [_thread_blocked, id=4787, stack(0x00007f8b0c567000,0x00007f8b0c668000)]
  0x00007f8acc020430 JavaThread "Java2D Disposer" daemon [_thread_blocked, id=4788, stack(0x00007f8b0c466000,0x00007f8b0c567000)]
  0x00007f8ad40ae520 JavaThread "Keep-Alive-Timer" daemon [_thread_blocked, id=4793, stack(0x00007f8aafeff000,0x00007f8ab0000000)]
  0x00007f8ad41aeff0 JavaThread "process reaper" daemon [_thread_blocked, id=4795, stack(0x00007f8b1c0b2000,0x00007f8b1c0d4000)]

Other Threads:
  0x00007f8b38156a60 VMThread "VM Thread" [stack: 0x00007f8b3c297000,0x00007f8b3c397000] [id=4766]
  0x00007f8b38466b10 WatcherThread [stack: 0x00007f8b1c2d7000,0x00007f8b1c3d7000] [id=4777]
  0x00007f8b38069900 GCTaskThread "GC Thread#0" [stack: 0x00007f8b3d4bf000,0x00007f8b3d5bf000] [id=4761]
  0x00007f8b04000aa0 GCTaskThread "GC Thread#1" [stack: 0x00007f8b0c366000,0x00007f8b0c466000] [id=4789]
  0x00007f8b04001800 GCTaskThread "GC Thread#2" [stack: 0x00007f8b0c265000,0x00007f8b0c365000] [id=4790]
  0x00007f8b04002590 GCTaskThread "GC Thread#3" [stack: 0x00007f8b0c164000,0x00007f8b0c264000] [id=4791]
  0x00007f8b3807abe0 ConcurrentGCThread "G1 Main Marker" [stack: 0x00007f8b3d3be000,0x00007f8b3d4be000] [id=4762]
  0x00007f8b3807be70 ConcurrentGCThread "G1 Conc#0" [stack: 0x00007f8b3d2bd000,0x00007f8b3d3bd000] [id=4763]
  0x00007f8b380e2d80 ConcurrentGCThread "G1 Refine#0" [stack: 0x00007f8b3cdb8000,0x00007f8b3ceb8000] [id=4764]
  0x00007f8b08000a80 ConcurrentGCThread "G1 Refine#1" [stack: 0x00007f8b0c063000,0x00007f8b0c163000] [id=4792]
  0x00007f8b380e3f90 ConcurrentGCThread "G1 Young RemSet Sampling" [stack: 0x00007f8b3ccb7000,0x00007f8b3cdb7000] [id=4765]

Threads with active compile tasks:
C2 CompilerThread0     1492  961       4       sun.awt.image.ByteInterleavedRaster::getByteData (851 bytes)

VM state: not at safepoint (normal execution)

VM Mutex/Monitor currently owned by a thread: None

Heap address: 0x0000000083400000, size: 1996 MB, Compressed Oops mode: 32-bit
CDS archive(s) mapped at: [0x0000000800000000-0x0000000800b33000-0x0000000800b33000), size 11743232, SharedBaseAddress: 0x0000000800000000, ArchiveRelocationMode: 0.
Compressed class space mapped at: 0x0000000800b34000-0x0000000840b34000, size: 1073741824
Narrow klass base: 0x0000000800000000, Narrow klass shift: 3, Narrow klass range: 0x100000000

GC Precious Log:
 CPUs: 4 total, 4 available
 Memory: 7976M
 Large Page Support: Disabled
 NUMA Support: Disabled
 Compressed Oops: Enabled (32-bit)
 Heap Region Size: 1M
 Heap Min Capacity: 8M
 Heap Initial Capacity: 126M
 Heap Max Capacity: 1996M
 Pre-touch: Disabled
 Parallel Workers: 4
 Concurrent Workers: 1
 Concurrent Refinement Workers: 4
 Periodic GC: Disabled

Heap:
 garbage-first heap   total 131072K, used 29518K [0x0000000083400000, 0x0000000100000000)
  region size 1024K, 8 young (8192K), 2 survivors (2048K)
 Metaspace       used 6376K, capacity 6517K, committed 6656K, reserved 1056768K
  class space    used 631K, capacity 697K, committed 768K, reserved 1048576K

Heap Regions: E=young(eden), S=young(survivor), O=old, HS=humongous(starts), HC=humongous(continues), CS=collection set, F=free, OA=open archive, CA=closed archive, TAMS=top-at-mark-start (previous, next)
|   0|0x0000000083400000, 0x0000000083500000, 0x0000000083500000|100%|HS|  |TAMS 0x0000000083400000, 0x0000000083400000| Complete 
|   1|0x0000000083500000, 0x0000000083600000, 0x0000000083600000|100%|HS|  |TAMS 0x0000000083500000, 0x0000000083500000| Complete 
|   2|0x0000000083600000, 0x0000000083700000, 0x0000000083700000|100%|HC|  |TAMS 0x0000000083600000, 0x0000000083600000| Complete 
|   3|0x0000000083700000, 0x0000000083800000, 0x0000000083800000|100%|HS|  |TAMS 0x0000000083700000, 0x0000000083700000| Complete 
|   4|0x0000000083800000, 0x0000000083900000, 0x0000000083900000|100%|HC|  |TAMS 0x0000000083800000, 0x0000000083800000| Complete 
|   5|0x0000000083900000, 0x0000000083a00000, 0x0000000083a00000|100%|HS|  |TAMS 0x0000000083900000, 0x0000000083900000| Complete 
|   6|0x0000000083a00000, 0x0000000083b00000, 0x0000000083b00000|100%|HC|  |TAMS 0x0000000083a00000, 0x0000000083a00000| Complete 
|   7|0x0000000083b00000, 0x0000000083c00000, 0x0000000083c00000|100%| O|  |TAMS 0x0000000083b00000, 0x0000000083b00000| Untracked 
|   8|0x0000000083c00000, 0x0000000083d00000, 0x0000000083d00000|100%| O|  |TAMS 0x0000000083c00000, 0x0000000083c00000| Untracked 
|   9|0x0000000083d00000, 0x0000000083d05a00, 0x0000000083e00000|  2%| O|  |TAMS 0x0000000083d00000, 0x0000000083d00000| Untracked 
|  10|0x0000000083e00000, 0x0000000083f00000, 0x0000000083f00000|100%|HS|  |TAMS 0x0000000083e00000, 0x0000000083e00000| Complete 
|  11|0x0000000083f00000, 0x0000000084000000, 0x0000000084000000|100%|HC|  |TAMS 0x0000000083f00000, 0x0000000083f00000| Complete 
|  12|0x0000000084000000, 0x0000000084100000, 0x0000000084100000|100%|HS|  |TAMS 0x0000000084000000, 0x0000000084000000| Complete 
|  13|0x0000000084100000, 0x0000000084200000, 0x0000000084200000|100%|HC|  |TAMS 0x0000000084100000, 0x0000000084100000| Complete 
|  14|0x0000000084200000, 0x0000000084300000, 0x0000000084300000|100%|HS|  |TAMS 0x0000000084200000, 0x0000000084200000| Complete 
|  15|0x0000000084300000, 0x0000000084400000, 0x0000000084400000|100%|HC|  |TAMS 0x0000000084300000, 0x0000000084300000| Complete 
|  16|0x0000000084400000, 0x0000000084500000, 0x0000000084500000|100%|HS|  |TAMS 0x0000000084400000, 0x0000000084400000| Complete 
|  17|0x0000000084500000, 0x0000000084600000, 0x0000000084600000|100%|HC|  |TAMS 0x0000000084500000, 0x0000000084500000| Complete 
|  18|0x0000000084600000, 0x0000000084700000, 0x0000000084700000|100%|HS|  |TAMS 0x0000000084600000, 0x0000000084600000| Complete 
|  19|0x0000000084700000, 0x0000000084800000, 0x0000000084800000|100%|HC|  |TAMS 0x0000000084700000, 0x0000000084700000| Complete 
|  20|0x0000000084800000, 0x0000000084900000, 0x0000000084900000|100%|HS|  |TAMS 0x0000000084800000, 0x0000000084800000| Complete 
|  21|0x0000000084900000, 0x0000000084a00000, 0x0000000084a00000|100%|HC|  |TAMS 0x0000000084900000, 0x0000000084900000| Complete 
|  22|0x0000000084a00000, 0x0000000084a00000, 0x0000000084b00000|  0%| F|  |TAMS 0x0000000084a00000, 0x0000000084a00000| Untracked 
|  23|0x0000000084b00000, 0x0000000084b00000, 0x0000000084c00000|  0%| F|  |TAMS 0x0000000084b00000, 0x0000000084b00000| Untracked 
|  24|0x0000000084c00000, 0x0000000084c00000, 0x0000000084d00000|  0%| F|  |TAMS 0x0000000084c00000, 0x0000000084c00000| Untracked 
|  25|0x0000000084d00000, 0x0000000084d00000, 0x0000000084e00000|  0%| F|  |TAMS 0x0000000084d00000, 0x0000000084d00000| Untracked 
|  26|0x0000000084e00000, 0x0000000084e00000, 0x0000000084f00000|  0%| F|  |TAMS 0x0000000084e00000, 0x0000000084e00000| Untracked 
|  27|0x0000000084f00000, 0x0000000084f00000, 0x0000000085000000|  0%| F|  |TAMS 0x0000000084f00000, 0x0000000084f00000| Untracked 
|  28|0x0000000085000000, 0x0000000085000000, 0x0000000085100000|  0%| F|  |TAMS 0x0000000085000000, 0x0000000085000000| Untracked 
|  29|0x0000000085100000, 0x0000000085100000, 0x0000000085200000|  0%| F|  |TAMS 0x0000000085100000, 0x0000000085100000| Untracked 
|  30|0x0000000085200000, 0x0000000085200000, 0x0000000085300000|  0%| F|  |TAMS 0x0000000085200000, 0x0000000085200000| Untracked 
|  31|0x0000000085300000, 0x0000000085300000, 0x0000000085400000|  0%| F|  |TAMS 0x0000000085300000, 0x0000000085300000| Untracked 
|  32|0x0000000085400000, 0x0000000085400000, 0x0000000085500000|  0%| F|  |TAMS 0x0000000085400000, 0x0000000085400000| Untracked 
|  33|0x0000000085500000, 0x0000000085500000, 0x0000000085600000|  0%| F|  |TAMS 0x0000000085500000, 0x0000000085500000| Untracked 
|  34|0x0000000085600000, 0x0000000085600000, 0x0000000085700000|  0%| F|  |TAMS 0x0000000085600000, 0x0000000085600000| Untracked 
|  35|0x0000000085700000, 0x0000000085700000, 0x0000000085800000|  0%| F|  |TAMS 0x0000000085700000, 0x0000000085700000| Untracked 
|  36|0x0000000085800000, 0x0000000085800000, 0x0000000085900000|  0%| F|  |TAMS 0x0000000085800000, 0x0000000085800000| Untracked 
|  37|0x0000000085900000, 0x0000000085900000, 0x0000000085a00000|  0%| F|  |TAMS 0x0000000085900000, 0x0000000085900000| Untracked 
|  38|0x0000000085a00000, 0x0000000085a00000, 0x0000000085b00000|  0%| F|  |TAMS 0x0000000085a00000, 0x0000000085a00000| Untracked 
|  39|0x0000000085b00000, 0x0000000085b00000, 0x0000000085c00000|  0%| F|  |TAMS 0x0000000085b00000, 0x0000000085b00000| Untracked 
|  40|0x0000000085c00000, 0x0000000085c00000, 0x0000000085d00000|  0%| F|  |TAMS 0x0000000085c00000, 0x0000000085c00000| Untracked 
|  41|0x0000000085d00000, 0x0000000085d00000, 0x0000000085e00000|  0%| F|  |TAMS 0x0000000085d00000, 0x0000000085d00000| Untracked 
|  42|0x0000000085e00000, 0x0000000085e00000, 0x0000000085f00000|  0%| F|  |TAMS 0x0000000085e00000, 0x0000000085e00000| Untracked 
|  43|0x0000000085f00000, 0x0000000085f00000, 0x0000000086000000|  0%| F|  |TAMS 0x0000000085f00000, 0x0000000085f00000| Untracked 
|  44|0x0000000086000000, 0x0000000086000000, 0x0000000086100000|  0%| F|  |TAMS 0x0000000086000000, 0x0000000086000000| Untracked 
|  45|0x0000000086100000, 0x0000000086100000, 0x0000000086200000|  0%| F|  |TAMS 0x0000000086100000, 0x0000000086100000| Untracked 
|  46|0x0000000086200000, 0x0000000086200000, 0x0000000086300000|  0%| F|  |TAMS 0x0000000086200000, 0x0000000086200000| Untracked 
|  47|0x0000000086300000, 0x0000000086300000, 0x0000000086400000|  0%| F|  |TAMS 0x0000000086300000, 0x0000000086300000| Untracked 
|  48|0x0000000086400000, 0x0000000086400000, 0x0000000086500000|  0%| F|  |TAMS 0x0000000086400000, 0x0000000086400000| Untracked 
|  49|0x0000000086500000, 0x0000000086500000, 0x0000000086600000|  0%| F|  |TAMS 0x0000000086500000, 0x0000000086500000| Untracked 
|  50|0x0000000086600000, 0x0000000086600000, 0x0000000086700000|  0%| F|  |TAMS 0x0000000086600000, 0x0000000086600000| Untracked 
|  51|0x0000000086700000, 0x0000000086700000, 0x0000000086800000|  0%| F|  |TAMS 0x0000000086700000, 0x0000000086700000| Untracked 
|  52|0x0000000086800000, 0x0000000086800000, 0x0000000086900000|  0%| F|  |TAMS 0x0000000086800000, 0x0000000086800000| Untracked 
|  53|0x0000000086900000, 0x0000000086900000, 0x0000000086a00000|  0%| F|  |TAMS 0x0000000086900000, 0x0000000086900000| Untracked 
|  54|0x0000000086a00000, 0x0000000086a00000, 0x0000000086b00000|  0%| F|  |TAMS 0x0000000086a00000, 0x0000000086a00000| Untracked 
|  55|0x0000000086b00000, 0x0000000086b00000, 0x0000000086c00000|  0%| F|  |TAMS 0x0000000086b00000, 0x0000000086b00000| Untracked 
|  56|0x0000000086c00000, 0x0000000086c00000, 0x0000000086d00000|  0%| F|  |TAMS 0x0000000086c00000, 0x0000000086c00000| Untracked 
|  57|0x0000000086d00000, 0x0000000086d00000, 0x0000000086e00000|  0%| F|  |TAMS 0x0000000086d00000, 0x0000000086d00000| Untracked 
|  58|0x0000000086e00000, 0x0000000086e00000, 0x0000000086f00000|  0%| F|  |TAMS 0x0000000086e00000, 0x0000000086e00000| Untracked 
|  59|0x0000000086f00000, 0x0000000086f00000, 0x0000000087000000|  0%| F|  |TAMS 0x0000000086f00000, 0x0000000086f00000| Untracked 
|  60|0x0000000087000000, 0x0000000087000000, 0x0000000087100000|  0%| F|  |TAMS 0x0000000087000000, 0x0000000087000000| Untracked 
|  61|0x0000000087100000, 0x0000000087100000, 0x0000000087200000|  0%| F|  |TAMS 0x0000000087100000, 0x0000000087100000| Untracked 
|  62|0x0000000087200000, 0x0000000087200000, 0x0000000087300000|  0%| F|  |TAMS 0x0000000087200000, 0x0000000087200000| Untracked 
|  63|0x0000000087300000, 0x0000000087300000, 0x0000000087400000|  0%| F|  |TAMS 0x0000000087300000, 0x0000000087300000| Untracked 
|  64|0x0000000087400000, 0x0000000087400000, 0x0000000087500000|  0%| F|  |TAMS 0x0000000087400000, 0x0000000087400000| Untracked 
|  65|0x0000000087500000, 0x0000000087500000, 0x0000000087600000|  0%| F|  |TAMS 0x0000000087500000, 0x0000000087500000| Untracked 
|  66|0x0000000087600000, 0x0000000087600000, 0x0000000087700000|  0%| F|  |TAMS 0x0000000087600000, 0x0000000087600000| Untracked 
|  67|0x0000000087700000, 0x0000000087700000, 0x0000000087800000|  0%| F|  |TAMS 0x0000000087700000, 0x0000000087700000| Untracked 
|  68|0x0000000087800000, 0x0000000087800000, 0x0000000087900000|  0%| F|  |TAMS 0x0000000087800000, 0x0000000087800000| Untracked 
|  69|0x0000000087900000, 0x0000000087900000, 0x0000000087a00000|  0%| F|  |TAMS 0x0000000087900000, 0x0000000087900000| Untracked 
|  70|0x0000000087a00000, 0x0000000087a00000, 0x0000000087b00000|  0%| F|  |TAMS 0x0000000087a00000, 0x0000000087a00000| Untracked 
|  71|0x0000000087b00000, 0x0000000087b00000, 0x0000000087c00000|  0%| F|  |TAMS 0x0000000087b00000, 0x0000000087b00000| Untracked 
|  72|0x0000000087c00000, 0x0000000087c00000, 0x0000000087d00000|  0%| F|  |TAMS 0x0000000087c00000, 0x0000000087c00000| Untracked 
|  73|0x0000000087d00000, 0x0000000087d00000, 0x0000000087e00000|  0%| F|  |TAMS 0x0000000087d00000, 0x0000000087d00000| Untracked 
|  74|0x0000000087e00000, 0x0000000087e00000, 0x0000000087f00000|  0%| F|  |TAMS 0x0000000087e00000, 0x0000000087e00000| Untracked 
|  75|0x0000000087f00000, 0x0000000087f00000, 0x0000000088000000|  0%| F|  |TAMS 0x0000000087f00000, 0x0000000087f00000| Untracked 
|  76|0x0000000088000000, 0x0000000088000000, 0x0000000088100000|  0%| F|  |TAMS 0x0000000088000000, 0x0000000088000000| Untracked 
|  77|0x0000000088100000, 0x0000000088100000, 0x0000000088200000|  0%| F|  |TAMS 0x0000000088100000, 0x0000000088100000| Untracked 
|  78|0x0000000088200000, 0x0000000088200000, 0x0000000088300000|  0%| F|  |TAMS 0x0000000088200000, 0x0000000088200000| Untracked 
|  79|0x0000000088300000, 0x0000000088300000, 0x0000000088400000|  0%| F|  |TAMS 0x0000000088300000, 0x0000000088300000| Untracked 
|  80|0x0000000088400000, 0x0000000088400000, 0x0000000088500000|  0%| F|  |TAMS 0x0000000088400000, 0x0000000088400000| Untracked 
|  81|0x0000000088500000, 0x0000000088500000, 0x0000000088600000|  0%| F|  |TAMS 0x0000000088500000, 0x0000000088500000| Untracked 
|  82|0x0000000088600000, 0x0000000088600000, 0x0000000088700000|  0%| F|  |TAMS 0x0000000088600000, 0x0000000088600000| Untracked 
|  83|0x0000000088700000, 0x0000000088700000, 0x0000000088800000|  0%| F|  |TAMS 0x0000000088700000, 0x0000000088700000| Untracked 
|  84|0x0000000088800000, 0x0000000088800000, 0x0000000088900000|  0%| F|  |TAMS 0x0000000088800000, 0x0000000088800000| Untracked 
|  85|0x0000000088900000, 0x0000000088900000, 0x0000000088a00000|  0%| F|  |TAMS 0x0000000088900000, 0x0000000088900000| Untracked 
|  86|0x0000000088a00000, 0x0000000088a00000, 0x0000000088b00000|  0%| F|  |TAMS 0x0000000088a00000, 0x0000000088a00000| Untracked 
|  87|0x0000000088b00000, 0x0000000088b00000, 0x0000000088c00000|  0%| F|  |TAMS 0x0000000088b00000, 0x0000000088b00000| Untracked 
|  88|0x0000000088c00000, 0x0000000088c00000, 0x0000000088d00000|  0%| F|  |TAMS 0x0000000088c00000, 0x0000000088c00000| Untracked 
|  89|0x0000000088d00000, 0x0000000088d00000, 0x0000000088e00000|  0%| F|  |TAMS 0x0000000088d00000, 0x0000000088d00000| Untracked 
|  90|0x0000000088e00000, 0x0000000088e00000, 0x0000000088f00000|  0%| F|  |TAMS 0x0000000088e00000, 0x0000000088e00000| Untracked 
|  91|0x0000000088f00000, 0x0000000088f00000, 0x0000000089000000|  0%| F|  |TAMS 0x0000000088f00000, 0x0000000088f00000| Untracked 
|  92|0x0000000089000000, 0x0000000089000000, 0x0000000089100000|  0%| F|  |TAMS 0x0000000089000000, 0x0000000089000000| Untracked 
|  93|0x0000000089100000, 0x0000000089100000, 0x0000000089200000|  0%| F|  |TAMS 0x0000000089100000, 0x0000000089100000| Untracked 
|  94|0x0000000089200000, 0x0000000089200000, 0x0000000089300000|  0%| F|  |TAMS 0x0000000089200000, 0x0000000089200000| Untracked 
|  95|0x0000000089300000, 0x0000000089300000, 0x0000000089400000|  0%| F|  |TAMS 0x0000000089300000, 0x0000000089300000| Untracked 
|  96|0x0000000089400000, 0x0000000089400000, 0x0000000089500000|  0%| F|  |TAMS 0x0000000089400000, 0x0000000089400000| Untracked 
|  97|0x0000000089500000, 0x0000000089500000, 0x0000000089600000|  0%| F|  |TAMS 0x0000000089500000, 0x0000000089500000| Untracked 
|  98|0x0000000089600000, 0x0000000089600000, 0x0000000089700000|  0%| F|  |TAMS 0x0000000089600000, 0x0000000089600000| Untracked 
|  99|0x0000000089700000, 0x0000000089700000, 0x0000000089800000|  0%| F|  |TAMS 0x0000000089700000, 0x0000000089700000| Untracked 
| 100|0x0000000089800000, 0x0000000089800000, 0x0000000089900000|  0%| F|  |TAMS 0x0000000089800000, 0x0000000089800000| Untracked 
| 101|0x0000000089900000, 0x0000000089900000, 0x0000000089a00000|  0%| F|  |TAMS 0x0000000089900000, 0x0000000089900000| Untracked 
| 102|0x0000000089a00000, 0x0000000089a00000, 0x0000000089b00000|  0%| F|  |TAMS 0x0000000089a00000, 0x0000000089a00000| Untracked 
| 103|0x0000000089b00000, 0x0000000089b00000, 0x0000000089c00000|  0%| F|  |TAMS 0x0000000089b00000, 0x0000000089b00000| Untracked 
| 104|0x0000000089c00000, 0x0000000089c00000, 0x0000000089d00000|  0%| F|  |TAMS 0x0000000089c00000, 0x0000000089c00000| Untracked 
| 105|0x0000000089d00000, 0x0000000089d00000, 0x0000000089e00000|  0%| F|  |TAMS 0x0000000089d00000, 0x0000000089d00000| Untracked 
| 106|0x0000000089e00000, 0x0000000089e00000, 0x0000000089f00000|  0%| F|  |TAMS 0x0000000089e00000, 0x0000000089e00000| Untracked 
| 107|0x0000000089f00000, 0x0000000089f00000, 0x000000008a000000|  0%| F|  |TAMS 0x0000000089f00000, 0x0000000089f00000| Untracked 
| 108|0x000000008a000000, 0x000000008a000000, 0x000000008a100000|  0%| F|  |TAMS 0x000000008a000000, 0x000000008a000000| Untracked 
| 109|0x000000008a100000, 0x000000008a100000, 0x000000008a200000|  0%| F|  |TAMS 0x000000008a100000, 0x000000008a100000| Untracked 
| 110|0x000000008a200000, 0x000000008a200000, 0x000000008a300000|  0%| F|  |TAMS 0x000000008a200000, 0x000000008a200000| Untracked 
| 111|0x000000008a300000, 0x000000008a400000, 0x000000008a400000|100%| S|CS|TAMS 0x000000008a300000, 0x000000008a300000| Complete 
| 112|0x000000008a400000, 0x000000008a500000, 0x000000008a500000|100%| S|CS|TAMS 0x000000008a400000, 0x000000008a400000| Complete 
| 113|0x000000008a500000, 0x000000008a500000, 0x000000008a600000|  0%| F|  |TAMS 0x000000008a500000, 0x000000008a500000| Untracked 
| 114|0x000000008a600000, 0x000000008a600000, 0x000000008a700000|  0%| F|  |TAMS 0x000000008a600000, 0x000000008a600000| Untracked 
| 115|0x000000008a700000, 0x000000008a700000, 0x000000008a800000|  0%| F|  |TAMS 0x000000008a700000, 0x000000008a700000| Untracked 
| 116|0x000000008a800000, 0x000000008a800000, 0x000000008a900000|  0%| F|  |TAMS 0x000000008a800000, 0x000000008a800000| Untracked 
| 117|0x000000008a900000, 0x000000008a900000, 0x000000008aa00000|  0%| F|  |TAMS 0x000000008a900000, 0x000000008a900000| Untracked 
| 118|0x000000008aa00000, 0x000000008aa00000, 0x000000008ab00000|  0%| F|  |TAMS 0x000000008aa00000, 0x000000008aa00000| Untracked 
| 119|0x000000008ab00000, 0x000000008ab00000, 0x000000008ac00000|  0%| F|  |TAMS 0x000000008ab00000, 0x000000008ab00000| Untracked 
| 120|0x000000008ac00000, 0x000000008acfa1a0, 0x000000008ad00000| 97%| E|  |TAMS 0x000000008ac00000, 0x000000008ac00000| Complete 
| 121|0x000000008ad00000, 0x000000008ae00000, 0x000000008ae00000|100%| E|CS|TAMS 0x000000008ad00000, 0x000000008ad00000| Complete 
| 122|0x000000008ae00000, 0x000000008af00000, 0x000000008af00000|100%| E|CS|TAMS 0x000000008ae00000, 0x000000008ae00000| Complete 
| 123|0x000000008af00000, 0x000000008b000000, 0x000000008b000000|100%| E|CS|TAMS 0x000000008af00000, 0x000000008af00000| Complete 
| 124|0x000000008b000000, 0x000000008b100000, 0x000000008b100000|100%| E|CS|TAMS 0x000000008b000000, 0x000000008b000000| Complete 
| 125|0x000000008b100000, 0x000000008b200000, 0x000000008b200000|100%| E|CS|TAMS 0x000000008b100000, 0x000000008b100000| Complete 
|1994|0x00000000ffe00000, 0x00000000ffe52000, 0x00000000fff00000| 32%|OA|  |TAMS 0x00000000ffe00000, 0x00000000ffe00000| Untracked 
|1995|0x00000000fff00000, 0x00000000fff7c000, 0x0000000100000000| 48%|CA|  |TAMS 0x00000000fff00000, 0x00000000fff00000| Untracked 

Card table byte_map: [0x00007f8b3d9a5000,0x00007f8b3dd8b000] _byte_map_base: 0x00007f8b3d58b000

Marking Bits (Prev, Next): (CMBitMap*) 0x00007f8b3806a6a0, (CMBitMap*) 0x00007f8b3806a6e0
 Prev Bits: [0x00007f8b1ede8000, 0x00007f8b20d18000)
 Next Bits: [0x00007f8b1ceb8000, 0x00007f8b1ede8000)

Polling page: 0x00007f8b41264000

Metaspace:

Usage:
  Non-class:      5.68 MB capacity,     5.61 MB ( 99%) used,    67.55 KB (  1%) free+waste,     7.50 KB ( <1%) overhead. 
      Class:    697.00 KB capacity,   631.26 KB ( 91%) used,    62.18 KB (  9%) free+waste,     3.56 KB ( <1%) overhead. 
       Both:      6.36 MB capacity,     6.23 MB ( 98%) used,   129.73 KB (  2%) free+waste,    11.06 KB ( <1%) overhead. 

Virtual space:
  Non-class space:        8.00 MB reserved,       5.75 MB ( 72%) committed 
      Class space:        1.00 GB reserved,     768.00 KB ( <1%) committed 
             Both:        1.01 GB reserved,       6.50 MB ( <1%) committed 

Chunk freelists:
   Non-Class:  52.00 KB
       Class:  23.00 KB
        Both:  75.00 KB

MaxMetaspaceSize: 17179869184.00 GB
CompressedClassSpaceSize: 1.00 GB

CodeHeap 'non-profiled nmethods': size=120032Kb used=336Kb max_used=336Kb free=119695Kb
 bounds [0x00007f8b287e0000, 0x00007f8b28a50000, 0x00007f8b2fd18000]
CodeHeap 'profiled nmethods': size=120028Kb used=1615Kb max_used=1615Kb free=118412Kb
 bounds [0x00007f8b212a9000, 0x00007f8b21519000, 0x00007f8b287e0000]
CodeHeap 'non-nmethods': size=5700Kb used=1192Kb max_used=1220Kb free=4507Kb
 bounds [0x00007f8b20d18000, 0x00007f8b20f88000, 0x00007f8b212a9000]
 total_blobs=1413 nmethods=952 adapters=375
 compilation: enabled
              stopped_count=0, restarted_count=0
 full_count=0

Compilation events (20 events):
Event: 1.446 Thread 0x00007f8b38165f60  958       2       java.lang.System$2::findBootstrapClassOrNull (6 bytes)
Event: 1.446 Thread 0x00007f8b38165f60 nmethod 958 0x00007f8b2143b610 code [0x00007f8b2143b7c0, 0x00007f8b2143b930]
Event: 1.446 Thread 0x00007f8b38165f60  955       2       jdk.internal.ref.PhantomCleanable::clean (16 bytes)
Event: 1.446 Thread 0x00007f8b38165f60 nmethod 955 0x00007f8b2143ba10 code [0x00007f8b2143bbc0, 0x00007f8b2143bd30]
Event: 1.446 Thread 0x00007f8b38165f60  956       2       jdk.internal.ref.CleanerImpl$PhantomCleanableRef::performCleanup (10 bytes)
Event: 1.446 Thread 0x00007f8b38165f60 nmethod 956 0x00007f8b2143be10 code [0x00007f8b2143bfa0, 0x00007f8b2143c0c0]
Event: 1.446 Thread 0x00007f8b38165f60  944       3       java.lang.Class::reflectionData (43 bytes)
Event: 1.447 Thread 0x00007f8b38165f60 nmethod 944 0x00007f8b2143c190 code [0x00007f8b2143c340, 0x00007f8b2143c730]
Event: 1.452 Thread 0x00007f8b38164730 nmethod 875% 0x00007f8b2882ef90 code [0x00007f8b2882f1a0, 0x00007f8b28830ca8]
Event: 1.452 Thread 0x00007f8b38164730  885       4       java.util.HashMap::getNode (150 bytes)
Event: 1.459 Thread 0x00007f8b38164730 nmethod 885 0x00007f8b28831710 code [0x00007f8b288318c0, 0x00007f8b28831da8]
Event: 1.459 Thread 0x00007f8b38164730  959 %     4       sun.awt.image.ByteInterleavedRaster::getByteData @ 646 (851 bytes)
Event: 1.472 Thread 0x00007f8b38165f60  960       3       jdk.internal.loader.BuiltinClassLoader::loadClass (22 bytes)
Event: 1.472 Thread 0x00007f8b38165f60 nmethod 960 0x00007f8b2143c890 code [0x00007f8b2143ca40, 0x00007f8b2143cd10]
Event: 1.476 Thread 0x00007f8b38164730 nmethod 959% 0x00007f8b28832090 code [0x00007f8b28832220, 0x00007f8b28832c18]
Event: 1.476 Thread 0x00007f8b38164730  952       4       java.lang.PublicMethods$Key::matches (31 bytes)
Event: 1.481 Thread 0x00007f8b38164730 nmethod 952 0x00007f8b28832f10 code [0x00007f8b288330a0, 0x00007f8b288333f8]
Event: 1.481 Thread 0x00007f8b38164730  879       4       java.lang.StringBuilder::append (8 bytes)
Event: 1.487 Thread 0x00007f8b38164730 nmethod 879 0x00007f8b28833690 code [0x00007f8b28833820, 0x00007f8b28833eb8]
Event: 1.487 Thread 0x00007f8b38164730  961       4       sun.awt.image.ByteInterleavedRaster::getByteData (851 bytes)

GC Heap History (2 events):
Event: 1.244 GC heap before
{Heap before GC invocations=0 (full 0):
 garbage-first heap   total 131072K, used 21304K [0x0000000083400000, 0x0000000100000000)
  region size 1024K, 13 young (13312K), 0 survivors (0K)
 Metaspace       used 5283K, capacity 5584K, committed 5760K, reserved 1056768K
  class space    used 519K, capacity 562K, committed 640K, reserved 1048576K
}
Event: 1.259 GC heap after
{Heap after GC invocations=1 (full 0):
 garbage-first heap   total 131072K, used 12110K [0x0000000083400000, 0x0000000100000000)
  region size 1024K, 2 young (2048K), 2 survivors (2048K)
 Metaspace       used 5283K, capacity 5584K, committed 5760K, reserved 1056768K
  class space    used 519K, capacity 562K, committed 640K, reserved 1048576K
}

Deoptimization events (20 events):
Event: 1.486 Thread 0x00007f8b38473ee0 DEOPT PACKING pc=0x00007f8b213e1508 sp=0x00007f8b0dffe430
Event: 1.486 Thread 0x00007f8b38473ee0 DEOPT UNPACKING pc=0x00007f8b20d65f2b sp=0x00007f8b0dffd908 mode 0
Event: 1.486 Thread 0x00007f8b38473ee0 DEOPT PACKING pc=0x00007f8b213e1508 sp=0x00007f8b0dffe430
Event: 1.486 Thread 0x00007f8b38473ee0 DEOPT UNPACKING pc=0x00007f8b20d65f2b sp=0x00007f8b0dffd908 mode 0
Event: 1.486 Thread 0x00007f8b38473ee0 DEOPT PACKING pc=0x00007f8b213e1508 sp=0x00007f8b0dffe430
Event: 1.486 Thread 0x00007f8b38473ee0 DEOPT UNPACKING pc=0x00007f8b20d65f2b sp=0x00007f8b0dffd908 mode 0
Event: 1.487 Thread 0x00007f8b38473ee0 DEOPT PACKING pc=0x00007f8b213e1508 sp=0x00007f8b0dffe430
Event: 1.487 Thread 0x00007f8b38473ee0 DEOPT UNPACKING pc=0x00007f8b20d65f2b sp=0x00007f8b0dffd908 mode 0
Event: 1.487 Thread 0x00007f8b38473ee0 DEOPT PACKING pc=0x00007f8b213e1508 sp=0x00007f8b0dffe430
Event: 1.487 Thread 0x00007f8b38473ee0 DEOPT UNPACKING pc=0x00007f8b20d65f2b sp=0x00007f8b0dffd908 mode 0
Event: 1.487 Thread 0x00007f8b38473ee0 DEOPT PACKING pc=0x00007f8b213e1508 sp=0x00007f8b0dffe430
Event: 1.487 Thread 0x00007f8b38473ee0 DEOPT UNPACKING pc=0x00007f8b20d65f2b sp=0x00007f8b0dffd908 mode 0
Event: 1.487 Thread 0x00007f8b38473ee0 DEOPT PACKING pc=0x00007f8b213e1508 sp=0x00007f8b0dffe430
Event: 1.487 Thread 0x00007f8b38473ee0 DEOPT UNPACKING pc=0x00007f8b20d65f2b sp=0x00007f8b0dffd908 mode 0
Event: 1.487 Thread 0x00007f8b38473ee0 DEOPT PACKING pc=0x00007f8b213e1508 sp=0x00007f8b0dffe430
Event: 1.487 Thread 0x00007f8b38473ee0 DEOPT UNPACKING pc=0x00007f8b20d65f2b sp=0x00007f8b0dffd908 mode 0
Event: 1.488 Thread 0x00007f8b38473ee0 DEOPT PACKING pc=0x00007f8b213e1508 sp=0x00007f8b0dffe430
Event: 1.488 Thread 0x00007f8b38473ee0 DEOPT UNPACKING pc=0x00007f8b20d65f2b sp=0x00007f8b0dffd908 mode 0
Event: 1.488 Thread 0x00007f8b38473ee0 DEOPT PACKING pc=0x00007f8b213e1508 sp=0x00007f8b0dffe430
Event: 1.488 Thread 0x00007f8b38473ee0 DEOPT UNPACKING pc=0x00007f8b20d65f2b sp=0x00007f8b0dffd908 mode 0

Classes unloaded (0 events):
No events

Classes redefined (0 events):
No events

Internal exceptions (19 events):
Event: 0.217 Thread 0x00007f8b3802c200 Implicit null exception at 0x00007f8b287e9cb5 to 0x00007f8b287e9e18
Event: 0.312 Thread 0x00007f8b38463330 Exception <a 'java/lang/NoSuchMethodError'{0x000000008aedb688}: 'java.lang.Object java.lang.invoke.DirectMethodHandle$Holder.invokeStatic(java.lang.Object)'> (0x000000008aedb688) 
thrown [open/src/hotspot/share/interpreter/linkResolver.cpp, line 781]
Event: 0.313 Thread 0x00007f8b38463330 Exception <a 'java/lang/NoSuchMethodError'{0x000000008aedee70}: 'java.lang.Object java.lang.invoke.DirectMethodHandle$Holder.invokeStaticInit(java.lang.Object)'> (0x000000008aedee70) 
thrown [open/src/hotspot/share/interpreter/linkResolver.cpp, line 781]
Event: 0.330 Thread 0x00007f8b38463330 Exception <a 'java/lang/NoSuchMethodError'{0x000000008aeeccd0}: 'void java.lang.invoke.DirectMethodHandle$Holder.invokeStatic(java.lang.Object, java.lang.Object)'> (0x000000008aeeccd0) 
thrown [open/src/hotspot/share/interpreter/linkResolver.cpp, line 781]
Event: 0.381 Thread 0x00007f8b38471930 Exception <a 'java/lang/NoSuchMethodError'{0x000000008adbafd0}: 'void java.lang.invoke.DirectMethodHandle$Holder.invokeSpecial(java.lang.Object, java.lang.Object, java.lang.Object)'> (0x000000008adbafd0) 
thrown [open/src/hotspot/share/interpreter/linkResolver.cpp, line 781]
Event: 0.433 Thread 0x00007f8b38471930 Exception <a 'java/lang/ClassNotFoundException'{0x000000008acf0370}: javax/smartcardio/CardPermission> (0x000000008acf0370) 
thrown [open/src/hotspot/share/classfile/systemDictionary.cpp, line 295]
Event: 0.436 Thread 0x00007f8b38471930 Exception <a 'java/io/FileNotFoundException'{0x000000008acfd540}> (0x000000008acfd540) 
thrown [open/src/hotspot/share/prims/jni.cpp, line 578]
Event: 0.560 Thread 0x00007f8b38472c90 Exception <a 'java/lang/ClassNotFoundException'{0x000000008aae2678}: sun/awt/resources/spi/awtProvider> (0x000000008aae2678) 
thrown [open/src/hotspot/share/classfile/systemDictionary.cpp, line 295]
Event: 0.581 Thread 0x00007f8b38472c90 Exception <a 'java/io/FileNotFoundException'{0x000000008a96af58}> (0x000000008a96af58) 
thrown [open/src/hotspot/share/prims/jni.cpp, line 578]
Event: 0.592 Thread 0x00007f8b38472c90 Exception <a 'java/io/FileNotFoundException'{0x000000008a999938}> (0x000000008a999938) 
thrown [open/src/hotspot/share/prims/jni.cpp, line 578]
Event: 1.153 Thread 0x00007f8b38473ee0 Exception <a 'java/lang/NoSuchMethodError'{0x000000008a92b450}: 'void java.lang.invoke.DirectMethodHandle$Holder.invokeStaticInit(java.lang.Object, java.lang.Object)'> (0x000000008a92b450) 
thrown [open/src/hotspot/share/interpreter/linkResolver.cpp, line 781]
Event: 1.342 Thread 0x00007f8b38471930 Exception <a 'java/lang/NoSuchMethodError'{0x000000008ae30118}: 'java.lang.Object java.lang.invoke.DirectMethodHandle$Holder.invokeStaticInit(java.lang.Object, java.lang.Object, long, java.lang.Object)'> (0x000000008ae30118) 
thrown [open/src/hotspot/share/interpreter/linkResolver.cpp, line 781]
Event: 1.343 Thread 0x00007f8b38471930 Exception <a 'java/lang/NoSuchMethodError'{0x000000008ae36dc0}: 'java.lang.Object java.lang.invoke.DirectMethodHandle$Holder.newInvokeSpecial(java.lang.Object, java.lang.Object, long)'> (0x000000008ae36dc0) 
thrown [open/src/hotspot/share/interpreter/linkResolver.cpp, line 781]
Event: 1.344 Thread 0x00007f8b38471930 Exception <a 'java/lang/NoSuchMethodError'{0x000000008ae3ab30}: 'java.lang.Object java.lang.invoke.Invokers$Holder.linkToTargetMethod(java.lang.Object, long, java.lang.Object)'> (0x000000008ae3ab30) 
thrown [open/src/hotspot/share/interpreter/linkResolver.cpp, line 781]
Event: 1.346 Thread 0x00007f8b38471930 Exception <a 'java/lang/NoSuchMethodError'{0x000000008ae426b0}: 'java.lang.Object java.lang.invoke.DirectMethodHandle$Holder.newInvokeSpecial(java.lang.Object, java.lang.Object, java.lang.Object, int)'> (0x000000008ae426b0) 
thrown [open/src/hotspot/share/interpreter/linkResolver.cpp, line 781]
Event: 1.347 Thread 0x00007f8b38471930 Exception <a 'java/lang/NoSuchMethodError'{0x000000008ae46b98}: 'java.lang.Object java.lang.invoke.DirectMethodHandle$Holder.invokeSpecial(java.lang.Object, java.lang.Object, java.lang.Object, java.lang.Object, int)'> (0x000000008ae46b98) 
thrown [open/src/hotspot/share/interpreter/linkResolver.cpp, line 781]
Event: 1.348 Thread 0x00007f8b38471930 Exception <a 'java/lang/NoSuchMethodError'{0x000000008ae4a958}: 'java.lang.Object java.lang.invoke.Invokers$Holder.linkToTargetMethod(java.lang.Object, java.lang.Object, int, java.lang.Object)'> (0x000000008ae4a958) 
thrown [open/src/hotspot/share/interpreter/linkResolver.cpp, line 781]
Event: 1.376 Thread 0x00007f8b38471930 Exception <a 'java/lang/UnsatisfiedLinkError'{0x000000008aeb0cd0}: libtesseract.so: cannot open shared object file: No such file or directory> (0x000000008aeb0cd0) 
thrown [open/src/hotspot/share/prims/jni.cpp, line 599]
Event: 1.377 Thread 0x00007f8b38471930 Exception <a 'java/lang/UnsatisfiedLinkError'{0x000000008aeb2058}: libtesseract.so: cannot open shared object file: No such file or directory> (0x000000008aeb2058) 
thrown [open/src/hotspot/share/prims/jni.cpp, line 599]

Events (20 events):
Event: 1.404 loading class java/util/LinkedHashMap$LinkedValueIterator
Event: 1.404 loading class java/util/LinkedHashMap$LinkedValueIterator done
Event: 1.406 loading class java/lang/reflect/ProxyGenerator
Event: 1.406 loading class java/lang/reflect/ProxyGenerator done
Event: 1.406 loading class java/lang/reflect/ProxyGenerator$ProxyMethod
Event: 1.406 loading class java/lang/reflect/ProxyGenerator$ProxyMethod done
Event: 1.411 loading class java/lang/reflect/ProxyGenerator$PrimitiveTypeInfo
Event: 1.411 loading class java/lang/reflect/ProxyGenerator$PrimitiveTypeInfo done
Event: 1.411 loading class jdk/internal/org/objectweb/asm/Edge
Event: 1.411 loading class jdk/internal/org/objectweb/asm/Edge done
Event: 1.432 loading class java/lang/reflect/UndeclaredThrowableException
Event: 1.432 loading class java/lang/reflect/UndeclaredThrowableException done
Event: 1.435 loading class java/lang/reflect/Proxy$ProxyBuilder$1
Event: 1.435 loading class java/lang/reflect/Proxy$ProxyBuilder$1 done
Event: 1.444 loading class java/lang/reflect/TypeVariable
Event: 1.444 loading class java/lang/reflect/TypeVariable done
Event: 1.444 loading class java/lang/reflect/AnnotatedType
Event: 1.444 loading class java/lang/reflect/AnnotatedType done
Event: 1.471 loading class java/lang/StrictMath
Event: 1.471 loading class java/lang/StrictMath done


Dynamic libraries:
83400000-8b200000 rw-p 00000000 00:00 0 
8b200000-ffe00000 ---p 00000000 00:00 0 
ffe00000-ffe52000 rw-p 00be4000 08:01 537966                             /home/nadav/.jdks/openjdk-15.0.1/lib/server/classes.jsa
ffe52000-fff00000 rw-p 00000000 00:00 0 
fff00000-fff7c000 rw-p 00b68000 08:01 537966                             /home/nadav/.jdks/openjdk-15.0.1/lib/server/classes.jsa
fff7c000-100000000 rw-p 00000000 00:00 0 
800000000-800003000 rwxp 00001000 08:01 537966                           /home/nadav/.jdks/openjdk-15.0.1/lib/server/classes.jsa
800003000-8003e6000 rw-p 00004000 08:01 537966                           /home/nadav/.jdks/openjdk-15.0.1/lib/server/classes.jsa
8003e6000-800b33000 r--p 003e7000 08:01 537966                           /home/nadav/.jdks/openjdk-15.0.1/lib/server/classes.jsa
800b33000-800b34000 ---p 00000000 00:00 0 
800b34000-800bf4000 rw-p 00000000 00:00 0 
800bf4000-840b34000 ---p 00000000 00:00 0 
5568da637000-5568da638000 r-xp 00000000 08:01 537412                     /home/nadav/.jdks/openjdk-15.0.1/bin/java
5568da639000-5568da63a000 r--p 00001000 08:01 537412                     /home/nadav/.jdks/openjdk-15.0.1/bin/java
5568da63a000-5568da63b000 rw-p 00002000 08:01 537412                     /home/nadav/.jdks/openjdk-15.0.1/bin/java
5568dbbf9000-5568dbc1a000 rw-p 00000000 00:00 0                          [heap]
7f8aa0000000-7f8aa0021000 rw-p 00000000 00:00 0 
7f8aa0021000-7f8aa4000000 ---p 00000000 00:00 0 
7f8aa8000000-7f8aa8021000 rw-p 00000000 00:00 0 
7f8aa8021000-7f8aac000000 ---p 00000000 00:00 0 
7f8aad9b3000-7f8aadbcf000 rw-p 00000000 00:00 0 
7f8aadbcf000-7f8aadbda000 r-xp 00000000 08:01 797176                     /usr/lib/x86_64-linux-gnu/libjbig.so.0
7f8aadbda000-7f8aaddd9000 ---p 0000b000 08:01 797176                     /usr/lib/x86_64-linux-gnu/libjbig.so.0
7f8aaddd9000-7f8aaddda000 r--p 0000a000 08:01 797176                     /usr/lib/x86_64-linux-gnu/libjbig.so.0
7f8aaddda000-7f8aadddd000 rw-p 0000b000 08:01 797176                     /usr/lib/x86_64-linux-gnu/libjbig.so.0
7f8aadddd000-7f8aaddfe000 r-xp 00000000 08:01 1054380                    /lib/x86_64-linux-gnu/liblzma.so.5.0.0
7f8aaddfe000-7f8aadffd000 ---p 00021000 08:01 1054380                    /lib/x86_64-linux-gnu/liblzma.so.5.0.0
7f8aadffd000-7f8aadffe000 r--p 00020000 08:01 1054380                    /lib/x86_64-linux-gnu/liblzma.so.5.0.0
7f8aadffe000-7f8aadfff000 rw-p 00021000 08:01 1054380                    /lib/x86_64-linux-gnu/liblzma.so.5.0.0
7f8aadfff000-7f8aae039000 r-xp 00000000 08:01 788350                     /usr/lib/x86_64-linux-gnu/libopenjp2.so.2.1.2
7f8aae039000-7f8aae238000 ---p 0003a000 08:01 788350                     /usr/lib/x86_64-linux-gnu/libopenjp2.so.2.1.2
7f8aae238000-7f8aae239000 r--p 00039000 08:01 788350                     /usr/lib/x86_64-linux-gnu/libopenjp2.so.2.1.2
7f8aae239000-7f8aae23a000 rw-p 0003a000 08:01 788350                     /usr/lib/x86_64-linux-gnu/libopenjp2.so.2.1.2
7f8aae23a000-7f8aae293000 r-xp 00000000 08:01 797752                     /usr/lib/x86_64-linux-gnu/libwebp.so.5.0.4
7f8aae293000-7f8aae493000 ---p 00059000 08:01 797752                     /usr/lib/x86_64-linux-gnu/libwebp.so.5.0.4
7f8aae493000-7f8aae494000 r--p 00059000 08:01 797752                     /usr/lib/x86_64-linux-gnu/libwebp.so.5.0.4
7f8aae494000-7f8aae496000 rw-p 0005a000 08:01 797752                     /usr/lib/x86_64-linux-gnu/libwebp.so.5.0.4
7f8aae496000-7f8aae507000 r-xp 00000000 08:01 791234                     /usr/lib/x86_64-linux-gnu/libtiff.so.5.2.4
7f8aae507000-7f8aae707000 ---p 00071000 08:01 791234                     /usr/lib/x86_64-linux-gnu/libtiff.so.5.2.4
7f8aae707000-7f8aae708000 r--p 00071000 08:01 791234                     /usr/lib/x86_64-linux-gnu/libtiff.so.5.2.4
7f8aae708000-7f8aae70b000 rw-p 00072000 08:01 791234                     /usr/lib/x86_64-linux-gnu/libtiff.so.5.2.4
7f8aae70b000-7f8aae762000 r-xp 00000000 08:01 789831                     /usr/lib/x86_64-linux-gnu/libjpeg.so.8.0.2
7f8aae762000-7f8aae962000 ---p 00057000 08:01 789831                     /usr/lib/x86_64-linux-gnu/libjpeg.so.8.0.2
7f8aae962000-7f8aae963000 r--p 00057000 08:01 789831                     /usr/lib/x86_64-linux-gnu/libjpeg.so.8.0.2
7f8aae963000-7f8aae964000 rw-p 00058000 08:01 789831                     /usr/lib/x86_64-linux-gnu/libjpeg.so.8.0.2
7f8aae964000-7f8aae988000 r-xp 00000000 08:01 1054454                    /lib/x86_64-linux-gnu/libpng12.so.0.54.0
7f8aae988000-7f8aaeb87000 ---p 00024000 08:01 1054454                    /lib/x86_64-linux-gnu/libpng12.so.0.54.0
7f8aaeb87000-7f8aaeb88000 r--p 00023000 08:01 1054454                    /lib/x86_64-linux-gnu/libpng12.so.0.54.0
7f8aaeb88000-7f8aaeb89000 rw-p 00024000 08:01 1054454                    /lib/x86_64-linux-gnu/libpng12.so.0.54.0
7f8aaeb89000-7f8aaeb9f000 r-xp 00000000 08:01 1054351                    /lib/x86_64-linux-gnu/libgcc_s.so.1
7f8aaeb9f000-7f8aaed9e000 ---p 00016000 08:01 1054351                    /lib/x86_64-linux-gnu/libgcc_s.so.1
7f8aaed9e000-7f8aaed9f000 rw-p 00015000 08:01 1054351                    /lib/x86_64-linux-gnu/libgcc_s.so.1
7f8aaed9f000-7f8aaef11000 r-xp 00000000 08:01 791231                     /usr/lib/x86_64-linux-gnu/libstdc++.so.6.0.21
7f8aaef11000-7f8aaf111000 ---p 00172000 08:01 791231                     /usr/lib/x86_64-linux-gnu/libstdc++.so.6.0.21
7f8aaf111000-7f8aaf11b000 r--p 00172000 08:01 791231                     /usr/lib/x86_64-linux-gnu/libstdc++.so.6.0.21
7f8aaf11b000-7f8aaf11d000 rw-p 0017c000 08:01 791231                     /usr/lib/x86_64-linux-gnu/libstdc++.so.6.0.21
7f8aaf11d000-7f8aaf121000 rw-p 00000000 00:00 0 
7f8aaf121000-7f8aaf35e000 r-xp 00000000 08:01 789124                     /usr/lib/liblept.so.5.0.0
7f8aaf35e000-7f8aaf55d000 ---p 0023d000 08:01 789124                     /usr/lib/liblept.so.5.0.0
7f8aaf55d000-7f8aaf55e000 r--p 0023c000 08:01 789124                     /usr/lib/liblept.so.5.0.0
7f8aaf55e000-7f8aaf564000 rw-p 0023d000 08:01 789124                     /usr/lib/liblept.so.5.0.0
7f8aaf564000-7f8aaf84d000 r-xp 00000000 08:01 789126                     /usr/lib/libtesseract.so.3.0.4
7f8aaf84d000-7f8aafa4d000 ---p 002e9000 08:01 789126                     /usr/lib/libtesseract.so.3.0.4
7f8aafa4d000-7f8aafa51000 r--p 002e9000 08:01 789126                     /usr/lib/libtesseract.so.3.0.4
7f8aafa51000-7f8aafa52000 rw-p 002ed000 08:01 789126                     /usr/lib/libtesseract.so.3.0.4
7f8aafa52000-7f8aafce6000 rw-p 00000000 00:00 0 
7f8aafce6000-7f8aafcfe000 r-xp 00000000 08:01 560219                     /home/nadav/.cache/JNA/temp/jna2803390754711628374.tmp (deleted)
7f8aafcfe000-7f8aafefe000 ---p 00018000 08:01 560219                     /home/nadav/.cache/JNA/temp/jna2803390754711628374.tmp (deleted)
7f8aafefe000-7f8aafeff000 rw-p 00018000 08:01 560219                     /home/nadav/.cache/JNA/temp/jna2803390754711628374.tmp (deleted)
7f8aafeff000-7f8aaff03000 ---p 00000000 00:00 0 
7f8aaff03000-7f8ab0000000 rw-p 00000000 00:00 0 
7f8ab0000000-7f8ab0021000 rw-p 00000000 00:00 0 
7f8ab0021000-7f8ab4000000 ---p 00000000 00:00 0 
7f8ab4000000-7f8ab4021000 rw-p 00000000 00:00 0 
7f8ab4021000-7f8ab8000000 ---p 00000000 00:00 0 
7f8ab8000000-7f8ab8021000 rw-p 00000000 00:00 0 
7f8ab8021000-7f8abc000000 ---p 00000000 00:00 0 
7f8abc000000-7f8abc021000 rw-p 00000000 00:00 0 
7f8abc021000-7f8ac0000000 ---p 00000000 00:00 0 
7f8ac0000000-7f8ac0025000 rw-p 00000000 00:00 0 
7f8ac0025000-7f8ac4000000 ---p 00000000 00:00 0 
7f8ac4000000-7f8ac4021000 rw-p 00000000 00:00 0 
7f8ac4021000-7f8ac8000000 ---p 00000000 00:00 0 
7f8ac8000000-7f8ac80bf000 rw-p 00000000 00:00 0 
7f8ac80bf000-7f8acc000000 ---p 00000000 00:00 0 
7f8acc000000-7f8acc064000 rw-p 00000000 00:00 0 
7f8acc064000-7f8ad0000000 ---p 00000000 00:00 0 
7f8ad0000000-7f8ad0021000 rw-p 00000000 00:00 0 
7f8ad0021000-7f8ad4000000 ---p 00000000 00:00 0 
7f8ad4000000-7f8ad44d1000 rw-p 00000000 00:00 0 
7f8ad44d1000-7f8ad8000000 ---p 00000000 00:00 0 
7f8ad8000000-7f8ad8021000 rw-p 00000000 00:00 0 
7f8ad8021000-7f8adc000000 ---p 00000000 00:00 0 
7f8adc000000-7f8adc021000 rw-p 00000000 00:00 0 
7f8adc021000-7f8ae0000000 ---p 00000000 00:00 0 
7f8ae0000000-7f8ae0021000 rw-p 00000000 00:00 0 
7f8ae0021000-7f8ae4000000 ---p 00000000 00:00 0 
7f8ae4000000-7f8ae4021000 rw-p 00000000 00:00 0 
7f8ae4021000-7f8ae8000000 ---p 00000000 00:00 0 
7f8ae8000000-7f8ae84c9000 rw-p 00000000 00:00 0 
7f8ae84c9000-7f8aec000000 ---p 00000000 00:00 0 
7f8aec000000-7f8aec4be000 rw-p 00000000 00:00 0 
7f8aec4be000-7f8af0000000 ---p 00000000 00:00 0 
7f8af0000000-7f8af0021000 rw-p 00000000 00:00 0 
7f8af0021000-7f8af4000000 ---p 00000000 00:00 0 
7f8af4000000-7f8af4021000 rw-p 00000000 00:00 0 
7f8af4021000-7f8af8000000 ---p 00000000 00:00 0 
7f8af8000000-7f8af8021000 rw-p 00000000 00:00 0 
7f8af8021000-7f8afc000000 ---p 00000000 00:00 0 
7f8afc000000-7f8afc021000 rw-p 00000000 00:00 0 
7f8afc021000-7f8b00000000 ---p 00000000 00:00 0 
7f8b00000000-7f8b00021000 rw-p 00000000 00:00 0 
7f8b00021000-7f8b04000000 ---p 00000000 00:00 0 
7f8b04000000-7f8b04021000 rw-p 00000000 00:00 0 
7f8b04021000-7f8b08000000 ---p 00000000 00:00 0 
7f8b08000000-7f8b08021000 rw-p 00000000 00:00 0 
7f8b08021000-7f8b0c000000 ---p 00000000 00:00 0 
7f8b0c062000-7f8b0c063000 ---p 00000000 00:00 0 
7f8b0c063000-7f8b0c163000 rw-p 00000000 00:00 0 
7f8b0c163000-7f8b0c164000 ---p 00000000 00:00 0 
7f8b0c164000-7f8b0c264000 rw-p 00000000 00:00 0 
7f8b0c264000-7f8b0c265000 ---p 00000000 00:00 0 
7f8b0c265000-7f8b0c365000 rw-p 00000000 00:00 0 
7f8b0c365000-7f8b0c366000 ---p 00000000 00:00 0 
7f8b0c366000-7f8b0c466000 rw-p 00000000 00:00 0 
7f8b0c466000-7f8b0c46a000 ---p 00000000 00:00 0 
7f8b0c46a000-7f8b0c567000 rw-p 00000000 00:00 0 
7f8b0c567000-7f8b0c56b000 ---p 00000000 00:00 0 
7f8b0c56b000-7f8b0c668000 rw-p 00000000 00:00 0 
7f8b0c668000-7f8b0c67f000 r-xp 00000000 08:01 1079034                    /lib/x86_64-linux-gnu/libresolv-2.23.so
7f8b0c67f000-7f8b0c87f000 ---p 00017000 08:01 1079034                    /lib/x86_64-linux-gnu/libresolv-2.23.so
7f8b0c87f000-7f8b0c880000 r--p 00017000 08:01 1079034                    /lib/x86_64-linux-gnu/libresolv-2.23.so
7f8b0c880000-7f8b0c881000 rw-p 00018000 08:01 1079034                    /lib/x86_64-linux-gnu/libresolv-2.23.so
7f8b0c881000-7f8b0c883000 rw-p 00000000 00:00 0 
7f8b0c883000-7f8b0c888000 r-xp 00000000 08:01 1071255                    /lib/x86_64-linux-gnu/libnss_dns-2.23.so
7f8b0c888000-7f8b0ca88000 ---p 00005000 08:01 1071255                    /lib/x86_64-linux-gnu/libnss_dns-2.23.so
7f8b0ca88000-7f8b0ca89000 r--p 00005000 08:01 1071255                    /lib/x86_64-linux-gnu/libnss_dns-2.23.so
7f8b0ca89000-7f8b0ca8a000 rw-p 00006000 08:01 1071255                    /lib/x86_64-linux-gnu/libnss_dns-2.23.so
7f8b0ca8a000-7f8b0ca8c000 r-xp 00000000 08:01 1054418                    /lib/x86_64-linux-gnu/libnss_mdns4_minimal.so.2
7f8b0ca8c000-7f8b0cc8b000 ---p 00002000 08:01 1054418                    /lib/x86_64-linux-gnu/libnss_mdns4_minimal.so.2
7f8b0cc8b000-7f8b0cc8c000 r--p 00001000 08:01 1054418                    /lib/x86_64-linux-gnu/libnss_mdns4_minimal.so.2
7f8b0cc8c000-7f8b0cc8d000 rw-p 00002000 08:01 1054418                    /lib/x86_64-linux-gnu/libnss_mdns4_minimal.so.2
7f8b0cc8d000-7f8b0cc92000 r-xp 00000000 08:01 796439                     /usr/lib/x86_64-linux-gnu/libXdmcp.so.6.0.0
7f8b0cc92000-7f8b0ce91000 ---p 00005000 08:01 796439                     /usr/lib/x86_64-linux-gnu/libXdmcp.so.6.0.0
7f8b0ce91000-7f8b0ce92000 r--p 00004000 08:01 796439                     /usr/lib/x86_64-linux-gnu/libXdmcp.so.6.0.0
7f8b0ce92000-7f8b0ce93000 rw-p 00005000 08:01 796439                     /usr/lib/x86_64-linux-gnu/libXdmcp.so.6.0.0
7f8b0ce93000-7f8b0ce95000 r-xp 00000000 08:01 796428                     /usr/lib/x86_64-linux-gnu/libXau.so.6.0.0
7f8b0ce95000-7f8b0d095000 ---p 00002000 08:01 796428                     /usr/lib/x86_64-linux-gnu/libXau.so.6.0.0
7f8b0d095000-7f8b0d096000 r--p 00002000 08:01 796428                     /usr/lib/x86_64-linux-gnu/libXau.so.6.0.0
7f8b0d096000-7f8b0d097000 rw-p 00003000 08:01 796428                     /usr/lib/x86_64-linux-gnu/libXau.so.6.0.0
7f8b0d097000-7f8b0d0b8000 r-xp 00000000 08:01 797852                     /usr/lib/x86_64-linux-gnu/libxcb.so.1.1.0
7f8b0d0b8000-7f8b0d2b7000 ---p 00021000 08:01 797852                     /usr/lib/x86_64-linux-gnu/libxcb.so.1.1.0
7f8b0d2b7000-7f8b0d2b8000 r--p 00020000 08:01 797852                     /usr/lib/x86_64-linux-gnu/libxcb.so.1.1.0
7f8b0d2b8000-7f8b0d2b9000 rw-p 00021000 08:01 797852                     /usr/lib/x86_64-linux-gnu/libxcb.so.1.1.0
7f8b0d2b9000-7f8b0d2c8000 r-xp 00000000 08:01 796451                     /usr/lib/x86_64-linux-gnu/libXi.so.6.1.0
7f8b0d2c8000-7f8b0d4c7000 ---p 0000f000 08:01 796451                     /usr/lib/x86_64-linux-gnu/libXi.so.6.1.0
7f8b0d4c7000-7f8b0d4c8000 r--p 0000e000 08:01 796451                     /usr/lib/x86_64-linux-gnu/libXi.so.6.1.0
7f8b0d4c8000-7f8b0d4c9000 rw-p 0000f000 08:01 796451                     /usr/lib/x86_64-linux-gnu/libXi.so.6.1.0
7f8b0d4c9000-7f8b0d4ce000 r-xp 00000000 08:01 796469                     /usr/lib/x86_64-linux-gnu/libXtst.so.6.1.0
7f8b0d4ce000-7f8b0d6cd000 ---p 00005000 08:01 796469                     /usr/lib/x86_64-linux-gnu/libXtst.so.6.1.0
7f8b0d6cd000-7f8b0d6ce000 r--p 00004000 08:01 796469                     /usr/lib/x86_64-linux-gnu/libXtst.so.6.1.0
7f8b0d6ce000-7f8b0d6cf000 rw-p 00005000 08:01 796469                     /usr/lib/x86_64-linux-gnu/libXtst.so.6.1.0
7f8b0d6cf000-7f8b0d6d8000 r-xp 00000000 08:01 796463                     /usr/lib/x86_64-linux-gnu/libXrender.so.1.3.0
7f8b0d6d8000-7f8b0d8d7000 ---p 00009000 08:01 796463                     /usr/lib/x86_64-linux-gnu/libXrender.so.1.3.0
7f8b0d8d7000-7f8b0d8d8000 r--p 00008000 08:01 796463                     /usr/lib/x86_64-linux-gnu/libXrender.so.1.3.0
7f8b0d8d8000-7f8b0d8d9000 rw-p 00009000 08:01 796463                     /usr/lib/x86_64-linux-gnu/libXrender.so.1.3.0
7f8b0d8d9000-7f8b0da0e000 r-xp 00000000 08:01 792360                     /usr/lib/x86_64-linux-gnu/libX11.so.6.3.0
7f8b0da0e000-7f8b0dc0e000 ---p 00135000 08:01 792360                     /usr/lib/x86_64-linux-gnu/libX11.so.6.3.0
7f8b0dc0e000-7f8b0dc0f000 r--p 00135000 08:01 792360                     /usr/lib/x86_64-linux-gnu/libX11.so.6.3.0
7f8b0dc0f000-7f8b0dc13000 rw-p 00136000 08:01 792360                     /usr/lib/x86_64-linux-gnu/libX11.so.6.3.0
7f8b0dc13000-7f8b0dc24000 r-xp 00000000 08:01 796441                     /usr/lib/x86_64-linux-gnu/libXext.so.6.4.0
7f8b0dc24000-7f8b0de23000 ---p 00011000 08:01 796441                     /usr/lib/x86_64-linux-gnu/libXext.so.6.4.0
7f8b0de23000-7f8b0de24000 r--p 00010000 08:01 796441                     /usr/lib/x86_64-linux-gnu/libXext.so.6.4.0
7f8b0de24000-7f8b0de25000 rw-p 00011000 08:01 796441                     /usr/lib/x86_64-linux-gnu/libXext.so.6.4.0
7f8b0de25000-7f8b0decc000 r-xp 00000000 08:01 537909                     /home/nadav/.jdks/openjdk-15.0.1/lib/libawt.so
7f8b0decc000-7f8b0decd000 ---p 000a7000 08:01 537909                     /home/nadav/.jdks/openjdk-15.0.1/lib/libawt.so
7f8b0decd000-7f8b0decf000 r--p 000a7000 08:01 537909                     /home/nadav/.jdks/openjdk-15.0.1/lib/libawt.so
7f8b0decf000-7f8b0deda000 rw-p 000a9000 08:01 537909                     /home/nadav/.jdks/openjdk-15.0.1/lib/libawt.so
7f8b0deda000-7f8b0deff000 rw-p 00000000 00:00 0 
7f8b0deff000-7f8b0df03000 ---p 00000000 00:00 0 
7f8b0df03000-7f8b10000000 rw-p 00000000 00:00 0 
7f8b10000000-7f8b10021000 rw-p 00000000 00:00 0 
7f8b10021000-7f8b14000000 ---p 00000000 00:00 0 
7f8b14000000-7f8b14021000 rw-p 00000000 00:00 0 
7f8b14021000-7f8b18000000 ---p 00000000 00:00 0 
7f8b18000000-7f8b18021000 rw-p 00000000 00:00 0 
7f8b18021000-7f8b1c000000 ---p 00000000 00:00 0 
7f8b1c0b2000-7f8b1c0b6000 ---p 00000000 00:00 0 
7f8b1c0b6000-7f8b1c0d4000 rw-p 00000000 00:00 0 
7f8b1c0d4000-7f8b1c0d8000 ---p 00000000 00:00 0 
7f8b1c0d8000-7f8b1c1d5000 rw-p 00000000 00:00 0 
7f8b1c1d5000-7f8b1c1d9000 ---p 00000000 00:00 0 
7f8b1c1d9000-7f8b1c2d6000 rw-p 00000000 00:00 0 
7f8b1c2d6000-7f8b1c2d7000 ---p 00000000 00:00 0 
7f8b1c2d7000-7f8b1c3d7000 rw-p 00000000 00:00 0 
7f8b1c3d7000-7f8b1c3db000 ---p 00000000 00:00 0 
7f8b1c3db000-7f8b1c4d8000 rw-p 00000000 00:00 0 
7f8b1c4d8000-7f8b1c4dc000 ---p 00000000 00:00 0 
7f8b1c4dc000-7f8b1c5d9000 rw-p 00000000 00:00 0 
7f8b1c5d9000-7f8b1c5dd000 ---p 00000000 00:00 0 
7f8b1c5dd000-7f8b1c6da000 rw-p 00000000 00:00 0 
7f8b1c6da000-7f8b1c6de000 ---p 00000000 00:00 0 
7f8b1c6de000-7f8b1c7db000 rw-p 00000000 00:00 0 
7f8b1c7db000-7f8b1c7df000 ---p 00000000 00:00 0 
7f8b1c7df000-7f8b1c8dc000 rw-p 00000000 00:00 0 
7f8b1c8dc000-7f8b1c8e0000 ---p 00000000 00:00 0 
7f8b1c8e0000-7f8b1c9dd000 rw-p 00000000 00:00 0 
7f8b1c9dd000-7f8b1c9e1000 ---p 00000000 00:00 0 
7f8b1c9e1000-7f8b1cade000 rw-p 00000000 00:00 0 
7f8b1cade000-7f8b1cae2000 ---p 00000000 00:00 0 
7f8b1cae2000-7f8b1cbdf000 rw-p 00000000 00:00 0 
7f8b1cbdf000-7f8b1ceb8000 r--p 00000000 08:01 787739                     /usr/lib/locale/locale-archive
7f8b1ceb8000-7f8b1d0b0000 rw-p 00000000 00:00 0 
7f8b1d0b0000-7f8b1ede0000 ---p 00000000 00:00 0 
7f8b1ede0000-7f8b1efe0000 rw-p 00000000 00:00 0 
7f8b1efe0000-7f8b20d10000 ---p 00000000 00:00 0 
7f8b20d10000-7f8b20d18000 rw-p 00000000 00:00 0 
7f8b20d18000-7f8b20f88000 rwxp 00000000 00:00 0 
7f8b20f88000-7f8b212a9000 ---p 00000000 00:00 0 
7f8b212a9000-7f8b21519000 rwxp 00000000 00:00 0 
7f8b21519000-7f8b287e0000 ---p 00000000 00:00 0 
7f8b287e0000-7f8b28a50000 rwxp 00000000 00:00 0 
7f8b28a50000-7f8b2fd18000 ---p 00000000 00:00 0 
7f8b2fd18000-7f8b38000000 r--s 00000000 08:01 537955                     /home/nadav/.jdks/openjdk-15.0.1/lib/modules
7f8b38000000-7f8b38478000 rw-p 00000000 00:00 0 
7f8b38478000-7f8b3c000000 ---p 00000000 00:00 0 
7f8b3c01c000-7f8b3c077000 r-xp 00000000 08:01 537912                     /home/nadav/.jdks/openjdk-15.0.1/lib/libawt_xawt.so
7f8b3c077000-7f8b3c078000 ---p 0005b000 08:01 537912                     /home/nadav/.jdks/openjdk-15.0.1/lib/libawt_xawt.so
7f8b3c078000-7f8b3c079000 r--p 0005b000 08:01 537912                     /home/nadav/.jdks/openjdk-15.0.1/lib/libawt_xawt.so
7f8b3c079000-7f8b3c07b000 rw-p 0005c000 08:01 537912                     /home/nadav/.jdks/openjdk-15.0.1/lib/libawt_xawt.so
7f8b3c07b000-7f8b3c07d000 rw-p 00000000 00:00 0 
7f8b3c07d000-7f8b3c092000 r-xp 00000000 08:01 537938                     /home/nadav/.jdks/openjdk-15.0.1/lib/libnet.so
7f8b3c092000-7f8b3c093000 r--p 00014000 08:01 537938                     /home/nadav/.jdks/openjdk-15.0.1/lib/libnet.so
7f8b3c093000-7f8b3c094000 rw-p 00015000 08:01 537938                     /home/nadav/.jdks/openjdk-15.0.1/lib/libnet.so
7f8b3c094000-7f8b3c098000 ---p 00000000 00:00 0 
7f8b3c098000-7f8b3c195000 rw-p 00000000 00:00 0 
7f8b3c195000-7f8b3c199000 ---p 00000000 00:00 0 
7f8b3c199000-7f8b3c296000 rw-p 00000000 00:00 0 
7f8b3c296000-7f8b3c297000 ---p 00000000 00:00 0 
7f8b3c297000-7f8b3ca74000 rw-p 00000000 00:00 0 
7f8b3ca74000-7f8b3ccb4000 ---p 00000000 00:00 0 
7f8b3ccb6000-7f8b3ccb7000 ---p 00000000 00:00 0 
7f8b3ccb7000-7f8b3cdb7000 rw-p 00000000 00:00 0 
7f8b3cdb7000-7f8b3cdb8000 ---p 00000000 00:00 0 
7f8b3cdb8000-7f8b3d2bc000 rw-p 00000000 00:00 0 
7f8b3d2bc000-7f8b3d2bd000 ---p 00000000 00:00 0 
7f8b3d2bd000-7f8b3d3bd000 rw-p 00000000 00:00 0 
7f8b3d3bd000-7f8b3d3be000 ---p 00000000 00:00 0 
7f8b3d3be000-7f8b3d4be000 rw-p 00000000 00:00 0 
7f8b3d4be000-7f8b3d4bf000 ---p 00000000 00:00 0 
7f8b3d4bf000-7f8b3d5fe000 rw-p 00000000 00:00 0 
7f8b3d5fe000-7f8b3d9a4000 ---p 00000000 00:00 0 
7f8b3d9a4000-7f8b3d9e4000 rw-p 00000000 00:00 0 
7f8b3d9e4000-7f8b3dd8a000 ---p 00000000 00:00 0 
7f8b3dd8a000-7f8b3ddca000 rw-p 00000000 00:00 0 
7f8b3ddca000-7f8b3e170000 ---p 00000000 00:00 0 
7f8b3e170000-7f8b3e57a000 rw-p 00000000 00:00 0 
7f8b3e57a000-7f8b3e660000 ---p 00000000 00:00 0 
7f8b3e660000-7f8b3e665000 rw-p 00000000 00:00 0 
7f8b3e665000-7f8b3e74b000 ---p 00000000 00:00 0 
7f8b3e74b000-7f8b3e756000 r-xp 00000000 08:01 1071265                    /lib/x86_64-linux-gnu/libnss_files-2.23.so
7f8b3e756000-7f8b3e955000 ---p 0000b000 08:01 1071265                    /lib/x86_64-linux-gnu/libnss_files-2.23.so
7f8b3e955000-7f8b3e956000 r--p 0000a000 08:01 1071265                    /lib/x86_64-linux-gnu/libnss_files-2.23.so
7f8b3e956000-7f8b3e957000 rw-p 0000b000 08:01 1071265                    /lib/x86_64-linux-gnu/libnss_files-2.23.so
7f8b3e957000-7f8b3e95d000 rw-p 00000000 00:00 0 
7f8b3e95d000-7f8b3e968000 r-xp 00000000 08:01 1079030                    /lib/x86_64-linux-gnu/libnss_nis-2.23.so
7f8b3e968000-7f8b3eb67000 ---p 0000b000 08:01 1079030                    /lib/x86_64-linux-gnu/libnss_nis-2.23.so
7f8b3eb67000-7f8b3eb68000 r--p 0000a000 08:01 1079030                    /lib/x86_64-linux-gnu/libnss_nis-2.23.so
7f8b3eb68000-7f8b3eb69000 rw-p 0000b000 08:01 1079030                    /lib/x86_64-linux-gnu/libnss_nis-2.23.so
7f8b3eb69000-7f8b3eb7f000 r-xp 00000000 08:01 1066760                    /lib/x86_64-linux-gnu/libnsl-2.23.so
7f8b3eb7f000-7f8b3ed7e000 ---p 00016000 08:01 1066760                    /lib/x86_64-linux-gnu/libnsl-2.23.so
7f8b3ed7e000-7f8b3ed7f000 r--p 00015000 08:01 1066760                    /lib/x86_64-linux-gnu/libnsl-2.23.so
7f8b3ed7f000-7f8b3ed80000 rw-p 00016000 08:01 1066760                    /lib/x86_64-linux-gnu/libnsl-2.23.so
7f8b3ed80000-7f8b3ed82000 rw-p 00000000 00:00 0 
7f8b3ed82000-7f8b3ed8a000 r-xp 00000000 08:01 1071289                    /lib/x86_64-linux-gnu/libnss_compat-2.23.so
7f8b3ed8a000-7f8b3ef89000 ---p 00008000 08:01 1071289                    /lib/x86_64-linux-gnu/libnss_compat-2.23.so
7f8b3ef89000-7f8b3ef8a000 r--p 00007000 08:01 1071289                    /lib/x86_64-linux-gnu/libnss_compat-2.23.so
7f8b3ef8a000-7f8b3ef8b000 rw-p 00008000 08:01 1071289                    /lib/x86_64-linux-gnu/libnss_compat-2.23.so
7f8b3ef8b000-7f8b3ef92000 r-xp 00000000 08:01 1079163                    /lib/x86_64-linux-gnu/librt-2.23.so
7f8b3ef92000-7f8b3f191000 ---p 00007000 08:01 1079163                    /lib/x86_64-linux-gnu/librt-2.23.so
7f8b3f191000-7f8b3f192000 r--p 00006000 08:01 1079163                    /lib/x86_64-linux-gnu/librt-2.23.so
7f8b3f192000-7f8b3f193000 rw-p 00007000 08:01 1079163                    /lib/x86_64-linux-gnu/librt-2.23.so
7f8b3f193000-7f8b3f29b000 r-xp 00000000 08:01 1066761                    /lib/x86_64-linux-gnu/libm-2.23.so
7f8b3f29b000-7f8b3f49a000 ---p 00108000 08:01 1066761                    /lib/x86_64-linux-gnu/libm-2.23.so
7f8b3f49a000-7f8b3f49b000 r--p 00107000 08:01 1066761                    /lib/x86_64-linux-gnu/libm-2.23.so
7f8b3f49b000-7f8b3f49c000 rw-p 00108000 08:01 1066761                    /lib/x86_64-linux-gnu/libm-2.23.so
7f8b3f49c000-7f8b404e3000 r-xp 00000000 08:01 537969                     /home/nadav/.jdks/openjdk-15.0.1/lib/server/libjvm.so
7f8b404e3000-7f8b4057d000 r--p 01046000 08:01 537969                     /home/nadav/.jdks/openjdk-15.0.1/lib/server/libjvm.so
7f8b4057d000-7f8b405b4000 rw-p 010e0000 08:01 537969                     /home/nadav/.jdks/openjdk-15.0.1/lib/server/libjvm.so
7f8b405b4000-7f8b4063d000 rw-p 00000000 00:00 0 
7f8b4063d000-7f8b407fd000 r-xp 00000000 08:01 1066757                    /lib/x86_64-linux-gnu/libc-2.23.so
7f8b407fd000-7f8b409fd000 ---p 001c0000 08:01 1066757                    /lib/x86_64-linux-gnu/libc-2.23.so
7f8b409fd000-7f8b40a01000 r--p 001c0000 08:01 1066757                    /lib/x86_64-linux-gnu/libc-2.23.so
7f8b40a01000-7f8b40a03000 rw-p 001c4000 08:01 1066757                    /lib/x86_64-linux-gnu/libc-2.23.so
7f8b40a03000-7f8b40a07000 rw-p 00000000 00:00 0 
7f8b40a07000-7f8b40a0a000 r-xp 00000000 08:01 1056313                    /lib/x86_64-linux-gnu/libdl-2.23.so
7f8b40a0a000-7f8b40c09000 ---p 00003000 08:01 1056313                    /lib/x86_64-linux-gnu/libdl-2.23.so
7f8b40c09000-7f8b40c0a000 r--p 00002000 08:01 1056313                    /lib/x86_64-linux-gnu/libdl-2.23.so
7f8b40c0a000-7f8b40c0b000 rw-p 00003000 08:01 1056313                    /lib/x86_64-linux-gnu/libdl-2.23.so
7f8b40c0b000-7f8b40c23000 r-xp 00000000 08:01 1066758                    /lib/x86_64-linux-gnu/libpthread-2.23.so
7f8b40c23000-7f8b40e22000 ---p 00018000 08:01 1066758                    /lib/x86_64-linux-gnu/libpthread-2.23.so
7f8b40e22000-7f8b40e23000 r--p 00017000 08:01 1066758                    /lib/x86_64-linux-gnu/libpthread-2.23.so
7f8b40e23000-7f8b40e24000 rw-p 00018000 08:01 1066758                    /lib/x86_64-linux-gnu/libpthread-2.23.so
7f8b40e24000-7f8b40e28000 rw-p 00000000 00:00 0 
7f8b40e28000-7f8b40e41000 r-xp 00000000 08:01 1071234                    /lib/x86_64-linux-gnu/libz.so.1.2.8
7f8b40e41000-7f8b41040000 ---p 00019000 08:01 1071234                    /lib/x86_64-linux-gnu/libz.so.1.2.8
7f8b41040000-7f8b41041000 r--p 00018000 08:01 1071234                    /lib/x86_64-linux-gnu/libz.so.1.2.8
7f8b41041000-7f8b41042000 rw-p 00019000 08:01 1071234                    /lib/x86_64-linux-gnu/libz.so.1.2.8
7f8b41042000-7f8b41068000 r-xp 00000000 08:01 1071198                    /lib/x86_64-linux-gnu/ld-2.23.so
7f8b4106e000-7f8b4107b000 r-xp 00000000 08:01 537949                     /home/nadav/.jdks/openjdk-15.0.1/lib/libverify.so
7f8b4107b000-7f8b4107d000 r--p 0000c000 08:01 537949                     /home/nadav/.jdks/openjdk-15.0.1/lib/libverify.so
7f8b4107d000-7f8b4107e000 rw-p 0000e000 08:01 537949                     /home/nadav/.jdks/openjdk-15.0.1/lib/libverify.so
7f8b4107e000-7f8b41090000 r-xp 00000000 08:01 537939                     /home/nadav/.jdks/openjdk-15.0.1/lib/libnio.so
7f8b41090000-7f8b41091000 r--p 00011000 08:01 537939                     /home/nadav/.jdks/openjdk-15.0.1/lib/libnio.so
7f8b41091000-7f8b41092000 rw-p 00012000 08:01 537939                     /home/nadav/.jdks/openjdk-15.0.1/lib/libnio.so
7f8b41092000-7f8b41099000 r-xp 00000000 08:01 537952                     /home/nadav/.jdks/openjdk-15.0.1/lib/libzip.so
7f8b41099000-7f8b4109a000 ---p 00007000 08:01 537952                     /home/nadav/.jdks/openjdk-15.0.1/lib/libzip.so
7f8b4109a000-7f8b4109b000 r--p 00007000 08:01 537952                     /home/nadav/.jdks/openjdk-15.0.1/lib/libzip.so
7f8b4109b000-7f8b4109c000 rw-p 00008000 08:01 537952                     /home/nadav/.jdks/openjdk-15.0.1/lib/libzip.so
7f8b4109c000-7f8b410e4000 rw-p 00000000 00:00 0 
7f8b410e4000-7f8b410eb000 ---p 00000000 00:00 0 
7f8b410eb000-7f8b4110f000 r-xp 00000000 08:01 537924                     /home/nadav/.jdks/openjdk-15.0.1/lib/libjava.so
7f8b4110f000-7f8b41110000 ---p 00024000 08:01 537924                     /home/nadav/.jdks/openjdk-15.0.1/lib/libjava.so
7f8b41110000-7f8b41111000 r--p 00024000 08:01 537924                     /home/nadav/.jdks/openjdk-15.0.1/lib/libjava.so
7f8b41111000-7f8b41112000 rw-p 00025000 08:01 537924                     /home/nadav/.jdks/openjdk-15.0.1/lib/libjava.so
7f8b41112000-7f8b41113000 rw-p 00000000 00:00 0 
7f8b41113000-7f8b4112f000 r-xp 00000000 08:01 537928                     /home/nadav/.jdks/openjdk-15.0.1/lib/libjimage.so
7f8b4112f000-7f8b41131000 r--p 0001b000 08:01 537928                     /home/nadav/.jdks/openjdk-15.0.1/lib/libjimage.so
7f8b41131000-7f8b41132000 rw-p 0001d000 08:01 537928                     /home/nadav/.jdks/openjdk-15.0.1/lib/libjimage.so
7f8b41132000-7f8b41136000 ---p 00000000 00:00 0 
7f8b41136000-7f8b41237000 rw-p 00000000 00:00 0 
7f8b41237000-7f8b41246000 r-xp 00000000 08:01 537929                     /home/nadav/.jdks/openjdk-15.0.1/lib/libjli.so
7f8b41246000-7f8b41247000 r--p 0000e000 08:01 537929                     /home/nadav/.jdks/openjdk-15.0.1/lib/libjli.so
7f8b41247000-7f8b41248000 rw-p 0000f000 08:01 537929                     /home/nadav/.jdks/openjdk-15.0.1/lib/libjli.so
7f8b41248000-7f8b41249000 rw-p 00000000 00:00 0 
7f8b4124c000-7f8b4124e000 r-xp 00000000 08:01 537914                     /home/nadav/.jdks/openjdk-15.0.1/lib/libextnet.so
7f8b4124e000-7f8b4124f000 r--p 00001000 08:01 537914                     /home/nadav/.jdks/openjdk-15.0.1/lib/libextnet.so
7f8b4124f000-7f8b41250000 rw-p 00002000 08:01 537914                     /home/nadav/.jdks/openjdk-15.0.1/lib/libextnet.so
7f8b41250000-7f8b41258000 rw-s 00000000 08:01 280941                     /tmp/hsperfdata_nadav/4759
7f8b41258000-7f8b41262000 r-xp 00000000 08:01 537918                     /home/nadav/.jdks/openjdk-15.0.1/lib/libinstrument.so
7f8b41262000-7f8b41263000 r--p 00009000 08:01 537918                     /home/nadav/.jdks/openjdk-15.0.1/lib/libinstrument.so
7f8b41263000-7f8b41264000 rw-p 0000a000 08:01 537918                     /home/nadav/.jdks/openjdk-15.0.1/lib/libinstrument.so
7f8b41264000-7f8b41265000 ---p 00000000 00:00 0 
7f8b41265000-7f8b41266000 r--p 00000000 00:00 0 
7f8b41266000-7f8b41267000 ---p 00000000 00:00 0 
7f8b41267000-7f8b41268000 r--p 00025000 08:01 1071198                    /lib/x86_64-linux-gnu/ld-2.23.so
7f8b41268000-7f8b41269000 rw-p 00026000 08:01 1071198                    /lib/x86_64-linux-gnu/ld-2.23.so
7f8b41269000-7f8b4126a000 rw-p 00000000 00:00 0 
7ffe2a52a000-7ffe2a54d000 rw-p 00000000 00:00 0                          [stack]
7ffe2a59e000-7ffe2a5a1000 r--p 00000000 00:00 0                          [vvar]
7ffe2a5a1000-7ffe2a5a3000 r-xp 00000000 00:00 0                          [vdso]
ffffffffff600000-ffffffffff601000 r-xp 00000000 00:00 0                  [vsyscall]


VM Arguments:
jvm_args: -javaagent:/home/nadav/idea-IU-202.7660.26/lib/idea_rt.jar=40369:/home/nadav/idea-IU-202.7660.26/bin -Dfile.encoding=UTF-8 
java_command: Manager
java_class_path (initial): /home/nadav/IdeaProjects/Ass1/target/classes:/home/nadav/.m2/repository/software/amazon/awssdk/ec2/2.5.10/ec2-2.5.10.jar:/home/nadav/.m2/repository/software/amazon/awssdk/aws-query-protocol/2.5.10/aws-query-protocol-2.5.10.jar:/home/nadav/.m2/repository/software/amazon/awssdk/protocol-core/2.5.10/protocol-core-2.5.10.jar:/home/nadav/.m2/repository/software/amazon/awssdk/sdk-core/2.5.10/sdk-core-2.5.10.jar:/home/nadav/.m2/repository/software/amazon/awssdk/profiles/2.5.10/profiles-2.5.10.jar:/home/nadav/.m2/repository/org/slf4j/slf4j-api/1.7.25/slf4j-api-1.7.25.jar:/home/nadav/.m2/repository/com/fasterxml/jackson/core/jackson-core/2.9.8/jackson-core-2.9.8.jar:/home/nadav/.m2/repository/com/fasterxml/jackson/core/jackson-databind/2.9.8/jackson-databind-2.9.8.jar:/home/nadav/.m2/repository/org/reactivestreams/reactive-streams/1.0.2/reactive-streams-1.0.2.jar:/home/nadav/.m2/repository/software/amazon/awssdk/auth/2.5.10/auth-2.5.10.jar:/home/nadav/.m2/repository/software/amazon/flow/1.7/flow-1.7.jar:/home/nadav/.m2/repository/software/amazon/awssdk/http-client-spi/2.5.10/http-client-spi-2.5.10.jar:/home/nadav/.m2/repository/software/amazon/awssdk/regions/2.5.10/regions-2.5.10.jar:/home/nadav/.m2/repository/com/fasterxml/jackson/core/jackson-annotations/2.9.0/jackson-annotations-2.9.0.jar:/home/nadav/.m2/repository/software/amazon/awssdk/annotations/2.5.10/annotations-2.5.10.jar:/home/nadav/.m2/repository/software/amazon/awssdk/utils/2.5.10/utils-2.5.10.jar:/home/nadav/.m2/repository/software/amazon/awssdk/aws-core/2.5.10/aws-core-2.5.10.jar:/home/nadav/.m2/repository/software/amazon/awssdk/apache-client/2.5.10/apache-client-2.5.10.jar:/home/nadav/.m2/repository/org/apache/httpcomponents/httpclient/4.5.6/httpclient-4.5.6.jar:/home/nadav/.m2/repository/commons-codec/commons-codec/1.10/commons-codec-1.10.jar:/home/nadav/.m2/repository/org/apache/httpcomponents/httpcore/4.4.10/httpcore-4.4.10.jar:/home/nadav/.m2/repository/software/amazon/awssdk/
Launcher Type: SUN_STANDARD

[Global flags]
     intx CICompilerCount                          = 3                                         {product} {ergonomic}
     uint ConcGCThreads                            = 1                                         {product} {ergonomic}
     uint G1ConcRefinementThreads                  = 4                                         {product} {ergonomic}
   size_t G1HeapRegionSize                         = 1048576                                   {product} {ergonomic}
    uintx GCDrainStackTargetSize                   = 64                                        {product} {ergonomic}
   size_t InitialHeapSize                          = 132120576                                 {product} {ergonomic}
   size_t MarkStackSize                            = 4194304                                   {product} {ergonomic}
   size_t MaxHeapSize                              = 2092957696                                {product} {ergonomic}
   size_t MaxNewSize                               = 1255145472                                {product} {ergonomic}
   size_t MinHeapDeltaBytes                        = 1048576                                   {product} {ergonomic}
   size_t MinHeapSize                              = 8388608                                   {product} {ergonomic}
    uintx NonNMethodCodeHeapSize                   = 5832780                                {pd product} {ergonomic}
    uintx NonProfiledCodeHeapSize                  = 122912730                              {pd product} {ergonomic}
    uintx ProfiledCodeHeapSize                     = 122912730                              {pd product} {ergonomic}
    uintx ReservedCodeCacheSize                    = 251658240                              {pd product} {ergonomic}
     bool SegmentedCodeCache                       = true                                      {product} {ergonomic}
   size_t SoftMaxHeapSize                          = 2092957696                             {manageable} {ergonomic}
     bool UseCompressedClassPointers               = true                                 {lp64_product} {ergonomic}
     bool UseCompressedOops                        = true                                 {lp64_product} {ergonomic}
     bool UseG1GC                                  = true                                      {product} {ergonomic}

Logging:
Log output configuration:
 #0: stdout all=warning uptime,level,tags
 #1: stderr all=off uptime,level,tags

Environment Variables:
PATH=/home/nadav/.opam/default/bin:/home/nadav/.opam/system/bin:/home/nadav/.local/bin:/usr/local/sbin:/usr/local/bin:/usr/sbin:/usr/bin:/sbin:/bin:/usr/games:/usr/local/games:/snap/bin
SHELL=/bin/bash
DISPLAY=:0
LANG=en_US.UTF-8

Signal Handlers:
SIGSEGV: [libjvm.so+0xd63670], sa_mask[0]=11111111011111111101111111111110, sa_flags=SA_RESTART|SA_SIGINFO
SIGBUS: [libjvm.so+0xd63670], sa_mask[0]=11111111011111111101111111111110, sa_flags=SA_RESTART|SA_SIGINFO
SIGFPE: [libjvm.so+0xd63670], sa_mask[0]=11111111011111111101111111111110, sa_flags=SA_RESTART|SA_SIGINFO
SIGPIPE: [libjvm.so+0xb410d0], sa_mask[0]=11111111011111111101111111111110, sa_flags=SA_RESTART|SA_SIGINFO
SIGXFSZ: [libjvm.so+0xb410d0], sa_mask[0]=11111111011111111101111111111110, sa_flags=SA_RESTART|SA_SIGINFO
SIGILL: [libjvm.so+0xd63670], sa_mask[0]=11111111011111111101111111111110, sa_flags=SA_RESTART|SA_SIGINFO
SIGUSR2: [libjvm.so+0xb40f70], sa_mask[0]=00100000000000000000000000000000, sa_flags=SA_RESTART|SA_SIGINFO
SIGHUP: [libjvm.so+0xb417e0], sa_mask[0]=11111111011111111101111111111110, sa_flags=SA_RESTART|SA_SIGINFO
SIGINT: [libjvm.so+0xb417e0], sa_mask[0]=11111111011111111101111111111110, sa_flags=SA_RESTART|SA_SIGINFO
SIGTERM: [libjvm.so+0xb417e0], sa_mask[0]=11111111011111111101111111111110, sa_flags=SA_RESTART|SA_SIGINFO
SIGQUIT: [libjvm.so+0xb417e0], sa_mask[0]=11111111011111111101111111111110, sa_flags=SA_RESTART|SA_SIGINFO


---------------  S Y S T E M  ---------------

OS:
DISTRIB_ID=Ubuntu
DISTRIB_RELEASE=16.04
DISTRIB_CODENAME=xenial
DISTRIB_DESCRIPTION="Ubuntu 16.04.5 LTS"
uname: Linux 4.15.0-74-generic #83~16.04.1-Ubuntu SMP Wed Dec 18 04:56:23 UTC 2019 x86_64
OS uptime: 2 days 19:20 hours
libc: glibc 2.23 NPTL 2.23 
rlimit (soft/hard): STACK 8192k/infinity , CORE 0k/infinity , NPROC 31666/31666 , NOFILE 1048576/1048576 , AS infinity/infinity , CPU infinity/infinity , DATA infinity/infinity , FSIZE infinity/infinity , MEMLOCK 64k/64k
load average: 1.22 1.35 1.02

/proc/meminfo:
MemTotal:        8167704 kB
MemFree:          225680 kB
MemAvailable:    1073832 kB
Buffers:           75036 kB
Cached:          1391016 kB
SwapCached:         6296 kB
Active:          6300952 kB
Inactive:        1349024 kB
Active(anon):    5635828 kB
Inactive(anon):   997324 kB
Active(file):     665124 kB
Inactive(file):   351700 kB
Unevictable:          32 kB
Mlocked:              32 kB
SwapTotal:        998396 kB
SwapFree:         299468 kB
Dirty:              5352 kB
Writeback:             0 kB
AnonPages:       6178740 kB
Mapped:           694700 kB
Shmem:            458852 kB
Slab:             146672 kB
SReclaimable:      99244 kB
SUnreclaim:        47428 kB
KernelStack:       18080 kB
PageTables:        71512 kB
NFS_Unstable:          0 kB
Bounce:                0 kB
WritebackTmp:          0 kB
CommitLimit:     5082248 kB
Committed_AS:   14627220 kB
VmallocTotal:   34359738367 kB
VmallocUsed:           0 kB
VmallocChunk:          0 kB
HardwareCorrupted:     0 kB
AnonHugePages:         0 kB
ShmemHugePages:        0 kB
ShmemPmdMapped:        0 kB
CmaTotal:              0 kB
CmaFree:               0 kB
HugePages_Total:       0
HugePages_Free:        0
HugePages_Rsvd:        0
HugePages_Surp:        0
Hugepagesize:       2048 kB
DirectMap4k:      202688 kB
DirectMap2M:     8185856 kB

/sys/kernel/mm/transparent_hugepage/enabled: always [madvise] never
/sys/kernel/mm/transparent_hugepage/defrag (defrag/compaction efforts parameter): always defer defer+madvise [madvise] never

/proc/sys/kernel/threads-max (system-wide limit on the number of threads): 63333
/proc/sys/vm/max_map_count (maximum number of memory map areas a process may have): 65530
/proc/sys/kernel/pid_max (system-wide limit on number of process identifiers): 32768

container (cgroup) information:
container_type: cgroupv1
cpu_cpuset_cpus: 0-3
cpu_memory_nodes: 0
active_processor_count: 4
cpu_quota: no quota
cpu_period: 100000
cpu_shares: no shares
memory_limit_in_bytes: unlimited
memory_and_swap_limit_in_bytes: not supported
memory_soft_limit_in_bytes: unlimited
memory_usage_in_bytes: 7832379392
memory_max_usage_in_bytes: 14032896

KVM virtualization detected
Steal ticks since vm start: 0
Steal ticks percentage since vm start:  0.000

CPU: total 4 (initial active 4) (4 cores per cpu, 1 threads per core) family 6 model 158 stepping 9 microcode 0x0, cmov, cx8, fxsr, mmx, sse, sse2, sse3, ssse3, sse4.1, sse4.2, popcnt, vzeroupper, avx, avx2, aes, clmul, 3dnowpref, lzcnt, tsc, tscinvbit, clflush, clflushopt
CPU Model and flags from /proc/cpuinfo:
model name	: Intel(R) Core(TM) i7-7700HQ CPU @ 2.80GHz
flags		: fpu vme de pse tsc msr pae mce cx8 apic sep mtrr pge mca cmov pat pse36 clflush mmx fxsr sse sse2 ht syscall nx rdtscp lm constant_tsc rep_good nopl xtopology nonstop_tsc cpuid tsc_known_freq pni pclmulqdq ssse3 cx16 pcid sse4_1 sse4_2 x2apic movbe popcnt aes xsave avx rdrand hypervisor lahf_lm abm 3dnowprefetch invpcid_single pti fsgsbase avx2 invpcid rdseed clflushopt flush_l1d

Online cpus: 0-3
Offline cpus: 
BIOS frequency limitation: <Not Available>
Frequency switch latency (ns): <Not Available>
Available cpu frequencies: <Not Available>
Current governor: <Not Available>
Core performance/turbo boost: <Not Available>

Memory: 4k page, physical 8167704k(225680k free), swap 998396k(299468k free)

vm_info: OpenJDK 64-Bit Server VM (15.0.1+9-18) for linux-amd64 JRE (15.0.1+9-18), built on Sep 15 2020 13:31:44 by "mach5one" with gcc 9.2.0

END.
