#
# A fatal error has been detected by the Java Runtime Environment:
#
#  SIGSEGV (0xb) at pc=0x00007f47c1879ac7, pid=10420, tid=10465
#
# JRE version: OpenJDK Runtime Environment (15.0.1+9) (build 15.0.1+9-18)
# Java VM: OpenJDK 64-Bit Server VM (15.0.1+9-18, mixed mode, sharing, tiered, compressed oops, g1 gc, linux-amd64)
# Problematic frame:
# C  [libtesseract.so.3.0.4+0x9dac7]  tesseract::Tesseract::recog_all_words(PAGE_RES*, ETEXT_DESC*, TBOX const*, char const*, int)+0x5e7
#
# Core dump will be written. Default location: Core dumps may be processed with "/usr/share/apport/apport %p %s %c %d %P %E" (or dumping to /home/nadav/IdeaProjects/Ass1/src/main/resources/core.10420)
#
# If you would like to submit a bug report, please visit:
#   https://bugreport.java.com/bugreport/crash.jsp
# The crash happened outside the Java Virtual Machine in native code.
# See problematic frame for where to report the bug.
#

---------------  S U M M A R Y ------------

Command Line: -javaagent:/home/nadav/idea-IU-202.7660.26/lib/idea_rt.jar=46015:/home/nadav/idea-IU-202.7660.26/bin -Dfile.encoding=UTF-8 Manager

Host: Intel(R) Core(TM) i7-7700HQ CPU @ 2.80GHz, 4 cores, 7G, Ubuntu 16.04.5 LTS
Time: Sun Nov 29 22:10:00 2020 IST elapsed time: 11.937818 seconds (0d 0h 0m 11s)

---------------  T H R E A D  ---------------

Current thread (0x00007f486047a880):  JavaThread "pool-2-thread-11" [_thread_in_native, id=10465, stack(0x00007f482e2eb000,0x00007f482e3ec000)]

Stack: [0x00007f482e2eb000,0x00007f482e3ec000],  sp=0x00007f482e3e9550,  free space=1017k
Native frames: (J=compiled Java code, A=aot compiled Java code, j=interpreted, Vv=VM code, C=native code)
C  [libtesseract.so.3.0.4+0x9dac7]  tesseract::Tesseract::recog_all_words(PAGE_RES*, ETEXT_DESC*, TBOX const*, char const*, int)+0x5e7

Java frames: (J=compiled Java code, j=interpreted, Vv=VM code)
j  com.sun.jna.Native.invokePointer(Lcom/sun/jna/Function;JI[Ljava/lang/Object;)J+0
j  com.sun.jna.Function.invokePointer(I[Ljava/lang/Object;)Lcom/sun/jna/Pointer;+7
j  com.sun.jna.Function.invoke([Ljava/lang/Object;Ljava/lang/Class;ZI)Ljava/lang/Object;+385
j  com.sun.jna.Function.invoke(Ljava/lang/reflect/Method;[Ljava/lang/Class;Ljava/lang/Class;[Ljava/lang/Object;Ljava/util/Map;)Ljava/lang/Object;+271
j  com.sun.jna.Library$Handler.invoke(Ljava/lang/Object;Ljava/lang/reflect/Method;[Ljava/lang/Object;)Ljava/lang/Object;+344
j  com.sun.proxy.$Proxy5.TessBaseAPIGetUTF8Text(Lnet/sourceforge/tess4j/ITessAPI$TessBaseAPI;)Lcom/sun/jna/Pointer;+16
j  net.sourceforge.tess4j.Tesseract.getOCRText(Ljava/lang/String;I)Ljava/lang/String;+62
j  net.sourceforge.tess4j.Tesseract.doOCR(Ljava/util/List;Ljava/lang/String;Ljava/awt/Rectangle;)Ljava/lang/String;+69
j  net.sourceforge.tess4j.Tesseract.doOCR(Ljava/util/List;Ljava/awt/Rectangle;)Ljava/lang/String;+4
j  net.sourceforge.tess4j.Tesseract.doOCR(Ljava/awt/image/BufferedImage;Ljava/awt/Rectangle;)Ljava/lang/String;+6
j  net.sourceforge.tess4j.Tesseract.doOCR(Ljava/awt/image/BufferedImage;)Ljava/lang/String;+3
j  Worker.run()V+127
j  java.util.concurrent.ThreadPoolExecutor.runWorker(Ljava/util/concurrent/ThreadPoolExecutor$Worker;)V+92 java.base@15.0.1
j  java.util.concurrent.ThreadPoolExecutor$Worker.run()V+5 java.base@15.0.1
j  java.lang.Thread.run()V+11 java.base@15.0.1
v  ~StubRoutines::call_stub

siginfo: si_signo: 11 (SIGSEGV), si_code: 1 (SEGV_MAPERR), si_addr: 0x000000000000000c

Register to memory mapping:

RAX=0x0 is NULL
RBX=0x00007f482e3e95a0 is pointing into the stack for thread: 0x00007f486047a880
RCX=0x0 is NULL
RDX=0x0 is NULL
RSP=0x00007f482e3e9550 is pointing into the stack for thread: 0x00007f486047a880
RBP=0x00007f47c8311040 points into unknown readable memory: 0x00007f47c1cc6800 | 00 68 cc c1 47 7f 00 00
RSI=0x0 is NULL
RDI=0x00007f482e3e9660 is pointing into the stack for thread: 0x00007f486047a880
R8 =0x0 is NULL
R9 =0x0 is NULL
R10=0x00000000ffff8001 points into unknown readable memory: 00 00 00 00 00 00 00
R11=0x00007f47c860bcf0 points into unknown readable memory: 0x00007f47c860bd00 | 00 bd 60 c8 47 7f 00 00
R12=0x00007f47c8607590 points into unknown readable memory: 0x0000000000000000 | 00 00 00 00 00 00 00 00
R13=0x0 is NULL
R14=0x0 is NULL
R15=0x00007f47c8607590 points into unknown readable memory: 0x0000000000000000 | 00 00 00 00 00 00 00 00


Registers:
RAX=0x0000000000000000, RBX=0x00007f482e3e95a0, RCX=0x0000000000000000, RDX=0x0000000000000000
RSP=0x00007f482e3e9550, RBP=0x00007f47c8311040, RSI=0x0000000000000000, RDI=0x00007f482e3e9660
R8 =0x0000000000000000, R9 =0x0000000000000000, R10=0x00000000ffff8001, R11=0x00007f47c860bcf0
R12=0x00007f47c8607590, R13=0x0000000000000000, R14=0x0000000000000000, R15=0x00007f47c8607590
RIP=0x00007f47c1879ac7, EFLAGS=0x0000000000010246, CSGSFS=0x002b000000000033, ERR=0x0000000000000004
  TRAPNO=0x000000000000000e

Top of Stack: (sp=0x00007f482e3e9550)
0x00007f482e3e9550:   0000000000000000 0000000000000000
0x00007f482e3e9560:   00007f47c8609170 00007f47c85f6db0
0x00007f482e3e9570:   00007f47c8607620 00007f47c8607d30
0x00007f482e3e9580:   0000000000000000 00007f482e3e95b0 

Instructions: (pc=0x00007f47c1879ac7)
0x00007f47c18799c7:   00 31 f6 48 89 df e8 1e aa 15 00 49 8d 44 24 40
0x00007f47c18799d7:   4c 8d 7c 24 20 48 89 44 24 18 eb 6a 0f 1f 44 00
0x00007f47c18799e7:   00 48 8b 90 e8 00 00 00 80 7a 4c 0a 74 7b 48 8b
0x00007f47c18799f7:   b8 00 01 00 00 48 85 ff 74 40 48 81 c7 a0 00 00
0x00007f47c1879a07:   00 e8 13 23 18 00 85 c0 7e 30 48 8b 44 24 70 4c
0x00007f47c1879a17:   89 ff 48 8b b0 00 01 00 00 48 81 c6 a0 00 00 00
0x00007f47c1879a27:   e8 e4 21 18 00 48 8b 7c 24 18 4c 89 fe e8 67 d6
0x00007f47c1879a37:   fe ff 4c 89 ff e8 9f 22 18 00 31 d2 31 f6 48 89
0x00007f47c1879a47:   df e8 03 a6 15 00 48 8b 44 24 70 48 85 c0 74 49
0x00007f47c1879a57:   48 8b 50 08 f6 42 13 02 74 87 48 89 de 48 89 ef
0x00007f47c1879a67:   e8 44 b5 ff ff eb d3 66 90 83 85 e4 4b 00 00 01
0x00007f47c1879a77:   e9 79 ff ff ff 0f 1f 40 00 48 8b 7c 24 10 88 04
0x00007f47c1879a87:   24 e8 83 13 00 00 0f b6 04 24 e9 0f fc ff ff 66
0x00007f47c1879a97:   2e 0f 1f 84 00 00 00 00 00 48 8b 7c 24 10 e8 66
0x00007f47c1879aa7:   13 00 00 41 83 fe 01 0f 84 ec fb ff ff e9 b9 fa
0x00007f47c1879ab7:   ff ff 0f 1f 80 00 00 00 00 48 8b 85 10 0b 00 00
0x00007f47c1879ac7:   80 78 0c 00 0f 84 9f fd ff ff 48 89 ef e8 17 82
0x00007f47c1879ad7:   0f 00 e9 92 fd ff ff 4c 89 e6 48 89 ef e8 e7 8b
0x00007f47c1879ae7:   ff ff e9 c5 fa ff ff 4c 89 e6 48 89 ef e8 07 97
0x00007f47c1879af7:   ff ff e9 c2 fa ff ff 8b 8d f8 4b 00 00 85 c9 0f
0x00007f47c1879b07:   8e aa fc ff ff 48 8b 95 00 4c 00 00 48 8b 02 83
0x00007f47c1879b17:   b8 3c 1e 00 00 01 0f 85 c7 fb ff ff 8d 71 ff 48
0x00007f47c1879b27:   8d 42 08 48 8d 74 f2 08 eb 1b 0f 1f 80 00 00 00
0x00007f47c1879b37:   00 48 8b 10 48 83 c0 08 83 ba 3c 1e 00 00 01 0f
0x00007f47c1879b47:   85 9e fb ff ff 48 39 c6 75 e7 e9 60 fc ff ff 48
0x00007f47c1879b57:   8b 7c 24 10 88 04 24 e8 ad 12 00 00 0f b6 04 24
0x00007f47c1879b67:   e9 39 fb ff ff 80 bd 62 31 00 00 00 0f 85 a5 fa
0x00007f47c1879b77:   ff ff 8b b5 14 1e 00 00 48 8d bd c0 3d 00 00 4c
0x00007f47c1879b87:   89 e2 e8 92 1e 0c 00 31 f6 48 89 df e8 58 a8 15
0x00007f47c1879b97:   00 48 8b 44 24 70 48 85 c0 0f 85 ba fa ff ff e9
0x00007f47c1879ba7:   f5 fa ff ff 0f 1f 44 00 00 4c 89 e6 48 89 ef e8
0x00007f47c1879bb7:   85 4f 04 00 e9 24 fa ff ff e8 cb d4 fd ff 4c 89 


Stack slot to memory mapping:
stack at sp + 0 slots: 0x0 is NULL
stack at sp + 1 slots: 0x0 is NULL
stack at sp + 2 slots: 0x00007f47c8609170 points into unknown readable memory: 0x00007f47c85f6db0 | b0 6d 5f c8 47 7f 00 00
stack at sp + 3 slots: 0x00007f47c85f6db0 points into unknown readable memory: 0x00007f47c85f6fc0 | c0 6f 5f c8 47 7f 00 00
stack at sp + 4 slots: 0x00007f47c8607620 points into unknown readable memory: 0x00007f47c86059d0 | d0 59 60 c8 47 7f 00 00
stack at sp + 5 slots: 0x00007f47c8607d30 points into unknown readable memory: 0x00007f47c8607d30 | 30 7d 60 c8 47 7f 00 00
stack at sp + 6 slots: 0x0 is NULL
stack at sp + 7 slots: 0x00007f482e3e95b0 is pointing into the stack for thread: 0x00007f486047a880


---------------  P R O C E S S  ---------------

Threads class SMR info:
_java_thread_list=0x00007f47c80e8ed0, length=58, elements={
0x00007f486002c250, 0x00007f48601596d0, 0x00007f486015add0, 0x00007f4860161450,
0x00007f4860162b20, 0x00007f4860164780, 0x00007f4860165fb0, 0x00007f48601672c0,
0x00007f486017b030, 0x00007f4860446370, 0x00007f4860447b00, 0x00007f48604533b0,
0x00007f486046e3b0, 0x00007f486046f720, 0x00007f4860470dd0, 0x00007f48604720a0,
0x00007f4860473370, 0x00007f4860474650, 0x00007f4860475930, 0x00007f48604770c0,
0x00007f48604782e0, 0x00007f48604795b0, 0x00007f486047a880, 0x00007f486047bb50,
0x00007f486047ce20, 0x00007f486047e100, 0x00007f486047f3e0, 0x00007f4860480ac0,
0x00007f48604821a0, 0x00007f4860483860, 0x00007f4860484f20, 0x00007f4860486200,
0x00007f48604878d0, 0x00007f4860488bc0, 0x00007f4860489eb0, 0x00007f486048b180,
0x00007f486048c400, 0x00007f4818000bc0, 0x00007f48606d63e0, 0x00007f4860854fd0,
0x00007f482404f440, 0x00007f4820027ec0, 0x00007f4824052e20, 0x00007f48240540e0,
0x00007f4830001ea0, 0x00007f483402e590, 0x00007f484000ac20, 0x00007f48609563f0,
0x00007f4834031820, 0x00007f47cc0233a0, 0x00007f4820044e40, 0x00007f48340016b0,
0x00007f4834002af0, 0x00007f482004fca0, 0x00007f47c8057450, 0x00007f481456fe50,
0x00007f47c80b04c0, 0x00007f47c80e7c10
}

Java Threads: ( => current thread )
  0x00007f486002c250 JavaThread "main" [_thread_in_native, id=10422, stack(0x00007f4869da8000,0x00007f4869ea9000)]
  0x00007f48601596d0 JavaThread "Reference Handler" daemon [_thread_blocked, id=10438, stack(0x00007f48444c3000,0x00007f48445c4000)]
  0x00007f486015add0 JavaThread "Finalizer" daemon [_thread_blocked, id=10439, stack(0x00007f48443c2000,0x00007f48444c3000)]
  0x00007f4860161450 JavaThread "Signal Dispatcher" daemon [_thread_blocked, id=10443, stack(0x00007f482f6ff000,0x00007f482f800000)]
  0x00007f4860162b20 JavaThread "Service Thread" daemon [_thread_blocked, id=10445, stack(0x00007f482f5fe000,0x00007f482f6ff000)]
  0x00007f4860164780 JavaThread "C2 CompilerThread0" daemon [_thread_blocked, id=10447, stack(0x00007f482f4fd000,0x00007f482f5fe000)]
  0x00007f4860165fb0 JavaThread "C1 CompilerThread0" daemon [_thread_blocked, id=10448, stack(0x00007f482f3fc000,0x00007f482f4fd000)]
  0x00007f48601672c0 JavaThread "Sweeper thread" daemon [_thread_blocked, id=10449, stack(0x00007f482f2fb000,0x00007f482f3fc000)]
  0x00007f486017b030 JavaThread "Common-Cleaner" daemon [_thread_blocked, id=10450, stack(0x00007f482f1fa000,0x00007f482f2fb000)]
  0x00007f4860446370 JavaThread "Monitor Ctrl-Break" daemon [_thread_in_native, id=10451, stack(0x00007f482f0f9000,0x00007f482f1fa000)]
  0x00007f4860447b00 JavaThread "Notification Thread" daemon [_thread_blocked, id=10452, stack(0x00007f482eff8000,0x00007f482f0f9000)]
  0x00007f48604533b0 JavaThread "pool-1-thread-1" [_thread_blocked, id=10454, stack(0x00007f482edf6000,0x00007f482eef7000)]
  0x00007f486046e3b0 JavaThread "pool-2-thread-1" [_thread_in_native, id=10455, stack(0x00007f482ecf5000,0x00007f482edf6000)]
  0x00007f486046f720 JavaThread "pool-2-thread-2" [_thread_in_native, id=10456, stack(0x00007f482ebf4000,0x00007f482ecf5000)]
  0x00007f4860470dd0 JavaThread "pool-2-thread-3" [_thread_in_native, id=10457, stack(0x00007f482eaf3000,0x00007f482ebf4000)]
  0x00007f48604720a0 JavaThread "pool-2-thread-4" [_thread_in_native, id=10458, stack(0x00007f482e9f2000,0x00007f482eaf3000)]
  0x00007f4860473370 JavaThread "pool-2-thread-5" [_thread_in_native, id=10459, stack(0x00007f482e8f1000,0x00007f482e9f2000)]
  0x00007f4860474650 JavaThread "pool-2-thread-6" [_thread_in_native, id=10460, stack(0x00007f482e7f0000,0x00007f482e8f1000)]
  0x00007f4860475930 JavaThread "pool-2-thread-7" [_thread_in_native, id=10461, stack(0x00007f482e6ef000,0x00007f482e7f0000)]
  0x00007f48604770c0 JavaThread "pool-2-thread-8" [_thread_in_native, id=10462, stack(0x00007f482e5ee000,0x00007f482e6ef000)]
  0x00007f48604782e0 JavaThread "pool-2-thread-9" [_thread_in_native, id=10463, stack(0x00007f482e4ed000,0x00007f482e5ee000)]
  0x00007f48604795b0 JavaThread "pool-2-thread-10" [_thread_in_native, id=10464, stack(0x00007f482e3ec000,0x00007f482e4ed000)]
=>0x00007f486047a880 JavaThread "pool-2-thread-11" [_thread_in_native, id=10465, stack(0x00007f482e2eb000,0x00007f482e3ec000)]
  0x00007f486047bb50 JavaThread "pool-2-thread-12" [_thread_in_native, id=10466, stack(0x00007f482e1ea000,0x00007f482e2eb000)]
  0x00007f486047ce20 JavaThread "pool-2-thread-13" [_thread_in_native, id=10467, stack(0x00007f482e0e9000,0x00007f482e1ea000)]
  0x00007f486047e100 JavaThread "pool-2-thread-14" [_thread_in_native, id=10468, stack(0x00007f482dfe8000,0x00007f482e0e9000)]
  0x00007f486047f3e0 JavaThread "pool-2-thread-15" [_thread_in_native, id=10469, stack(0x00007f482dee7000,0x00007f482dfe8000)]
  0x00007f4860480ac0 JavaThread "pool-2-thread-16" [_thread_in_native, id=10470, stack(0x00007f482dde6000,0x00007f482dee7000)]
  0x00007f48604821a0 JavaThread "pool-2-thread-17" [_thread_in_native, id=10471, stack(0x00007f482dce5000,0x00007f482dde6000)]
  0x00007f4860483860 JavaThread "pool-2-thread-18" [_thread_in_native, id=10472, stack(0x00007f482dbe4000,0x00007f482dce5000)]
  0x00007f4860484f20 JavaThread "pool-2-thread-19" [_thread_in_native, id=10473, stack(0x00007f482dae3000,0x00007f482dbe4000)]
  0x00007f4860486200 JavaThread "pool-2-thread-20" [_thread_in_native, id=10474, stack(0x00007f482d9e2000,0x00007f482dae3000)]
  0x00007f48604878d0 JavaThread "pool-2-thread-21" [_thread_in_native, id=10475, stack(0x00007f482d8e1000,0x00007f482d9e2000)]
  0x00007f4860488bc0 JavaThread "pool-2-thread-22" [_thread_in_native, id=10476, stack(0x00007f482d7e0000,0x00007f482d8e1000)]
  0x00007f4860489eb0 JavaThread "pool-2-thread-23" [_thread_in_native, id=10477, stack(0x00007f482d6df000,0x00007f482d7e0000)]
  0x00007f486048b180 JavaThread "pool-2-thread-24" [_thread_in_native, id=10478, stack(0x00007f482d5de000,0x00007f482d6df000)]
  0x00007f486048c400 JavaThread "pool-2-thread-25" [_thread_in_native, id=10479, stack(0x00007f482d4dd000,0x00007f482d5de000)]
  0x00007f4818000bc0 JavaThread "Attach Listener" daemon [_thread_blocked, id=10488, stack(0x00007f482ced7000,0x00007f482cfd8000)]
  0x00007f48606d63e0 JavaThread "idle-connection-reaper" daemon [_thread_blocked, id=10494, stack(0x00007f482cdd6000,0x00007f482ced7000)]
  0x00007f4860854fd0 JavaThread "aws-java-sdk-NettyEventLoop-2-0" daemon [_thread_in_native, id=10501, stack(0x00007f482c0ab000,0x00007f482c1ac000)]
  0x00007f482404f440 JavaThread "aws-java-sdk-NettyEventLoop-2-1" daemon [_thread_in_native, id=10502, stack(0x00007f47c78ff000,0x00007f47c7a00000)]
  0x00007f4820027ec0 JavaThread "aws-java-sdk-NettyEventLoop-2-2" daemon [_thread_in_native, id=10503, stack(0x00007f482d3dc000,0x00007f482d4dd000)]
  0x00007f4824052e20 JavaThread "aws-java-sdk-NettyEventLoop-2-3" daemon [_thread_in_native, id=10504, stack(0x00007f47c77fe000,0x00007f47c78ff000)]
  0x00007f48240540e0 JavaThread "aws-java-sdk-NettyEventLoop-2-4" daemon [_thread_in_native, id=10505, stack(0x00007f47c66fc000,0x00007f47c67fd000)]
  0x00007f4830001ea0 JavaThread "aws-java-sdk-NettyEventLoop-2-5" daemon [_thread_in_native, id=10506, stack(0x00007f47c65fb000,0x00007f47c66fc000)]
  0x00007f483402e590 JavaThread "sdk-async-response-1-0" daemon [_thread_blocked, id=10508, stack(0x00007f47c54f9000,0x00007f47c55fa000)]
  0x00007f484000ac20 JavaThread "ForkJoinPool.commonPool-worker-3" daemon [_thread_blocked, id=10509, stack(0x00007f47c53f8000,0x00007f47c54f9000)]
  0x00007f48609563f0 JavaThread "aws-java-sdk-NettyEventLoop-2-6" daemon [_thread_in_native, id=10511, stack(0x00007f47c4ff6000,0x00007f47c50f7000)]
  0x00007f4834031820 JavaThread "sdk-async-response-1-1" daemon [_thread_blocked, id=10512, stack(0x00007f47c50f7000,0x00007f47c51f8000)]
  0x00007f47cc0233a0 JavaThread "aws-java-sdk-NettyEventLoop-2-7" daemon [_thread_in_native, id=10513, stack(0x00007f47c3ef4000,0x00007f47c3ff5000)]
  0x00007f4820044e40 JavaThread "sdk-async-response-5-0" daemon [_thread_in_native, id=10516, stack(0x00007f47c3df3000,0x00007f47c3ef4000)]
  0x00007f48340016b0 JavaThread "sdk-async-response-1-2" daemon [_thread_blocked, id=10519, stack(0x00007f47c39ee000,0x00007f47c3aef000)]
  0x00007f4834002af0 JavaThread "sdk-async-response-1-3" daemon [_thread_blocked, id=10520, stack(0x00007f47c267b000,0x00007f47c277c000)]
  0x00007f482004fca0 JavaThread "sdk-async-response-5-1" daemon [_thread_in_native, id=10521, stack(0x00007f47c257a000,0x00007f47c267b000)]
  0x00007f47c8057450 JavaThread "Java2D Disposer" daemon [_thread_blocked, id=10523, stack(0x00007f47c2479000,0x00007f47c257a000)]
  0x00007f481456fe50 JavaThread "C2 CompilerThread1" daemon [_thread_in_native, id=10524, stack(0x00007f47c3aef000,0x00007f47c3bf0000)]
  0x00007f47c80b04c0 JavaThread "Keep-Alive-Timer" daemon [_thread_blocked, id=10525, stack(0x00007f47c2177000,0x00007f47c2278000)]
  0x00007f47c80e7c10 JavaThread "process reaper" daemon [_thread_blocked, id=10527, stack(0x00007f4844048000,0x00007f484406a000)]

Other Threads:
  0x00007f4860156ab0 VMThread "VM Thread" [stack: 0x00007f48445c5000,0x00007f48446c5000] [id=10436]
  0x00007f486002d820 WatcherThread [stack: 0x00007f482eef8000,0x00007f482eff8000] [id=10453]
  0x00007f4860069950 GCTaskThread "GC Thread#0" [stack: 0x00007f4864205000,0x00007f4864305000] [id=10425]
  0x00007f4828000aa0 GCTaskThread "GC Thread#1" [stack: 0x00007f482d2dc000,0x00007f482d3dc000] [id=10483]
  0x00007f4828001800 GCTaskThread "GC Thread#2" [stack: 0x00007f482d1db000,0x00007f482d2db000] [id=10484]
  0x00007f4828002590 GCTaskThread "GC Thread#3" [stack: 0x00007f482d0da000,0x00007f482d1da000] [id=10485]
  0x00007f486007ac30 ConcurrentGCThread "G1 Main Marker" [stack: 0x00007f4864104000,0x00007f4864204000] [id=10426]
  0x00007f486007bec0 ConcurrentGCThread "G1 Conc#0" [stack: 0x00007f4864003000,0x00007f4864103000] [id=10428]
  0x00007f48600e2dd0 ConcurrentGCThread "G1 Refine#0" [stack: 0x00007f48448e4000,0x00007f48449e4000] [id=10430]
  0x00007f4830000a80 ConcurrentGCThread "G1 Refine#1" [stack: 0x00007f482cfd9000,0x00007f482d0d9000] [id=10486]
  0x00007f48600e3fe0 ConcurrentGCThread "G1 Young RemSet Sampling" [stack: 0x00007f48447e3000,0x00007f48448e3000] [id=10433]

Threads with active compile tasks:
C2 CompilerThread1    11941 3684       4       jdk.internal.loader.URLClassPath::getResource (74 bytes)

VM state: not at safepoint (normal execution)

VM Mutex/Monitor currently owned by a thread: None

Heap address: 0x0000000083400000, size: 1996 MB, Compressed Oops mode: 32-bit
CDS archive(s) mapped at: [0x0000000800000000-0x0000000800b33000-0x0000000800b33000), size 11743232, SharedBaseAddress: 0x0000000800000000, ArchiveRelocationMode: 0.
Compressed class space mapped at: 0x0000000800b34000-0x0000000840b34000, size: 1073741824
Narrow klass base: 0x0000000800000000, Narrow klass shift: 3, Narrow klass range: 0x100000000

GC Precious Log:
 CPUs: 4 total, 4 available
 Memory: 7976M
 Large Page Support: Disabled
 NUMA Support: Disabled
 Compressed Oops: Enabled (32-bit)
 Heap Region Size: 1M
 Heap Min Capacity: 8M
 Heap Initial Capacity: 126M
 Heap Max Capacity: 1996M
 Pre-touch: Disabled
 Parallel Workers: 4
 Concurrent Workers: 1
 Concurrent Refinement Workers: 4
 Periodic GC: Disabled

Heap:
 garbage-first heap   total 55296K, used 43710K [0x0000000083400000, 0x0000000100000000)
  region size 1024K, 26 young (26624K), 3 survivors (3072K)
 Metaspace       used 28651K, capacity 29023K, committed 29184K, reserved 1075200K
  class space    used 3439K, capacity 3544K, committed 3584K, reserved 1048576K

Heap Regions: E=young(eden), S=young(survivor), O=old, HS=humongous(starts), HC=humongous(continues), CS=collection set, F=free, OA=open archive, CA=closed archive, TAMS=top-at-mark-start (previous, next)
|   0|0x0000000083400000, 0x0000000083500000, 0x0000000083500000|100%|HS|  |TAMS 0x0000000083500000, 0x0000000083400000| Complete 
|   1|0x0000000083500000, 0x0000000083600000, 0x0000000083600000|100%| O|  |TAMS 0x0000000083600000, 0x0000000083500000| Untracked 
|   2|0x0000000083600000, 0x0000000083700000, 0x0000000083700000|100%| O|  |TAMS 0x0000000083700000, 0x0000000083600000| Untracked 
|   3|0x0000000083700000, 0x0000000083800000, 0x0000000083800000|100%| O|  |TAMS 0x0000000083800000, 0x0000000083700000| Untracked 
|   4|0x0000000083800000, 0x0000000083900000, 0x0000000083900000|100%| O|  |TAMS 0x0000000083884a00, 0x0000000083800000| Untracked 
|   5|0x0000000083900000, 0x0000000083990600, 0x0000000083a00000| 56%| O|  |TAMS 0x0000000083900000, 0x0000000083900000| Untracked 
|   6|0x0000000083a00000, 0x0000000083b00000, 0x0000000083b00000|100%| O|  |TAMS 0x0000000083a00000, 0x0000000083a00000| Untracked 
|   7|0x0000000083b00000, 0x0000000083c00000, 0x0000000083c00000|100%| O|  |TAMS 0x0000000083b00000, 0x0000000083b00000| Untracked 
|   8|0x0000000083c00000, 0x0000000083d00000, 0x0000000083d00000|100%| O|  |TAMS 0x0000000083c00000, 0x0000000083c00000| Untracked 
|   9|0x0000000083d00000, 0x0000000083e00000, 0x0000000083e00000|100%| O|  |TAMS 0x0000000083d00000, 0x0000000083d00000| Untracked 
|  10|0x0000000083e00000, 0x0000000083f00000, 0x0000000083f00000|100%| O|  |TAMS 0x0000000083e00000, 0x0000000083e00000| Untracked 
|  11|0x0000000083f00000, 0x0000000084000000, 0x0000000084000000|100%| O|  |TAMS 0x0000000083f00000, 0x0000000083f00000| Untracked 
|  12|0x0000000084000000, 0x00000000840bbc00, 0x0000000084100000| 73%| O|  |TAMS 0x0000000084000000, 0x0000000084000000| Untracked 
|  13|0x0000000084100000, 0x0000000084200000, 0x0000000084200000|100%|HS|  |TAMS 0x0000000084100000, 0x0000000084100000| Complete 
|  14|0x0000000084200000, 0x0000000084300000, 0x0000000084300000|100%|HC|  |TAMS 0x0000000084200000, 0x0000000084200000| Complete 
|  15|0x0000000084300000, 0x0000000084400000, 0x0000000084400000|100%|HS|  |TAMS 0x0000000084300000, 0x0000000084300000| Complete 
|  16|0x0000000084400000, 0x0000000084500000, 0x0000000084500000|100%|HC|  |TAMS 0x0000000084400000, 0x0000000084400000| Complete 
|  17|0x0000000084500000, 0x0000000084595600, 0x0000000084600000| 58%| S|CS|TAMS 0x0000000084500000, 0x0000000084500000| Complete 
|  18|0x0000000084600000, 0x0000000084700000, 0x0000000084700000|100%| S|CS|TAMS 0x0000000084600000, 0x0000000084600000| Complete 
|  19|0x0000000084700000, 0x0000000084800000, 0x0000000084800000|100%| S|CS|TAMS 0x0000000084700000, 0x0000000084700000| Complete 
|  20|0x0000000084800000, 0x0000000084900000, 0x0000000084900000|100%|HS|  |TAMS 0x0000000084800000, 0x0000000084800000| Complete 
|  21|0x0000000084900000, 0x0000000084a00000, 0x0000000084a00000|100%|HC|  |TAMS 0x0000000084900000, 0x0000000084900000| Complete 
|  22|0x0000000084a00000, 0x0000000084a00000, 0x0000000084b00000|  0%| F|  |TAMS 0x0000000084a00000, 0x0000000084a00000| Untracked 
|  23|0x0000000084b00000, 0x0000000084b00000, 0x0000000084c00000|  0%| F|  |TAMS 0x0000000084b00000, 0x0000000084b00000| Untracked 
|  24|0x0000000084c00000, 0x0000000084c00000, 0x0000000084d00000|  0%| F|  |TAMS 0x0000000084c00000, 0x0000000084c00000| Untracked 
|  25|0x0000000084d00000, 0x0000000084d00000, 0x0000000084e00000|  0%| F|  |TAMS 0x0000000084d00000, 0x0000000084d00000| Untracked 
|  26|0x0000000084e00000, 0x0000000084e00000, 0x0000000084f00000|  0%| F|  |TAMS 0x0000000084e00000, 0x0000000084e00000| Untracked 
|  27|0x0000000084f00000, 0x0000000084f00000, 0x0000000085000000|  0%| F|  |TAMS 0x0000000084f00000, 0x0000000084f00000| Untracked 
|  28|0x0000000085000000, 0x0000000085000000, 0x0000000085100000|  0%| F|  |TAMS 0x0000000085000000, 0x0000000085000000| Untracked 
|  29|0x0000000085100000, 0x000000008517a4a8, 0x0000000085200000| 47%| E|  |TAMS 0x0000000085100000, 0x0000000085100000| Complete 
|  30|0x0000000085200000, 0x0000000085300000, 0x0000000085300000|100%| E|CS|TAMS 0x0000000085200000, 0x0000000085200000| Complete 
|  31|0x0000000085300000, 0x0000000085400000, 0x0000000085400000|100%| E|CS|TAMS 0x0000000085300000, 0x0000000085300000| Complete 
|  32|0x0000000085400000, 0x0000000085500000, 0x0000000085500000|100%| E|CS|TAMS 0x0000000085400000, 0x0000000085400000| Complete 
|  33|0x0000000085500000, 0x0000000085600000, 0x0000000085600000|100%| E|CS|TAMS 0x0000000085500000, 0x0000000085500000| Complete 
|  34|0x0000000085600000, 0x0000000085700000, 0x0000000085700000|100%| E|CS|TAMS 0x0000000085600000, 0x0000000085600000| Complete 
|  35|0x0000000085700000, 0x0000000085800000, 0x0000000085800000|100%| E|CS|TAMS 0x0000000085700000, 0x0000000085700000| Complete 
|  36|0x0000000085800000, 0x0000000085900000, 0x0000000085900000|100%| E|CS|TAMS 0x0000000085800000, 0x0000000085800000| Complete 
|  37|0x0000000085900000, 0x0000000085a00000, 0x0000000085a00000|100%| E|CS|TAMS 0x0000000085900000, 0x0000000085900000| Complete 
|  38|0x0000000085a00000, 0x0000000085b00000, 0x0000000085b00000|100%| E|CS|TAMS 0x0000000085a00000, 0x0000000085a00000| Complete 
|  39|0x0000000085b00000, 0x0000000085c00000, 0x0000000085c00000|100%| E|CS|TAMS 0x0000000085b00000, 0x0000000085b00000| Complete 
|  40|0x0000000085c00000, 0x0000000085d00000, 0x0000000085d00000|100%| E|  |TAMS 0x0000000085c00000, 0x0000000085c00000| Complete 
|  41|0x0000000085d00000, 0x0000000085e00000, 0x0000000085e00000|100%| E|CS|TAMS 0x0000000085d00000, 0x0000000085d00000| Complete 
|  42|0x0000000085e00000, 0x0000000085f00000, 0x0000000085f00000|100%| E|CS|TAMS 0x0000000085e00000, 0x0000000085e00000| Complete 
|  43|0x0000000085f00000, 0x0000000086000000, 0x0000000086000000|100%| E|CS|TAMS 0x0000000085f00000, 0x0000000085f00000| Complete 
|  57|0x0000000086d00000, 0x0000000086e00000, 0x0000000086e00000|100%| E|CS|TAMS 0x0000000086d00000, 0x0000000086d00000| Complete 
|  58|0x0000000086e00000, 0x0000000086f00000, 0x0000000086f00000|100%| E|CS|TAMS 0x0000000086e00000, 0x0000000086e00000| Complete 
|  59|0x0000000086f00000, 0x0000000087000000, 0x0000000087000000|100%| E|CS|TAMS 0x0000000086f00000, 0x0000000086f00000| Complete 
|  60|0x0000000087000000, 0x0000000087100000, 0x0000000087100000|100%| E|CS|TAMS 0x0000000087000000, 0x0000000087000000| Complete 
|  61|0x0000000087100000, 0x0000000087200000, 0x0000000087200000|100%| E|CS|TAMS 0x0000000087100000, 0x0000000087100000| Complete 
|  62|0x0000000087200000, 0x0000000087300000, 0x0000000087300000|100%| E|CS|TAMS 0x0000000087200000, 0x0000000087200000| Complete 
|  63|0x0000000087300000, 0x0000000087400000, 0x0000000087400000|100%| E|CS|TAMS 0x0000000087300000, 0x0000000087300000| Complete 
| 125|0x000000008b100000, 0x000000008b200000, 0x000000008b200000|100%| E|CS|TAMS 0x000000008b100000, 0x000000008b100000| Complete 
|1994|0x00000000ffe00000, 0x00000000ffe52000, 0x00000000fff00000| 32%|OA|  |TAMS 0x00000000ffe52000, 0x00000000ffe00000| Untracked 
|1995|0x00000000fff00000, 0x00000000fff7c000, 0x0000000100000000| 48%|CA|  |TAMS 0x00000000fff7c000, 0x00000000fff00000| Untracked 

Card table byte_map: [0x00007f486661b000,0x00007f4866a01000] _byte_map_base: 0x00007f4866201000

Marking Bits (Prev, Next): (CMBitMap*) 0x00007f486006a730, (CMBitMap*) 0x00007f486006a6f0
 Prev Bits: [0x00007f4846de8000, 0x00007f4848d18000)
 Next Bits: [0x00007f4864305000, 0x00007f4866235000)

Polling page: 0x00007f4869eda000

Metaspace:

Usage:
  Non-class:     24.88 MB capacity,    24.62 MB ( 99%) used,   229.30 KB ( <1%) free+waste,    38.06 KB ( <1%) overhead. 
      Class:      3.46 MB capacity,     3.36 MB ( 97%) used,    89.45 KB (  3%) free+waste,    14.69 KB ( <1%) overhead. 
       Both:     28.34 MB capacity,    27.98 MB ( 99%) used,   318.75 KB (  1%) free+waste,    52.75 KB ( <1%) overhead. 

Virtual space:
  Non-class space:       26.00 MB reserved,      25.00 MB ( 96%) committed 
      Class space:        1.00 GB reserved,       3.50 MB ( <1%) committed 
             Both:        1.03 GB reserved,      28.50 MB (  3%) committed 

Chunk freelists:
   Non-Class:  89.00 KB
       Class:  24.00 KB
        Both:  113.00 KB

MaxMetaspaceSize: 17179869184.00 GB
CompressedClassSpaceSize: 1.00 GB

CodeHeap 'non-profiled nmethods': size=120032Kb used=1826Kb max_used=1826Kb free=118205Kb
 bounds [0x00007f48507e0000, 0x00007f4850a50000, 0x00007f4857d18000]
CodeHeap 'profiled nmethods': size=120028Kb used=6718Kb max_used=6718Kb free=113309Kb
 bounds [0x00007f48492a9000, 0x00007f4849939000, 0x00007f48507e0000]
CodeHeap 'non-nmethods': size=5700Kb used=1296Kb max_used=1350Kb free=4403Kb
 bounds [0x00007f4848d18000, 0x00007f4848f88000, 0x00007f48492a9000]
 total_blobs=4275 nmethods=3693 adapters=495
 compilation: enabled
              stopped_count=0, restarted_count=0
 full_count=0

Compilation events (20 events):
Event: 11.907 Thread 0x00007f4860165fb0 nmethod 3725 0x00007f4849936b90 code [0x00007f4849936d20, 0x00007f4849936e30]
Event: 11.907 Thread 0x00007f4860165fb0 3739       3       java.util.stream.ReferencePipeline$2$1::begin (13 bytes)
Event: 11.907 Thread 0x00007f4860165fb0 nmethod 3739 0x00007f4849936f10 code [0x00007f48499370a0, 0x00007f4849937260]
Event: 11.907 Thread 0x00007f4860165fb0 3731       3       software.amazon.awssdk.core.interceptor.ExecutionAttributes::getAttribute (11 bytes)
Event: 11.907 Thread 0x00007f4860165fb0 nmethod 3731 0x00007f4849937310 code [0x00007f48499374a0, 0x00007f4849937660]
Event: 11.907 Thread 0x00007f4860165fb0 3726       3       java.util.stream.ReferencePipeline$7::opWrapSink (10 bytes)
Event: 11.907 Thread 0x00007f4860165fb0 nmethod 3726 0x00007f4849937710 code [0x00007f48499378e0, 0x00007f4849937ea0]
Event: 11.907 Thread 0x00007f4860165fb0 3727       3       java.util.stream.ReferencePipeline$7$1::begin (13 bytes)
Event: 11.907 Thread 0x00007f4860165fb0 nmethod 3727 0x00007f4849938090 code [0x00007f4849938220, 0x00007f48499383e0]
Event: 11.907 Thread 0x00007f4860165fb0 3724       3       java.net.Socket$SocketInputStream::read (11 bytes)
Event: 11.907 Thread 0x00007f4860165fb0 nmethod 3724 0x00007f4849938490 code [0x00007f4849938620, 0x00007f48499387e0]
Event: 11.919 Thread 0x00007f4860164780 nmethod 3723% 0x00007f48509a6790 code [0x00007f48509a6920, 0x00007f48509a7318]
Event: 11.919 Thread 0x00007f4860164780 3695       4       java.lang.String::valueOf (15 bytes)
Event: 11.920 Thread 0x00007f4860164780 nmethod 3695 0x00007f48509a7610 code [0x00007f48509a7780, 0x00007f48509a77f8]
Event: 11.920 Thread 0x00007f4860164780 3693       4       java.util.LinkedHashMap::newNode (23 bytes)
Event: 11.923 Thread 0x00007f4860164780 nmethod 3693 0x00007f48509a7910 code [0x00007f48509a7a80, 0x00007f48509a7f18]
Event: 11.923 Thread 0x00007f4860164780 3694       4       java.util.LinkedHashMap$Entry::<init> (10 bytes)
Event: 11.926 Thread 0x00007f4860164780 nmethod 3694 0x00007f48509a8010 code [0x00007f48509a8180, 0x00007f48509a84d8]
Event: 11.926 Thread 0x00007f4860164780 3705       4       jdk.internal.org.objectweb.asm.SymbolTable::addConstantClass (8 bytes)
Event: 11.927 Thread 0x00007f4860164780 nmethod 3705 0x00007f48509a8590 code [0x00007f48509a8700, 0x00007f48509a8788]

GC Heap History (10 events):
Event: 0.597 GC heap before
{Heap before GC invocations=0 (full 0):
 garbage-first heap   total 131072K, used 15160K [0x0000000083400000, 0x0000000100000000)
  region size 1024K, 13 young (13312K), 0 survivors (0K)
 Metaspace       used 3961K, capacity 6069K, committed 6400K, reserved 1056768K
  class space    used 451K, capacity 636K, committed 768K, reserved 1048576K
}
Event: 0.650 GC heap after
{Heap after GC invocations=1 (full 0):
 garbage-first heap   total 131072K, used 5403K [0x0000000083400000, 0x0000000100000000)
  region size 1024K, 2 young (2048K), 2 survivors (2048K)
 Metaspace       used 3961K, capacity 6069K, committed 6400K, reserved 1056768K
  class space    used 451K, capacity 636K, committed 768K, reserved 1048576K
}
Event: 1.805 GC heap before
{Heap before GC invocations=1 (full 0):
 garbage-first heap   total 131072K, used 19739K [0x0000000083400000, 0x0000000100000000)
  region size 1024K, 16 young (16384K), 2 survivors (2048K)
 Metaspace       used 6712K, capacity 7247K, committed 7552K, reserved 1056768K
  class space    used 763K, capacity 846K, committed 896K, reserved 1048576K
}
Event: 1.811 GC heap after
{Heap after GC invocations=2 (full 0):
 garbage-first heap   total 131072K, used 6915K [0x0000000083400000, 0x0000000100000000)
  region size 1024K, 2 young (2048K), 2 survivors (2048K)
 Metaspace       used 6712K, capacity 7247K, committed 7552K, reserved 1056768K
  class space    used 763K, capacity 846K, committed 896K, reserved 1048576K
}
Event: 3.355 GC heap before
{Heap before GC invocations=2 (full 0):
 garbage-first heap   total 131072K, used 78595K [0x0000000083400000, 0x0000000100000000)
  region size 1024K, 73 young (74752K), 2 survivors (2048K)
 Metaspace       used 14833K, capacity 15075K, committed 15360K, reserved 1062912K
  class space    used 1907K, capacity 2010K, committed 2048K, reserved 1048576K
}
Event: 3.366 GC heap after
{Heap after GC invocations=3 (full 0):
 garbage-first heap   total 131072K, used 11098K [0x0000000083400000, 0x0000000100000000)
  region size 1024K, 6 young (6144K), 6 survivors (6144K)
 Metaspace       used 14833K, capacity 15075K, committed 15360K, reserved 1062912K
  class space    used 1907K, capacity 2010K, committed 2048K, reserved 1048576K
}
Event: 7.815 GC heap before
{Heap before GC invocations=3 (full 0):
 garbage-first heap   total 131072K, used 72538K [0x0000000083400000, 0x0000000100000000)
  region size 1024K, 68 young (69632K), 6 survivors (6144K)
 Metaspace       used 20892K, capacity 21155K, committed 21296K, reserved 1069056K
  class space    used 2578K, capacity 2655K, committed 2688K, reserved 1048576K
}
Event: 7.828 GC heap after
{Heap after GC invocations=4 (full 0):
 garbage-first heap   total 131072K, used 13689K [0x0000000083400000, 0x0000000100000000)
  region size 1024K, 7 young (7168K), 7 survivors (7168K)
 Metaspace       used 20892K, capacity 21155K, committed 21296K, reserved 1069056K
  class space    used 2578K, capacity 2655K, committed 2688K, reserved 1048576K
}
Event: 10.287 GC heap before
{Heap before GC invocations=5 (full 0):
 garbage-first heap   total 55296K, used 38265K [0x0000000083400000, 0x0000000100000000)
  region size 1024K, 32 young (32768K), 7 survivors (7168K)
 Metaspace       used 25458K, capacity 25805K, committed 26112K, reserved 1073152K
  class space    used 3155K, capacity 3241K, committed 3328K, reserved 1048576K
}
Event: 10.302 GC heap after
{Heap after GC invocations=6 (full 0):
 garbage-first heap   total 55296K, used 16062K [0x0000000083400000, 0x0000000100000000)
  region size 1024K, 3 young (3072K), 3 survivors (3072K)
 Metaspace       used 25458K, capacity 25805K, committed 26112K, reserved 1073152K
  class space    used 3155K, capacity 3241K, committed 3328K, reserved 1048576K
}

Deoptimization events (20 events):
Event: 11.903 Thread 0x00007f486047a880 DEOPT PACKING pc=0x00007f48499068d8 sp=0x00007f482e3ea3e0
Event: 11.903 Thread 0x00007f486047a880 DEOPT UNPACKING pc=0x00007f4848d65f2b sp=0x00007f482e3e98d8 mode 0
Event: 11.904 Thread 0x00007f486047a880 DEOPT PACKING pc=0x00007f48499068d8 sp=0x00007f482e3ea3e0
Event: 11.904 Thread 0x00007f486047a880 DEOPT UNPACKING pc=0x00007f4848d65f2b sp=0x00007f482e3e98d8 mode 0
Event: 11.904 Thread 0x00007f486047a880 DEOPT PACKING pc=0x00007f48499068d8 sp=0x00007f482e3ea3e0
Event: 11.904 Thread 0x00007f486047a880 DEOPT UNPACKING pc=0x00007f4848d65f2b sp=0x00007f482e3e98d8 mode 0
Event: 11.904 Thread 0x00007f486047a880 DEOPT PACKING pc=0x00007f48499068d8 sp=0x00007f482e3ea3e0
Event: 11.904 Thread 0x00007f486047a880 DEOPT UNPACKING pc=0x00007f4848d65f2b sp=0x00007f482e3e98d8 mode 0
Event: 11.904 Thread 0x00007f486047a880 DEOPT PACKING pc=0x00007f48499068d8 sp=0x00007f482e3ea3e0
Event: 11.904 Thread 0x00007f486047a880 DEOPT UNPACKING pc=0x00007f4848d65f2b sp=0x00007f482e3e98d8 mode 0
Event: 11.905 Thread 0x00007f486047a880 DEOPT PACKING pc=0x00007f48499068d8 sp=0x00007f482e3ea3e0
Event: 11.905 Thread 0x00007f486047a880 DEOPT UNPACKING pc=0x00007f4848d65f2b sp=0x00007f482e3e98d8 mode 0
Event: 11.905 Thread 0x00007f486047a880 DEOPT PACKING pc=0x00007f48499068d8 sp=0x00007f482e3ea3e0
Event: 11.905 Thread 0x00007f486047a880 DEOPT UNPACKING pc=0x00007f4848d65f2b sp=0x00007f482e3e98d8 mode 0
Event: 11.905 Thread 0x00007f486047a880 DEOPT PACKING pc=0x00007f48499068d8 sp=0x00007f482e3ea3e0
Event: 11.905 Thread 0x00007f486047a880 DEOPT UNPACKING pc=0x00007f4848d65f2b sp=0x00007f482e3e98d8 mode 0
Event: 11.905 Thread 0x00007f486047a880 DEOPT PACKING pc=0x00007f48499068d8 sp=0x00007f482e3ea3e0
Event: 11.905 Thread 0x00007f486047a880 DEOPT UNPACKING pc=0x00007f4848d65f2b sp=0x00007f482e3e98d8 mode 0
Event: 11.906 Thread 0x00007f486047a880 DEOPT PACKING pc=0x00007f48499068d8 sp=0x00007f482e3ea3e0
Event: 11.906 Thread 0x00007f486047a880 DEOPT UNPACKING pc=0x00007f4848d65f2b sp=0x00007f482e3e98d8 mode 0

Classes unloaded (0 events):
No events

Classes redefined (0 events):
No events

Internal exceptions (20 events):
Event: 2.812 Thread 0x00007f4860470dd0 Exception <a 'java/lang/NoSuchMethodError'{0x000000008902e858}: 'java.lang.Object java.lang.invoke.DirectMethodHandle$Holder.newInvokeSpecial(java.lang.Object, long)'> (0x000000008902e858) 
thrown [open/src/hotspot/share/interpreter/linkResolver.cpp, line 781]
Event: 5.977 Thread 0x00007f48604533b0 Exception <a 'java/lang/NoSuchMethodError'{0x00000000882d75a8}: 'void java.lang.invoke.DirectMethodHandle$Holder.invokeVirtual(java.lang.Object, java.lang.Object)'> (0x00000000882d75a8) 
thrown [open/src/hotspot/share/interpreter/linkResolver.cpp, line 781]
Event: 7.749 Thread 0x00007f486002c250 Exception <a 'java/lang/NoSuchMethodError'{0x00000000879ff900}: 'java.lang.Object java.lang.invoke.DirectMethodHandle$Holder.invokeVirtual(java.lang.Object, java.lang.Object, java.lang.Object, java.lang.Object)'> (0x00000000879ff900) 
thrown [open/src/hotspot/share/interpreter/linkResolver.cpp, line 781]
Event: 7.764 Thread 0x00007f486002c250 Exception <a 'java/lang/NoSuchMethodError'{0x00000000878cdef8}: 'void java.lang.invoke.DirectMethodHandle$Holder.invokeSpecial(java.lang.Object, java.lang.Object, java.lang.Object, java.lang.Object, java.lang.Object)'> (0x00000000878cdef8) 
thrown [open/src/hotspot/share/interpreter/linkResolver.cpp, line 781]
Event: 8.783 Thread 0x00007f4824052e20 Exception <a 'java/lang/NoSuchMethodError'{0x00000000857a16a8}: 'int java.lang.invoke.DirectMethodHandle$Holder.invokeInterface(java.lang.Object, java.lang.Object)'> (0x00000000857a16a8) 
thrown [open/src/hotspot/share/interpreter/linkResolver.cpp, line 781]
Event: 8.785 Thread 0x00007f4824052e20 Exception <a 'java/lang/NoSuchMethodError'{0x00000000857ba910}: 'void java.lang.invoke.DirectMethodHandle$Holder.invokeInterface(java.lang.Object, java.lang.Object)'> (0x00000000857ba910) 
thrown [open/src/hotspot/share/interpreter/linkResolver.cpp, line 781]
Event: 8.800 Thread 0x00007f4824052e20 Exception <a 'java/lang/NoSuchMethodError'{0x0000000085639190}: 'java.lang.Object java.lang.invoke.DirectMethodHandle$Holder.newInvokeSpecial(java.lang.Object, java.lang.Object, java.lang.Object, java.lang.Object, java.lang.Object)'> (0x0000000085639190) 
thrown [open/src/hotspot/share/interpreter/linkResolver.cpp, line 781]
Event: 9.835 Thread 0x00007f482404f440 Implicit null exception at 0x00007f4850830c0f to 0x00007f4850831048
Event: 9.864 Thread 0x00007f4820044e40 Exception <a 'java/lang/NoSuchMethodError'{0x000000008481ef80}: 'java.lang.Object java.lang.invoke.DirectMethodHandle$Holder.newInvokeSpecial(java.lang.Object, java.lang.Object, java.lang.Object, java.lang.Object, java.lang.Object, java.lang.Object)'> (0x000000008481ef80) 
thrown [open/src/hotspot/share/interpreter/linkResolver.cpp, line 781]
Event: 11.220 Thread 0x00007f486047a880 Exception <a 'java/lang/ClassNotFoundException'{0x0000000085b94928}: sun/awt/resources/spi/awtProvider> (0x0000000085b94928) 
thrown [open/src/hotspot/share/classfile/systemDictionary.cpp, line 295]
Event: 11.232 Thread 0x00007f486047a880 Exception <a 'java/io/FileNotFoundException'{0x0000000085a15c78}> (0x0000000085a15c78) 
thrown [open/src/hotspot/share/prims/jni.cpp, line 578]
Event: 11.233 Thread 0x00007f486047a880 Exception <a 'java/io/FileNotFoundException'{0x0000000085a170e0}> (0x0000000085a170e0) 
thrown [open/src/hotspot/share/prims/jni.cpp, line 578]
Event: 11.809 Thread 0x00007f486047a880 Exception <a 'java/lang/NoSuchMethodError'{0x0000000085434030}: 'java.lang.Object java.lang.invoke.DirectMethodHandle$Holder.invokeStaticInit(java.lang.Object, java.lang.Object, long, java.lang.Object)'> (0x0000000085434030) 
thrown [open/src/hotspot/share/interpreter/linkResolver.cpp, line 781]
Event: 11.809 Thread 0x00007f486047a880 Exception <a 'java/lang/NoSuchMethodError'{0x000000008543a758}: 'java.lang.Object java.lang.invoke.DirectMethodHandle$Holder.newInvokeSpecial(java.lang.Object, java.lang.Object, long)'> (0x000000008543a758) 
thrown [open/src/hotspot/share/interpreter/linkResolver.cpp, line 781]
Event: 11.810 Thread 0x00007f486047a880 Exception <a 'java/lang/NoSuchMethodError'{0x000000008543e4c8}: 'java.lang.Object java.lang.invoke.Invokers$Holder.linkToTargetMethod(java.lang.Object, long, java.lang.Object)'> (0x000000008543e4c8) 
thrown [open/src/hotspot/share/interpreter/linkResolver.cpp, line 781]
Event: 11.812 Thread 0x00007f486047a880 Exception <a 'java/lang/NoSuchMethodError'{0x0000000085445ce8}: 'java.lang.Object java.lang.invoke.DirectMethodHandle$Holder.newInvokeSpecial(java.lang.Object, java.lang.Object, java.lang.Object, int)'> (0x0000000085445ce8) 
thrown [open/src/hotspot/share/interpreter/linkResolver.cpp, line 781]
Event: 11.813 Thread 0x00007f486047a880 Exception <a 'java/lang/NoSuchMethodError'{0x000000008544a1d0}: 'java.lang.Object java.lang.invoke.DirectMethodHandle$Holder.invokeSpecial(java.lang.Object, java.lang.Object, java.lang.Object, java.lang.Object, int)'> (0x000000008544a1d0) 
thrown [open/src/hotspot/share/interpreter/linkResolver.cpp, line 781]
Event: 11.814 Thread 0x00007f486047a880 Exception <a 'java/lang/NoSuchMethodError'{0x000000008544df90}: 'java.lang.Object java.lang.invoke.Invokers$Holder.linkToTargetMethod(java.lang.Object, java.lang.Object, int, java.lang.Object)'> (0x000000008544df90) 
thrown [open/src/hotspot/share/interpreter/linkResolver.cpp, line 781]
Event: 11.823 Thread 0x00007f486047a880 Exception <a 'java/lang/UnsatisfiedLinkError'{0x00000000854a16c0}: libtesseract.so: cannot open shared object file: No such file or directory> (0x00000000854a16c0) 
thrown [open/src/hotspot/share/prims/jni.cpp, line 599]
Event: 11.823 Thread 0x00007f486047a880 Exception <a 'java/lang/UnsatisfiedLinkError'{0x00000000854a2b80}: libtesseract.so: cannot open shared object file: No such file or directory> (0x00000000854a2b80) 
thrown [open/src/hotspot/share/prims/jni.cpp, line 599]

Events (20 events):
Event: 11.817 Executing VM operation: HandshakeAllThreads
Event: 11.817 Executing VM operation: HandshakeAllThreads done
Event: 11.817 loading class java/lang/ProcessHandleImpl$ExitCompletion
Event: 11.817 loading class java/lang/ProcessHandleImpl$ExitCompletion done
Event: 11.817 loading class java/lang/ProcessHandleImpl$1
Event: 11.817 loading class java/lang/ProcessHandleImpl$1 done
Event: 11.817 Thread 0x00007f47c80e7c10 Thread added: 0x00007f47c80e7c10
Event: 11.817 loading class jdk/internal/event/ProcessStartEvent
Event: 11.817 loading class jdk/internal/event/ProcessStartEvent done
Event: 11.828 Protecting memory [0x00007f4844048000,0x00007f484404c000] with protection modes 0
Event: 11.828 loading class java/lang/ProcessBuilder$NullInputStream
Event: 11.828 loading class java/lang/ProcessBuilder$NullInputStream done
Event: 11.828 loading class java/lang/ProcessBuilder$NullOutputStream
Event: 11.828 loading class java/lang/ProcessBuilder$NullOutputStream done
Event: 11.879 loading class java/lang/reflect/AnnotatedType
Event: 11.879 loading class java/lang/reflect/AnnotatedType done
Event: 11.900 Executing VM operation: ICBufferFull
Event: 11.900 Executing VM operation: ICBufferFull done
Event: 11.900 Executing VM operation: HandshakeAllThreads
Event: 11.900 Executing VM operation: HandshakeAllThreads done


Dynamic libraries:
83400000-86000000 rw-p 00000000 00:00 0 
86000000-86d00000 ---p 00000000 00:00 0 
86d00000-87400000 rw-p 00000000 00:00 0 
87400000-8b100000 ---p 00000000 00:00 0 
8b100000-8b200000 rw-p 00000000 00:00 0 
8b200000-ffe00000 ---p 00000000 00:00 0 
ffe00000-ffe52000 rw-p 00be4000 08:01 537966                             /home/nadav/.jdks/openjdk-15.0.1/lib/server/classes.jsa
ffe52000-fff00000 rw-p 00000000 00:00 0 
fff00000-fff7c000 rw-p 00b68000 08:01 537966                             /home/nadav/.jdks/openjdk-15.0.1/lib/server/classes.jsa
fff7c000-100000000 rw-p 00000000 00:00 0 
800000000-800003000 rwxp 00001000 08:01 537966                           /home/nadav/.jdks/openjdk-15.0.1/lib/server/classes.jsa
800003000-8003e6000 rw-p 00004000 08:01 537966                           /home/nadav/.jdks/openjdk-15.0.1/lib/server/classes.jsa
8003e6000-800b33000 r--p 003e7000 08:01 537966                           /home/nadav/.jdks/openjdk-15.0.1/lib/server/classes.jsa
800b33000-800b34000 ---p 00000000 00:00 0 
800b34000-800eb4000 rw-p 00000000 00:00 0 
800eb4000-840b34000 ---p 00000000 00:00 0 
55b5ea86e000-55b5ea86f000 r-xp 00000000 08:01 537412                     /home/nadav/.jdks/openjdk-15.0.1/bin/java
55b5ea870000-55b5ea871000 r--p 00001000 08:01 537412                     /home/nadav/.jdks/openjdk-15.0.1/bin/java
55b5ea871000-55b5ea872000 rw-p 00002000 08:01 537412                     /home/nadav/.jdks/openjdk-15.0.1/bin/java
55b5ec7ec000-55b5ec89a000 rw-p 00000000 00:00 0                          [heap]
7f47bfe47000-7f47bfe52000 r-xp 00000000 08:01 797176                     /usr/lib/x86_64-linux-gnu/libjbig.so.0
7f47bfe52000-7f47c0051000 ---p 0000b000 08:01 797176                     /usr/lib/x86_64-linux-gnu/libjbig.so.0
7f47c0051000-7f47c0052000 r--p 0000a000 08:01 797176                     /usr/lib/x86_64-linux-gnu/libjbig.so.0
7f47c0052000-7f47c0055000 rw-p 0000b000 08:01 797176                     /usr/lib/x86_64-linux-gnu/libjbig.so.0
7f47c0055000-7f47c0076000 r-xp 00000000 08:01 1054380                    /lib/x86_64-linux-gnu/liblzma.so.5.0.0
7f47c0076000-7f47c0275000 ---p 00021000 08:01 1054380                    /lib/x86_64-linux-gnu/liblzma.so.5.0.0
7f47c0275000-7f47c0276000 r--p 00020000 08:01 1054380                    /lib/x86_64-linux-gnu/liblzma.so.5.0.0
7f47c0276000-7f47c0277000 rw-p 00021000 08:01 1054380                    /lib/x86_64-linux-gnu/liblzma.so.5.0.0
7f47c0277000-7f47c02b1000 r-xp 00000000 08:01 788350                     /usr/lib/x86_64-linux-gnu/libopenjp2.so.2.1.2
7f47c02b1000-7f47c04b0000 ---p 0003a000 08:01 788350                     /usr/lib/x86_64-linux-gnu/libopenjp2.so.2.1.2
7f47c04b0000-7f47c04b1000 r--p 00039000 08:01 788350                     /usr/lib/x86_64-linux-gnu/libopenjp2.so.2.1.2
7f47c04b1000-7f47c04b2000 rw-p 0003a000 08:01 788350                     /usr/lib/x86_64-linux-gnu/libopenjp2.so.2.1.2
7f47c04b2000-7f47c050b000 r-xp 00000000 08:01 797752                     /usr/lib/x86_64-linux-gnu/libwebp.so.5.0.4
7f47c050b000-7f47c070b000 ---p 00059000 08:01 797752                     /usr/lib/x86_64-linux-gnu/libwebp.so.5.0.4
7f47c070b000-7f47c070c000 r--p 00059000 08:01 797752                     /usr/lib/x86_64-linux-gnu/libwebp.so.5.0.4
7f47c070c000-7f47c070e000 rw-p 0005a000 08:01 797752                     /usr/lib/x86_64-linux-gnu/libwebp.so.5.0.4
7f47c070e000-7f47c077f000 r-xp 00000000 08:01 791234                     /usr/lib/x86_64-linux-gnu/libtiff.so.5.2.4
7f47c077f000-7f47c097f000 ---p 00071000 08:01 791234                     /usr/lib/x86_64-linux-gnu/libtiff.so.5.2.4
7f47c097f000-7f47c0980000 r--p 00071000 08:01 791234                     /usr/lib/x86_64-linux-gnu/libtiff.so.5.2.4
7f47c0980000-7f47c0983000 rw-p 00072000 08:01 791234                     /usr/lib/x86_64-linux-gnu/libtiff.so.5.2.4
7f47c0983000-7f47c09da000 r-xp 00000000 08:01 789831                     /usr/lib/x86_64-linux-gnu/libjpeg.so.8.0.2
7f47c09da000-7f47c0bda000 ---p 00057000 08:01 789831                     /usr/lib/x86_64-linux-gnu/libjpeg.so.8.0.2
7f47c0bda000-7f47c0bdb000 r--p 00057000 08:01 789831                     /usr/lib/x86_64-linux-gnu/libjpeg.so.8.0.2
7f47c0bdb000-7f47c0bdc000 rw-p 00058000 08:01 789831                     /usr/lib/x86_64-linux-gnu/libjpeg.so.8.0.2
7f47c0bdc000-7f47c0c00000 r-xp 00000000 08:01 1054454                    /lib/x86_64-linux-gnu/libpng12.so.0.54.0
7f47c0c00000-7f47c0dff000 ---p 00024000 08:01 1054454                    /lib/x86_64-linux-gnu/libpng12.so.0.54.0
7f47c0dff000-7f47c0e00000 r--p 00023000 08:01 1054454                    /lib/x86_64-linux-gnu/libpng12.so.0.54.0
7f47c0e00000-7f47c0e01000 rw-p 00024000 08:01 1054454                    /lib/x86_64-linux-gnu/libpng12.so.0.54.0
7f47c0e01000-7f47c0e17000 r-xp 00000000 08:01 1054351                    /lib/x86_64-linux-gnu/libgcc_s.so.1
7f47c0e17000-7f47c1016000 ---p 00016000 08:01 1054351                    /lib/x86_64-linux-gnu/libgcc_s.so.1
7f47c1016000-7f47c1017000 rw-p 00015000 08:01 1054351                    /lib/x86_64-linux-gnu/libgcc_s.so.1
7f47c1017000-7f47c1189000 r-xp 00000000 08:01 791231                     /usr/lib/x86_64-linux-gnu/libstdc++.so.6.0.21
7f47c1189000-7f47c1389000 ---p 00172000 08:01 791231                     /usr/lib/x86_64-linux-gnu/libstdc++.so.6.0.21
7f47c1389000-7f47c1393000 r--p 00172000 08:01 791231                     /usr/lib/x86_64-linux-gnu/libstdc++.so.6.0.21
7f47c1393000-7f47c1395000 rw-p 0017c000 08:01 791231                     /usr/lib/x86_64-linux-gnu/libstdc++.so.6.0.21
7f47c1395000-7f47c1399000 rw-p 00000000 00:00 0 
7f47c1399000-7f47c15d6000 r-xp 00000000 08:01 789124                     /usr/lib/liblept.so.5.0.0
7f47c15d6000-7f47c17d5000 ---p 0023d000 08:01 789124                     /usr/lib/liblept.so.5.0.0
7f47c17d5000-7f47c17d6000 r--p 0023c000 08:01 789124                     /usr/lib/liblept.so.5.0.0
7f47c17d6000-7f47c17dc000 rw-p 0023d000 08:01 789124                     /usr/lib/liblept.so.5.0.0
7f47c17dc000-7f47c1ac5000 r-xp 00000000 08:01 789126                     /usr/lib/libtesseract.so.3.0.4
7f47c1ac5000-7f47c1cc5000 ---p 002e9000 08:01 789126                     /usr/lib/libtesseract.so.3.0.4
7f47c1cc5000-7f47c1cc9000 r--p 002e9000 08:01 789126                     /usr/lib/libtesseract.so.3.0.4
7f47c1cc9000-7f47c1cca000 rw-p 002ed000 08:01 789126                     /usr/lib/libtesseract.so.3.0.4
7f47c1cca000-7f47c1f5e000 rw-p 00000000 00:00 0 
7f47c1f5e000-7f47c1f76000 r-xp 00000000 08:01 554493                     /home/nadav/.cache/JNA/temp/jna4941860257396592887.tmp (deleted)
7f47c1f76000-7f47c2176000 ---p 00018000 08:01 554493                     /home/nadav/.cache/JNA/temp/jna4941860257396592887.tmp (deleted)
7f47c2176000-7f47c2177000 rw-p 00018000 08:01 554493                     /home/nadav/.cache/JNA/temp/jna4941860257396592887.tmp (deleted)
7f47c2177000-7f47c217b000 ---p 00000000 00:00 0 
7f47c217b000-7f47c2378000 rw-p 00000000 00:00 0 
7f47c2378000-7f47c2478000 ---p 00000000 00:00 0 
7f47c2479000-7f47c247d000 ---p 00000000 00:00 0 
7f47c247d000-7f47c257a000 rw-p 00000000 00:00 0 
7f47c257a000-7f47c257e000 ---p 00000000 00:00 0 
7f47c257e000-7f47c267b000 rw-p 00000000 00:00 0 
7f47c267b000-7f47c267f000 ---p 00000000 00:00 0 
7f47c267f000-7f47c277c000 rw-p 00000000 00:00 0 
7f47c277c000-7f47c2781000 r-xp 00000000 08:01 796439                     /usr/lib/x86_64-linux-gnu/libXdmcp.so.6.0.0
7f47c2781000-7f47c2980000 ---p 00005000 08:01 796439                     /usr/lib/x86_64-linux-gnu/libXdmcp.so.6.0.0
7f47c2980000-7f47c2981000 r--p 00004000 08:01 796439                     /usr/lib/x86_64-linux-gnu/libXdmcp.so.6.0.0
7f47c2981000-7f47c2982000 rw-p 00005000 08:01 796439                     /usr/lib/x86_64-linux-gnu/libXdmcp.so.6.0.0
7f47c2982000-7f47c2984000 r-xp 00000000 08:01 796428                     /usr/lib/x86_64-linux-gnu/libXau.so.6.0.0
7f47c2984000-7f47c2b84000 ---p 00002000 08:01 796428                     /usr/lib/x86_64-linux-gnu/libXau.so.6.0.0
7f47c2b84000-7f47c2b85000 r--p 00002000 08:01 796428                     /usr/lib/x86_64-linux-gnu/libXau.so.6.0.0
7f47c2b85000-7f47c2b86000 rw-p 00003000 08:01 796428                     /usr/lib/x86_64-linux-gnu/libXau.so.6.0.0
7f47c2b86000-7f47c2ba7000 r-xp 00000000 08:01 797852                     /usr/lib/x86_64-linux-gnu/libxcb.so.1.1.0
7f47c2ba7000-7f47c2da6000 ---p 00021000 08:01 797852                     /usr/lib/x86_64-linux-gnu/libxcb.so.1.1.0
7f47c2da6000-7f47c2da7000 r--p 00020000 08:01 797852                     /usr/lib/x86_64-linux-gnu/libxcb.so.1.1.0
7f47c2da7000-7f47c2da8000 rw-p 00021000 08:01 797852                     /usr/lib/x86_64-linux-gnu/libxcb.so.1.1.0
7f47c2da8000-7f47c2db7000 r-xp 00000000 08:01 796451                     /usr/lib/x86_64-linux-gnu/libXi.so.6.1.0
7f47c2db7000-7f47c2fb6000 ---p 0000f000 08:01 796451                     /usr/lib/x86_64-linux-gnu/libXi.so.6.1.0
7f47c2fb6000-7f47c2fb7000 r--p 0000e000 08:01 796451                     /usr/lib/x86_64-linux-gnu/libXi.so.6.1.0
7f47c2fb7000-7f47c2fb8000 rw-p 0000f000 08:01 796451                     /usr/lib/x86_64-linux-gnu/libXi.so.6.1.0
7f47c2fb8000-7f47c2fbd000 r-xp 00000000 08:01 796469                     /usr/lib/x86_64-linux-gnu/libXtst.so.6.1.0
7f47c2fbd000-7f47c31bc000 ---p 00005000 08:01 796469                     /usr/lib/x86_64-linux-gnu/libXtst.so.6.1.0
7f47c31bc000-7f47c31bd000 r--p 00004000 08:01 796469                     /usr/lib/x86_64-linux-gnu/libXtst.so.6.1.0
7f47c31bd000-7f47c31be000 rw-p 00005000 08:01 796469                     /usr/lib/x86_64-linux-gnu/libXtst.so.6.1.0
7f47c31be000-7f47c31c7000 r-xp 00000000 08:01 796463                     /usr/lib/x86_64-linux-gnu/libXrender.so.1.3.0
7f47c31c7000-7f47c33c6000 ---p 00009000 08:01 796463                     /usr/lib/x86_64-linux-gnu/libXrender.so.1.3.0
7f47c33c6000-7f47c33c7000 r--p 00008000 08:01 796463                     /usr/lib/x86_64-linux-gnu/libXrender.so.1.3.0
7f47c33c7000-7f47c33c8000 rw-p 00009000 08:01 796463                     /usr/lib/x86_64-linux-gnu/libXrender.so.1.3.0
7f47c33c8000-7f47c34fd000 r-xp 00000000 08:01 792360                     /usr/lib/x86_64-linux-gnu/libX11.so.6.3.0
7f47c34fd000-7f47c36fd000 ---p 00135000 08:01 792360                     /usr/lib/x86_64-linux-gnu/libX11.so.6.3.0
7f47c36fd000-7f47c36fe000 r--p 00135000 08:01 792360                     /usr/lib/x86_64-linux-gnu/libX11.so.6.3.0
7f47c36fe000-7f47c3702000 rw-p 00136000 08:01 792360                     /usr/lib/x86_64-linux-gnu/libX11.so.6.3.0
7f47c3702000-7f47c3713000 r-xp 00000000 08:01 796441                     /usr/lib/x86_64-linux-gnu/libXext.so.6.4.0
7f47c3713000-7f47c3912000 ---p 00011000 08:01 796441                     /usr/lib/x86_64-linux-gnu/libXext.so.6.4.0
7f47c3912000-7f47c3913000 r--p 00010000 08:01 796441                     /usr/lib/x86_64-linux-gnu/libXext.so.6.4.0
7f47c3913000-7f47c3914000 rw-p 00011000 08:01 796441                     /usr/lib/x86_64-linux-gnu/libXext.so.6.4.0
7f47c3914000-7f47c39bb000 r-xp 00000000 08:01 537909                     /home/nadav/.jdks/openjdk-15.0.1/lib/libawt.so
7f47c39bb000-7f47c39bc000 ---p 000a7000 08:01 537909                     /home/nadav/.jdks/openjdk-15.0.1/lib/libawt.so
7f47c39bc000-7f47c39be000 r--p 000a7000 08:01 537909                     /home/nadav/.jdks/openjdk-15.0.1/lib/libawt.so
7f47c39be000-7f47c39c9000 rw-p 000a9000 08:01 537909                     /home/nadav/.jdks/openjdk-15.0.1/lib/libawt.so
7f47c39c9000-7f47c39ee000 rw-p 00000000 00:00 0 
7f47c39ee000-7f47c39f2000 ---p 00000000 00:00 0 
7f47c39f2000-7f47c3aef000 rw-p 00000000 00:00 0 
7f47c3aef000-7f47c3af3000 ---p 00000000 00:00 0 
7f47c3af3000-7f47c3df0000 rw-p 00000000 00:00 0 
7f47c3df3000-7f47c3df7000 ---p 00000000 00:00 0 
7f47c3df7000-7f47c3ef4000 rw-p 00000000 00:00 0 
7f47c3ef4000-7f47c3ef8000 ---p 00000000 00:00 0 
7f47c3ef8000-7f47c4ff6000 rw-p 00000000 00:00 0 
7f47c4ff6000-7f47c4ffa000 ---p 00000000 00:00 0 
7f47c4ffa000-7f47c50f7000 rw-p 00000000 00:00 0 
7f47c50f7000-7f47c50fb000 ---p 00000000 00:00 0 
7f47c50fb000-7f47c53f8000 rw-p 00000000 00:00 0 
7f47c53f8000-7f47c53fc000 ---p 00000000 00:00 0 
7f47c53fc000-7f47c54f9000 rw-p 00000000 00:00 0 
7f47c54f9000-7f47c54fd000 ---p 00000000 00:00 0 
7f47c54fd000-7f47c65fb000 rw-p 00000000 00:00 0 
7f47c65fb000-7f47c65ff000 ---p 00000000 00:00 0 
7f47c65ff000-7f47c66fc000 rw-p 00000000 00:00 0 
7f47c66fc000-7f47c6700000 ---p 00000000 00:00 0 
7f47c6700000-7f47c77fe000 rw-p 00000000 00:00 0 
7f47c77fe000-7f47c7802000 ---p 00000000 00:00 0 
7f47c7802000-7f47c78ff000 rw-p 00000000 00:00 0 
7f47c78ff000-7f47c7903000 ---p 00000000 00:00 0 
7f47c7903000-7f47c7c00000 rw-p 00000000 00:00 0 
7f47c7c00000-7f47c7e00000 rw-p 00000000 00:00 0 
7f47c7e00000-7f47c8000000 rw-p 00000000 00:00 0 
7f47c8000000-7f47c8615000 rw-p 00000000 00:00 0 
7f47c8615000-7f47cc000000 ---p 00000000 00:00 0 
7f47cc000000-7f47cc05d000 rw-p 00000000 00:00 0 
7f47cc05d000-7f47d0000000 ---p 00000000 00:00 0 
7f47d0000000-7f47d0128000 rw-p 00000000 00:00 0 
7f47d0128000-7f47d4000000 ---p 00000000 00:00 0 
7f47d4000000-7f47d4075000 rw-p 00000000 00:00 0 
7f47d4075000-7f47d8000000 ---p 00000000 00:00 0 
7f47d8000000-7f47d8065000 rw-p 00000000 00:00 0 
7f47d8065000-7f47dc000000 ---p 00000000 00:00 0 
7f47dc000000-7f47dc08b000 rw-p 00000000 00:00 0 
7f47dc08b000-7f47e0000000 ---p 00000000 00:00 0 
7f47e0000000-7f47e02f8000 rw-p 00000000 00:00 0 
7f47e02f8000-7f47e4000000 ---p 00000000 00:00 0 
7f47e4000000-7f47e40ee000 rw-p 00000000 00:00 0 
7f47e40ee000-7f47e8000000 ---p 00000000 00:00 0 
7f47e8000000-7f47e8052000 rw-p 00000000 00:00 0 
7f47e8052000-7f47ec000000 ---p 00000000 00:00 0 
7f47ec000000-7f47ec0de000 rw-p 00000000 00:00 0 
7f47ec0de000-7f47f0000000 ---p 00000000 00:00 0 
7f47f0000000-7f47f014b000 rw-p 00000000 00:00 0 
7f47f014b000-7f47f4000000 ---p 00000000 00:00 0 
7f47f4000000-7f47f4045000 rw-p 00000000 00:00 0 
7f47f4045000-7f47f8000000 ---p 00000000 00:00 0 
7f47f8000000-7f47f8206000 rw-p 00000000 00:00 0 
7f47f8206000-7f47fc000000 ---p 00000000 00:00 0 
7f47fc000000-7f47fc266000 rw-p 00000000 00:00 0 
7f47fc266000-7f4800000000 ---p 00000000 00:00 0 
7f4800000000-7f4800021000 rw-p 00000000 00:00 0 
7f4800021000-7f4804000000 ---p 00000000 00:00 0 
7f4804000000-7f4804021000 rw-p 00000000 00:00 0 
7f4804021000-7f4808000000 ---p 00000000 00:00 0 
7f4808000000-7f4808025000 rw-p 00000000 00:00 0 
7f4808025000-7f480c000000 ---p 00000000 00:00 0 
7f480c000000-7f480c021000 rw-p 00000000 00:00 0 
7f480c021000-7f4810000000 ---p 00000000 00:00 0 
7f4810000000-7f48113df000 rw-p 00000000 00:00 0 
7f48113df000-7f4814000000 ---p 00000000 00:00 0 
7f4814000000-7f4814578000 rw-p 00000000 00:00 0 
7f4814578000-7f4818000000 ---p 00000000 00:00 0 
7f4818000000-7f481809b000 rw-p 00000000 00:00 0 
7f481809b000-7f481c000000 ---p 00000000 00:00 0 
7f481c000000-7f481d12d000 rw-p 00000000 00:00 0 
7f481d12d000-7f4820000000 ---p 00000000 00:00 0 
7f4820000000-7f4820053000 rw-p 00000000 00:00 0 
7f4820053000-7f4824000000 ---p 00000000 00:00 0 
7f4824000000-7f4824059000 rw-p 00000000 00:00 0 
7f4824059000-7f4828000000 ---p 00000000 00:00 0 
7f4828000000-7f4828021000 rw-p 00000000 00:00 0 
7f4828021000-7f482c000000 ---p 00000000 00:00 0 
7f482c0ab000-7f482c0af000 ---p 00000000 00:00 0 
7f482c0af000-7f482c3ac000 rw-p 00000000 00:00 0 
7f482c3af000-7f482c3c6000 r-xp 00000000 08:01 1079034                    /lib/x86_64-linux-gnu/libresolv-2.23.so
7f482c3c6000-7f482c5c6000 ---p 00017000 08:01 1079034                    /lib/x86_64-linux-gnu/libresolv-2.23.so
7f482c5c6000-7f482c5c7000 r--p 00017000 08:01 1079034                    /lib/x86_64-linux-gnu/libresolv-2.23.so
7f482c5c7000-7f482c5c8000 rw-p 00018000 08:01 1079034                    /lib/x86_64-linux-gnu/libresolv-2.23.so
7f482c5c8000-7f482c5ca000 rw-p 00000000 00:00 0 
7f482c5ca000-7f482c5cf000 r-xp 00000000 08:01 1071255                    /lib/x86_64-linux-gnu/libnss_dns-2.23.so
7f482c5cf000-7f482c7cf000 ---p 00005000 08:01 1071255                    /lib/x86_64-linux-gnu/libnss_dns-2.23.so
7f482c7cf000-7f482c7d0000 r--p 00005000 08:01 1071255                    /lib/x86_64-linux-gnu/libnss_dns-2.23.so
7f482c7d0000-7f482c7d1000 rw-p 00006000 08:01 1071255                    /lib/x86_64-linux-gnu/libnss_dns-2.23.so
7f482c7d1000-7f482c7d3000 r-xp 00000000 08:01 1054418                    /lib/x86_64-linux-gnu/libnss_mdns4_minimal.so.2
7f482c7d3000-7f482c9d2000 ---p 00002000 08:01 1054418                    /lib/x86_64-linux-gnu/libnss_mdns4_minimal.so.2
7f482c9d2000-7f482c9d3000 r--p 00001000 08:01 1054418                    /lib/x86_64-linux-gnu/libnss_mdns4_minimal.so.2
7f482c9d3000-7f482c9d4000 rw-p 00002000 08:01 1054418                    /lib/x86_64-linux-gnu/libnss_mdns4_minimal.so.2
7f482c9d4000-7f482cbd4000 rw-p 00000000 00:00 0 
7f482cbd4000-7f482cdd4000 rw-p 00000000 00:00 0 
7f482cdd6000-7f482cdda000 ---p 00000000 00:00 0 
7f482cdda000-7f482ced7000 rw-p 00000000 00:00 0 
7f482ced7000-7f482cedb000 ---p 00000000 00:00 0 
7f482cedb000-7f482cfd8000 rw-p 00000000 00:00 0 
7f482cfd8000-7f482cfd9000 ---p 00000000 00:00 0 
7f482cfd9000-7f482d0d9000 rw-p 00000000 00:00 0 
7f482d0d9000-7f482d0da000 ---p 00000000 00:00 0 
7f482d0da000-7f482d1da000 rw-p 00000000 00:00 0 
7f482d1da000-7f482d1db000 ---p 00000000 00:00 0 
7f482d1db000-7f482d2db000 rw-p 00000000 00:00 0 
7f482d2db000-7f482d2dc000 ---p 00000000 00:00 0 
7f482d2dc000-7f482d3dc000 rw-p 00000000 00:00 0 
7f482d3dc000-7f482d3e0000 ---p 00000000 00:00 0 
7f482d3e0000-7f482d4dd000 rw-p 00000000 00:00 0 
7f482d4dd000-7f482d4e1000 ---p 00000000 00:00 0 
7f482d4e1000-7f482d5de000 rw-p 00000000 00:00 0 
7f482d5de000-7f482d5e2000 ---p 00000000 00:00 0 
7f482d5e2000-7f482d6df000 rw-p 00000000 00:00 0 
7f482d6df000-7f482d6e3000 ---p 00000000 00:00 0 
7f482d6e3000-7f482d7e0000 rw-p 00000000 00:00 0 
7f482d7e0000-7f482d7e4000 ---p 00000000 00:00 0 
7f482d7e4000-7f482d8e1000 rw-p 00000000 00:00 0 
7f482d8e1000-7f482d8e5000 ---p 00000000 00:00 0 
7f482d8e5000-7f482d9e2000 rw-p 00000000 00:00 0 
7f482d9e2000-7f482d9e6000 ---p 00000000 00:00 0 
7f482d9e6000-7f482dae3000 rw-p 00000000 00:00 0 
7f482dae3000-7f482dae7000 ---p 00000000 00:00 0 
7f482dae7000-7f482dbe4000 rw-p 00000000 00:00 0 
7f482dbe4000-7f482dbe8000 ---p 00000000 00:00 0 
7f482dbe8000-7f482dce5000 rw-p 00000000 00:00 0 
7f482dce5000-7f482dce9000 ---p 00000000 00:00 0 
7f482dce9000-7f482dde6000 rw-p 00000000 00:00 0 
7f482dde6000-7f482ddea000 ---p 00000000 00:00 0 
7f482ddea000-7f482dee7000 rw-p 00000000 00:00 0 
7f482dee7000-7f482deeb000 ---p 00000000 00:00 0 
7f482deeb000-7f482dfe8000 rw-p 00000000 00:00 0 
7f482dfe8000-7f482dfec000 ---p 00000000 00:00 0 
7f482dfec000-7f482e0e9000 rw-p 00000000 00:00 0 
7f482e0e9000-7f482e0ed000 ---p 00000000 00:00 0 
7f482e0ed000-7f482e1ea000 rw-p 00000000 00:00 0 
7f482e1ea000-7f482e1ee000 ---p 00000000 00:00 0 
7f482e1ee000-7f482e2eb000 rw-p 00000000 00:00 0 
7f482e2eb000-7f482e2ef000 ---p 00000000 00:00 0 
7f482e2ef000-7f482e3ec000 rw-p 00000000 00:00 0 
7f482e3ec000-7f482e3f0000 ---p 00000000 00:00 0 
7f482e3f0000-7f482e4ed000 rw-p 00000000 00:00 0 
7f482e4ed000-7f482e4f1000 ---p 00000000 00:00 0 
7f482e4f1000-7f482e5ee000 rw-p 00000000 00:00 0 
7f482e5ee000-7f482e5f2000 ---p 00000000 00:00 0 
7f482e5f2000-7f482e6ef000 rw-p 00000000 00:00 0 
7f482e6ef000-7f482e6f3000 ---p 00000000 00:00 0 
7f482e6f3000-7f482e7f0000 rw-p 00000000 00:00 0 
7f482e7f0000-7f482e7f4000 ---p 00000000 00:00 0 
7f482e7f4000-7f482e8f1000 rw-p 00000000 00:00 0 
7f482e8f1000-7f482e8f5000 ---p 00000000 00:00 0 
7f482e8f5000-7f482e9f2000 rw-p 00000000 00:00 0 
7f482e9f2000-7f482e9f6000 ---p 00000000 00:00 0 
7f482e9f6000-7f482eaf3000 rw-p 00000000 00:00 0 
7f482eaf3000-7f482eaf7000 ---p 00000000 00:00 0 
7f482eaf7000-7f482ebf4000 rw-p 00000000 00:00 0 
7f482ebf4000-7f482ebf8000 ---p 00000000 00:00 0 
7f482ebf8000-7f482ecf5000 rw-p 00000000 00:00 0 
7f482ecf5000-7f482ecf9000 ---p 00000000 00:00 0 
7f482ecf9000-7f482edf6000 rw-p 00000000 00:00 0 
7f482edf6000-7f482edfa000 ---p 00000000 00:00 0 
7f482edfa000-7f482eef7000 rw-p 00000000 00:00 0 
7f482eef7000-7f482eef8000 ---p 00000000 00:00 0 
7f482eef8000-7f482eff8000 rw-p 00000000 00:00 0 
7f482eff8000-7f482effc000 ---p 00000000 00:00 0 
7f482effc000-7f482f0f9000 rw-p 00000000 00:00 0 
7f482f0f9000-7f482f0fd000 ---p 00000000 00:00 0 
7f482f0fd000-7f482f1fa000 rw-p 00000000 00:00 0 
7f482f1fa000-7f482f1fe000 ---p 00000000 00:00 0 
7f482f1fe000-7f482f2fb000 rw-p 00000000 00:00 0 
7f482f2fb000-7f482f2ff000 ---p 00000000 00:00 0 
7f482f2ff000-7f482f3fc000 rw-p 00000000 00:00 0 
7f482f3fc000-7f482f400000 ---p 00000000 00:00 0 
7f482f400000-7f482f4fd000 rw-p 00000000 00:00 0 
7f482f4fd000-7f482f501000 ---p 00000000 00:00 0 
7f482f501000-7f482f5fe000 rw-p 00000000 00:00 0 
7f482f5fe000-7f482f602000 ---p 00000000 00:00 0 
7f482f602000-7f482f6ff000 rw-p 00000000 00:00 0 
7f482f6ff000-7f482f703000 ---p 00000000 00:00 0 
7f482f703000-7f4830000000 rw-p 00000000 00:00 0 
7f4830000000-7f4830021000 rw-p 00000000 00:00 0 
7f4830021000-7f4834000000 ---p 00000000 00:00 0 
7f4834000000-7f4834038000 rw-p 00000000 00:00 0 
7f4834038000-7f4838000000 ---p 00000000 00:00 0 
7f4838000000-7f48380ab000 rw-p 00000000 00:00 0 
7f48380ab000-7f483c000000 ---p 00000000 00:00 0 
7f483c000000-7f483c031000 rw-p 00000000 00:00 0 
7f483c031000-7f4840000000 ---p 00000000 00:00 0 
7f4840000000-7f4840021000 rw-p 00000000 00:00 0 
7f4840021000-7f4844000000 ---p 00000000 00:00 0 
7f4844048000-7f484404c000 ---p 00000000 00:00 0 
7f484404c000-7f484406a000 rw-p 00000000 00:00 0 
7f484406a000-7f48440c5000 r-xp 00000000 08:01 537912                     /home/nadav/.jdks/openjdk-15.0.1/lib/libawt_xawt.so
7f48440c5000-7f48440c6000 ---p 0005b000 08:01 537912                     /home/nadav/.jdks/openjdk-15.0.1/lib/libawt_xawt.so
7f48440c6000-7f48440c7000 r--p 0005b000 08:01 537912                     /home/nadav/.jdks/openjdk-15.0.1/lib/libawt_xawt.so
7f48440c7000-7f48440c9000 rw-p 0005c000 08:01 537912                     /home/nadav/.jdks/openjdk-15.0.1/lib/libawt_xawt.so
7f48440c9000-7f48440cb000 rw-p 00000000 00:00 0 
7f48440cb000-7f48440d0000 r-xp 00000000 08:01 537936                     /home/nadav/.jdks/openjdk-15.0.1/lib/libmanagement_ext.so
7f48440d0000-7f48440d1000 r--p 00004000 08:01 537936                     /home/nadav/.jdks/openjdk-15.0.1/lib/libmanagement_ext.so
7f48440d1000-7f48440d2000 rw-p 00005000 08:01 537936                     /home/nadav/.jdks/openjdk-15.0.1/lib/libmanagement_ext.so
7f48440d2000-7f48440e7000 r-xp 00000000 08:01 537938                     /home/nadav/.jdks/openjdk-15.0.1/lib/libnet.so
7f48440e7000-7f48440e8000 r--p 00014000 08:01 537938                     /home/nadav/.jdks/openjdk-15.0.1/lib/libnet.so
7f48440e8000-7f48440e9000 rw-p 00015000 08:01 537938                     /home/nadav/.jdks/openjdk-15.0.1/lib/libnet.so
7f48440e9000-7f48443c2000 r--p 00000000 08:01 787739                     /usr/lib/locale/locale-archive
7f48443c2000-7f48443c6000 ---p 00000000 00:00 0 
7f48443c6000-7f48444c3000 rw-p 00000000 00:00 0 
7f48444c3000-7f48444c7000 ---p 00000000 00:00 0 
7f48444c7000-7f48445c4000 rw-p 00000000 00:00 0 
7f48445c4000-7f48445c5000 ---p 00000000 00:00 0 
7f48445c5000-7f48447e2000 rw-p 00000000 00:00 0 
7f48447e2000-7f48447e3000 ---p 00000000 00:00 0 
7f48447e3000-7f48448e3000 rw-p 00000000 00:00 0 
7f48448e3000-7f48448e4000 ---p 00000000 00:00 0 
7f48448e4000-7f4846e98000 rw-p 00000000 00:00 0 
7f4846e98000-7f4846ecc000 ---p 00000000 00:00 0 
7f4846ecc000-7f4846ee8000 rw-p 00000000 00:00 0 
7f4846ee8000-7f4846fdc000 ---p 00000000 00:00 0 
7f4846fdc000-7f4846fe0000 rw-p 00000000 00:00 0 
7f4846fe0000-7f4848d10000 ---p 00000000 00:00 0 
7f4848d10000-7f4848d18000 rw-p 00000000 00:00 0 
7f4848d18000-7f4848f88000 rwxp 00000000 00:00 0 
7f4848f88000-7f48492a9000 ---p 00000000 00:00 0 
7f48492a9000-7f4849939000 rwxp 00000000 00:00 0 
7f4849939000-7f48507e0000 ---p 00000000 00:00 0 
7f48507e0000-7f4850a50000 rwxp 00000000 00:00 0 
7f4850a50000-7f4857d18000 ---p 00000000 00:00 0 
7f4857d18000-7f4860000000 r--s 00000000 08:01 537955                     /home/nadav/.jdks/openjdk-15.0.1/lib/modules
7f4860000000-7f486096a000 rw-p 00000000 00:00 0 
7f486096a000-7f4864000000 ---p 00000000 00:00 0 
7f4864002000-7f4864003000 ---p 00000000 00:00 0 
7f4864003000-7f4864103000 rw-p 00000000 00:00 0 
7f4864103000-7f4864104000 ---p 00000000 00:00 0 
7f4864104000-7f4864204000 rw-p 00000000 00:00 0 
7f4864204000-7f4864205000 ---p 00000000 00:00 0 
7f4864205000-7f48643b5000 rw-p 00000000 00:00 0 
7f48643b5000-7f48643e9000 ---p 00000000 00:00 0 
7f48643e9000-7f4864405000 rw-p 00000000 00:00 0 
7f4864405000-7f48644f9000 ---p 00000000 00:00 0 
7f48644f9000-7f48644fd000 rw-p 00000000 00:00 0 
7f48644fd000-7f486622d000 ---p 00000000 00:00 0 
7f486622d000-7f486624b000 rw-p 00000000 00:00 0 
7f486624b000-7f4866251000 ---p 00000000 00:00 0 
7f4866251000-7f4866255000 rw-p 00000000 00:00 0 
7f4866255000-7f4866273000 ---p 00000000 00:00 0 
7f4866273000-7f4866274000 rw-p 00000000 00:00 0 
7f4866274000-7f486661a000 ---p 00000000 00:00 0 
7f486661a000-7f4866631000 rw-p 00000000 00:00 0 
7f4866631000-7f4866637000 ---p 00000000 00:00 0 
7f4866637000-7f486663b000 rw-p 00000000 00:00 0 
7f486663b000-7f4866659000 ---p 00000000 00:00 0 
7f4866659000-7f486665a000 rw-p 00000000 00:00 0 
7f486665a000-7f4866a00000 ---p 00000000 00:00 0 
7f4866a00000-7f4866a17000 rw-p 00000000 00:00 0 
7f4866a17000-7f4866a1d000 ---p 00000000 00:00 0 
7f4866a1d000-7f4866a21000 rw-p 00000000 00:00 0 
7f4866a21000-7f4866a3f000 ---p 00000000 00:00 0 
7f4866a3f000-7f4866a40000 rw-p 00000000 00:00 0 
7f4866a40000-7f4866de6000 ---p 00000000 00:00 0 
7f4866de6000-7f48671f0000 rw-p 00000000 00:00 0 
7f48671f0000-7f48672d6000 ---p 00000000 00:00 0 
7f48672d6000-7f48672e4000 rw-p 00000000 00:00 0 
7f48672e4000-7f48673c1000 ---p 00000000 00:00 0 
7f48673c1000-7f48673cc000 r-xp 00000000 08:01 1071265                    /lib/x86_64-linux-gnu/libnss_files-2.23.so
7f48673cc000-7f48675cb000 ---p 0000b000 08:01 1071265                    /lib/x86_64-linux-gnu/libnss_files-2.23.so
7f48675cb000-7f48675cc000 r--p 0000a000 08:01 1071265                    /lib/x86_64-linux-gnu/libnss_files-2.23.so
7f48675cc000-7f48675cd000 rw-p 0000b000 08:01 1071265                    /lib/x86_64-linux-gnu/libnss_files-2.23.so
7f48675cd000-7f48675d3000 rw-p 00000000 00:00 0 
7f48675d3000-7f48675de000 r-xp 00000000 08:01 1079030                    /lib/x86_64-linux-gnu/libnss_nis-2.23.so
7f48675de000-7f48677dd000 ---p 0000b000 08:01 1079030                    /lib/x86_64-linux-gnu/libnss_nis-2.23.so
7f48677dd000-7f48677de000 r--p 0000a000 08:01 1079030                    /lib/x86_64-linux-gnu/libnss_nis-2.23.so
7f48677de000-7f48677df000 rw-p 0000b000 08:01 1079030                    /lib/x86_64-linux-gnu/libnss_nis-2.23.so
7f48677df000-7f48677f5000 r-xp 00000000 08:01 1066760                    /lib/x86_64-linux-gnu/libnsl-2.23.so
7f48677f5000-7f48679f4000 ---p 00016000 08:01 1066760                    /lib/x86_64-linux-gnu/libnsl-2.23.so
7f48679f4000-7f48679f5000 r--p 00015000 08:01 1066760                    /lib/x86_64-linux-gnu/libnsl-2.23.so
7f48679f5000-7f48679f6000 rw-p 00016000 08:01 1066760                    /lib/x86_64-linux-gnu/libnsl-2.23.so
7f48679f6000-7f48679f8000 rw-p 00000000 00:00 0 
7f48679f8000-7f4867a00000 r-xp 00000000 08:01 1071289                    /lib/x86_64-linux-gnu/libnss_compat-2.23.so
7f4867a00000-7f4867bff000 ---p 00008000 08:01 1071289                    /lib/x86_64-linux-gnu/libnss_compat-2.23.so
7f4867bff000-7f4867c00000 r--p 00007000 08:01 1071289                    /lib/x86_64-linux-gnu/libnss_compat-2.23.so
7f4867c00000-7f4867c01000 rw-p 00008000 08:01 1071289                    /lib/x86_64-linux-gnu/libnss_compat-2.23.so
7f4867c01000-7f4867c08000 r-xp 00000000 08:01 1079163                    /lib/x86_64-linux-gnu/librt-2.23.so
7f4867c08000-7f4867e07000 ---p 00007000 08:01 1079163                    /lib/x86_64-linux-gnu/librt-2.23.so
7f4867e07000-7f4867e08000 r--p 00006000 08:01 1079163                    /lib/x86_64-linux-gnu/librt-2.23.so
7f4867e08000-7f4867e09000 rw-p 00007000 08:01 1079163                    /lib/x86_64-linux-gnu/librt-2.23.so
7f4867e09000-7f4867f11000 r-xp 00000000 08:01 1066761                    /lib/x86_64-linux-gnu/libm-2.23.so
7f4867f11000-7f4868110000 ---p 00108000 08:01 1066761                    /lib/x86_64-linux-gnu/libm-2.23.so
7f4868110000-7f4868111000 r--p 00107000 08:01 1066761                    /lib/x86_64-linux-gnu/libm-2.23.so
7f4868111000-7f4868112000 rw-p 00108000 08:01 1066761                    /lib/x86_64-linux-gnu/libm-2.23.so
7f4868112000-7f4869159000 r-xp 00000000 08:01 537969                     /home/nadav/.jdks/openjdk-15.0.1/lib/server/libjvm.so
7f4869159000-7f48691f3000 r--p 01046000 08:01 537969                     /home/nadav/.jdks/openjdk-15.0.1/lib/server/libjvm.so
7f48691f3000-7f486922a000 rw-p 010e0000 08:01 537969                     /home/nadav/.jdks/openjdk-15.0.1/lib/server/libjvm.so
7f486922a000-7f48692b3000 rw-p 00000000 00:00 0 
7f48692b3000-7f4869473000 r-xp 00000000 08:01 1066757                    /lib/x86_64-linux-gnu/libc-2.23.so
7f4869473000-7f4869673000 ---p 001c0000 08:01 1066757                    /lib/x86_64-linux-gnu/libc-2.23.so
7f4869673000-7f4869677000 r--p 001c0000 08:01 1066757                    /lib/x86_64-linux-gnu/libc-2.23.so
7f4869677000-7f4869679000 rw-p 001c4000 08:01 1066757                    /lib/x86_64-linux-gnu/libc-2.23.so
7f4869679000-7f486967d000 rw-p 00000000 00:00 0 
7f486967d000-7f4869680000 r-xp 00000000 08:01 1056313                    /lib/x86_64-linux-gnu/libdl-2.23.so
7f4869680000-7f486987f000 ---p 00003000 08:01 1056313                    /lib/x86_64-linux-gnu/libdl-2.23.so
7f486987f000-7f4869880000 r--p 00002000 08:01 1056313                    /lib/x86_64-linux-gnu/libdl-2.23.so
7f4869880000-7f4869881000 rw-p 00003000 08:01 1056313                    /lib/x86_64-linux-gnu/libdl-2.23.so
7f4869881000-7f4869899000 r-xp 00000000 08:01 1066758                    /lib/x86_64-linux-gnu/libpthread-2.23.so
7f4869899000-7f4869a98000 ---p 00018000 08:01 1066758                    /lib/x86_64-linux-gnu/libpthread-2.23.so
7f4869a98000-7f4869a99000 r--p 00017000 08:01 1066758                    /lib/x86_64-linux-gnu/libpthread-2.23.so
7f4869a99000-7f4869a9a000 rw-p 00018000 08:01 1066758                    /lib/x86_64-linux-gnu/libpthread-2.23.so
7f4869a9a000-7f4869a9e000 rw-p 00000000 00:00 0 
7f4869a9e000-7f4869ab7000 r-xp 00000000 08:01 1071234                    /lib/x86_64-linux-gnu/libz.so.1.2.8
7f4869ab7000-7f4869cb6000 ---p 00019000 08:01 1071234                    /lib/x86_64-linux-gnu/libz.so.1.2.8
7f4869cb6000-7f4869cb7000 r--p 00018000 08:01 1071234                    /lib/x86_64-linux-gnu/libz.so.1.2.8
7f4869cb7000-7f4869cb8000 rw-p 00019000 08:01 1071234                    /lib/x86_64-linux-gnu/libz.so.1.2.8
7f4869cb8000-7f4869cde000 r-xp 00000000 08:01 1071198                    /lib/x86_64-linux-gnu/ld-2.23.so
7f4869cde000-7f4869ce2000 r-xp 00000000 08:01 537934                     /home/nadav/.jdks/openjdk-15.0.1/lib/libmanagement.so
7f4869ce2000-7f4869ce3000 r--p 00003000 08:01 537934                     /home/nadav/.jdks/openjdk-15.0.1/lib/libmanagement.so
7f4869ce3000-7f4869ce4000 rw-p 00004000 08:01 537934                     /home/nadav/.jdks/openjdk-15.0.1/lib/libmanagement.so
7f4869ce4000-7f4869cf1000 r-xp 00000000 08:01 537949                     /home/nadav/.jdks/openjdk-15.0.1/lib/libverify.so
7f4869cf1000-7f4869cf3000 r--p 0000c000 08:01 537949                     /home/nadav/.jdks/openjdk-15.0.1/lib/libverify.so
7f4869cf3000-7f4869cf4000 rw-p 0000e000 08:01 537949                     /home/nadav/.jdks/openjdk-15.0.1/lib/libverify.so
7f4869cf4000-7f4869d06000 r-xp 00000000 08:01 537939                     /home/nadav/.jdks/openjdk-15.0.1/lib/libnio.so
7f4869d06000-7f4869d07000 r--p 00011000 08:01 537939                     /home/nadav/.jdks/openjdk-15.0.1/lib/libnio.so
7f4869d07000-7f4869d08000 rw-p 00012000 08:01 537939                     /home/nadav/.jdks/openjdk-15.0.1/lib/libnio.so
7f4869d08000-7f4869d0f000 r-xp 00000000 08:01 537952                     /home/nadav/.jdks/openjdk-15.0.1/lib/libzip.so
7f4869d0f000-7f4869d10000 ---p 00007000 08:01 537952                     /home/nadav/.jdks/openjdk-15.0.1/lib/libzip.so
7f4869d10000-7f4869d11000 r--p 00007000 08:01 537952                     /home/nadav/.jdks/openjdk-15.0.1/lib/libzip.so
7f4869d11000-7f4869d12000 rw-p 00008000 08:01 537952                     /home/nadav/.jdks/openjdk-15.0.1/lib/libzip.so
7f4869d12000-7f4869d5a000 rw-p 00000000 00:00 0 
7f4869d5a000-7f4869d61000 ---p 00000000 00:00 0 
7f4869d61000-7f4869d85000 r-xp 00000000 08:01 537924                     /home/nadav/.jdks/openjdk-15.0.1/lib/libjava.so
7f4869d85000-7f4869d86000 ---p 00024000 08:01 537924                     /home/nadav/.jdks/openjdk-15.0.1/lib/libjava.so
7f4869d86000-7f4869d87000 r--p 00024000 08:01 537924                     /home/nadav/.jdks/openjdk-15.0.1/lib/libjava.so
7f4869d87000-7f4869d88000 rw-p 00025000 08:01 537924                     /home/nadav/.jdks/openjdk-15.0.1/lib/libjava.so
7f4869d88000-7f4869d89000 rw-p 00000000 00:00 0 
7f4869d89000-7f4869da5000 r-xp 00000000 08:01 537928                     /home/nadav/.jdks/openjdk-15.0.1/lib/libjimage.so
7f4869da5000-7f4869da7000 r--p 0001b000 08:01 537928                     /home/nadav/.jdks/openjdk-15.0.1/lib/libjimage.so
7f4869da7000-7f4869da8000 rw-p 0001d000 08:01 537928                     /home/nadav/.jdks/openjdk-15.0.1/lib/libjimage.so
7f4869da8000-7f4869dac000 ---p 00000000 00:00 0 
7f4869dac000-7f4869ead000 rw-p 00000000 00:00 0 
7f4869ead000-7f4869ebc000 r-xp 00000000 08:01 537929                     /home/nadav/.jdks/openjdk-15.0.1/lib/libjli.so
7f4869ebc000-7f4869ebd000 r--p 0000e000 08:01 537929                     /home/nadav/.jdks/openjdk-15.0.1/lib/libjli.so
7f4869ebd000-7f4869ebe000 rw-p 0000f000 08:01 537929                     /home/nadav/.jdks/openjdk-15.0.1/lib/libjli.so
7f4869ebe000-7f4869ebf000 rw-p 00000000 00:00 0 
7f4869ec2000-7f4869ec4000 r-xp 00000000 08:01 537914                     /home/nadav/.jdks/openjdk-15.0.1/lib/libextnet.so
7f4869ec4000-7f4869ec5000 r--p 00001000 08:01 537914                     /home/nadav/.jdks/openjdk-15.0.1/lib/libextnet.so
7f4869ec5000-7f4869ec6000 rw-p 00002000 08:01 537914                     /home/nadav/.jdks/openjdk-15.0.1/lib/libextnet.so
7f4869ec6000-7f4869ece000 rw-s 00000000 08:01 275545                     /tmp/hsperfdata_nadav/10420
7f4869ece000-7f4869ed8000 r-xp 00000000 08:01 537918                     /home/nadav/.jdks/openjdk-15.0.1/lib/libinstrument.so
7f4869ed8000-7f4869ed9000 r--p 00009000 08:01 537918                     /home/nadav/.jdks/openjdk-15.0.1/lib/libinstrument.so
7f4869ed9000-7f4869eda000 rw-p 0000a000 08:01 537918                     /home/nadav/.jdks/openjdk-15.0.1/lib/libinstrument.so
7f4869eda000-7f4869edb000 ---p 00000000 00:00 0 
7f4869edb000-7f4869edc000 r--p 00000000 00:00 0 
7f4869edc000-7f4869edd000 ---p 00000000 00:00 0 
7f4869edd000-7f4869ede000 r--p 00025000 08:01 1071198                    /lib/x86_64-linux-gnu/ld-2.23.so
7f4869ede000-7f4869edf000 rw-p 00026000 08:01 1071198                    /lib/x86_64-linux-gnu/ld-2.23.so
7f4869edf000-7f4869ee0000 rw-p 00000000 00:00 0 
7ffe73731000-7ffe73754000 rw-p 00000000 00:00 0                          [stack]
7ffe737de000-7ffe737e1000 r--p 00000000 00:00 0                          [vvar]
7ffe737e1000-7ffe737e3000 r-xp 00000000 00:00 0                          [vdso]
ffffffffff600000-ffffffffff601000 r-xp 00000000 00:00 0                  [vsyscall]


VM Arguments:
jvm_args: -javaagent:/home/nadav/idea-IU-202.7660.26/lib/idea_rt.jar=46015:/home/nadav/idea-IU-202.7660.26/bin -Dfile.encoding=UTF-8 
java_command: Manager
java_class_path (initial): /home/nadav/IdeaProjects/Ass1/target/classes:/home/nadav/.m2/repository/software/amazon/awssdk/ec2/2.5.10/ec2-2.5.10.jar:/home/nadav/.m2/repository/software/amazon/awssdk/aws-query-protocol/2.5.10/aws-query-protocol-2.5.10.jar:/home/nadav/.m2/repository/software/amazon/awssdk/protocol-core/2.5.10/protocol-core-2.5.10.jar:/home/nadav/.m2/repository/software/amazon/awssdk/sdk-core/2.5.10/sdk-core-2.5.10.jar:/home/nadav/.m2/repository/software/amazon/awssdk/profiles/2.5.10/profiles-2.5.10.jar:/home/nadav/.m2/repository/org/slf4j/slf4j-api/1.7.25/slf4j-api-1.7.25.jar:/home/nadav/.m2/repository/com/fasterxml/jackson/core/jackson-core/2.9.8/jackson-core-2.9.8.jar:/home/nadav/.m2/repository/com/fasterxml/jackson/core/jackson-databind/2.9.8/jackson-databind-2.9.8.jar:/home/nadav/.m2/repository/org/reactivestreams/reactive-streams/1.0.2/reactive-streams-1.0.2.jar:/home/nadav/.m2/repository/software/amazon/awssdk/auth/2.5.10/auth-2.5.10.jar:/home/nadav/.m2/repository/software/amazon/flow/1.7/flow-1.7.jar:/home/nadav/.m2/repository/software/amazon/awssdk/http-client-spi/2.5.10/http-client-spi-2.5.10.jar:/home/nadav/.m2/repository/software/amazon/awssdk/regions/2.5.10/regions-2.5.10.jar:/home/nadav/.m2/repository/com/fasterxml/jackson/core/jackson-annotations/2.9.0/jackson-annotations-2.9.0.jar:/home/nadav/.m2/repository/software/amazon/awssdk/annotations/2.5.10/annotations-2.5.10.jar:/home/nadav/.m2/repository/software/amazon/awssdk/utils/2.5.10/utils-2.5.10.jar:/home/nadav/.m2/repository/software/amazon/awssdk/aws-core/2.5.10/aws-core-2.5.10.jar:/home/nadav/.m2/repository/software/amazon/awssdk/apache-client/2.5.10/apache-client-2.5.10.jar:/home/nadav/.m2/repository/org/apache/httpcomponents/httpclient/4.5.6/httpclient-4.5.6.jar:/home/nadav/.m2/repository/commons-codec/commons-codec/1.10/commons-codec-1.10.jar:/home/nadav/.m2/repository/org/apache/httpcomponents/httpcore/4.4.10/httpcore-4.4.10.jar:/home/nadav/.m2/repository/software/amazon/awssdk/
Launcher Type: SUN_STANDARD

[Global flags]
     intx CICompilerCount                          = 3                                         {product} {ergonomic}
     uint ConcGCThreads                            = 1                                         {product} {ergonomic}
     uint G1ConcRefinementThreads                  = 4                                         {product} {ergonomic}
   size_t G1HeapRegionSize                         = 1048576                                   {product} {ergonomic}
    uintx GCDrainStackTargetSize                   = 64                                        {product} {ergonomic}
   size_t InitialHeapSize                          = 132120576                                 {product} {ergonomic}
   size_t MarkStackSize                            = 4194304                                   {product} {ergonomic}
   size_t MaxHeapSize                              = 2092957696                                {product} {ergonomic}
   size_t MaxNewSize                               = 1255145472                                {product} {ergonomic}
   size_t MinHeapDeltaBytes                        = 1048576                                   {product} {ergonomic}
   size_t MinHeapSize                              = 8388608                                   {product} {ergonomic}
    uintx NonNMethodCodeHeapSize                   = 5832780                                {pd product} {ergonomic}
    uintx NonProfiledCodeHeapSize                  = 122912730                              {pd product} {ergonomic}
    uintx ProfiledCodeHeapSize                     = 122912730                              {pd product} {ergonomic}
    uintx ReservedCodeCacheSize                    = 251658240                              {pd product} {ergonomic}
     bool SegmentedCodeCache                       = true                                      {product} {ergonomic}
   size_t SoftMaxHeapSize                          = 2092957696                             {manageable} {ergonomic}
     bool UseCompressedClassPointers               = true                                 {lp64_product} {ergonomic}
     bool UseCompressedOops                        = true                                 {lp64_product} {ergonomic}
     bool UseG1GC                                  = true                                      {product} {ergonomic}

Logging:
Log output configuration:
 #0: stdout all=warning uptime,level,tags
 #1: stderr all=off uptime,level,tags

Environment Variables:
PATH=/home/nadav/.opam/default/bin:/home/nadav/.opam/system/bin:/home/nadav/.local/bin:/usr/local/sbin:/usr/local/bin:/usr/sbin:/usr/bin:/sbin:/bin:/usr/games:/usr/local/games:/snap/bin
SHELL=/bin/bash
DISPLAY=:0
LANG=en_US.UTF-8

Signal Handlers:
SIGSEGV: [libjvm.so+0xd63670], sa_mask[0]=11111111011111111101111111111110, sa_flags=SA_RESTART|SA_SIGINFO
SIGBUS: [libjvm.so+0xd63670], sa_mask[0]=11111111011111111101111111111110, sa_flags=SA_RESTART|SA_SIGINFO
SIGFPE: [libjvm.so+0xd63670], sa_mask[0]=11111111011111111101111111111110, sa_flags=SA_RESTART|SA_SIGINFO
SIGPIPE: [libjvm.so+0xb410d0], sa_mask[0]=11111111011111111101111111111110, sa_flags=SA_RESTART|SA_SIGINFO
SIGXFSZ: [libjvm.so+0xb410d0], sa_mask[0]=11111111011111111101111111111110, sa_flags=SA_RESTART|SA_SIGINFO
SIGILL: [libjvm.so+0xd63670], sa_mask[0]=11111111011111111101111111111110, sa_flags=SA_RESTART|SA_SIGINFO
SIGUSR2: [libjvm.so+0xb40f70], sa_mask[0]=00100000000000000000000000000000, sa_flags=SA_RESTART|SA_SIGINFO
SIGHUP: [libjvm.so+0xb417e0], sa_mask[0]=11111111011111111101111111111110, sa_flags=SA_RESTART|SA_SIGINFO
SIGINT: [libjvm.so+0xb417e0], sa_mask[0]=11111111011111111101111111111110, sa_flags=SA_RESTART|SA_SIGINFO
SIGTERM: [libjvm.so+0xb417e0], sa_mask[0]=11111111011111111101111111111110, sa_flags=SA_RESTART|SA_SIGINFO
SIGQUIT: [libjvm.so+0xb417e0], sa_mask[0]=11111111011111111101111111111110, sa_flags=SA_RESTART|SA_SIGINFO


---------------  S Y S T E M  ---------------

OS:
DISTRIB_ID=Ubuntu
DISTRIB_RELEASE=16.04
DISTRIB_CODENAME=xenial
DISTRIB_DESCRIPTION="Ubuntu 16.04.5 LTS"
uname: Linux 4.15.0-123-generic #126~16.04.1-Ubuntu SMP Wed Oct 21 13:48:05 UTC 2020 x86_64
OS uptime: 0 days 4:02 hours
libc: glibc 2.23 NPTL 2.23 
rlimit (soft/hard): STACK 8192k/infinity , CORE 0k/infinity , NPROC 31664/31664 , NOFILE 1048576/1048576 , AS infinity/infinity , CPU infinity/infinity , DATA infinity/infinity , FSIZE infinity/infinity , MEMLOCK 64k/64k
load average: 1.87 0.87 0.49

/proc/meminfo:
MemTotal:        8167668 kB
MemFree:          868788 kB
MemAvailable:    3357348 kB
Buffers:          110420 kB
Cached:          2633488 kB
SwapCached:          124 kB
Active:          5829904 kB
Inactive:        1205144 kB
Active(anon):    4110312 kB
Inactive(anon):   276628 kB
Active(file):    1719592 kB
Inactive(file):   928516 kB
Unevictable:          32 kB
Mlocked:              32 kB
SwapTotal:        998396 kB
SwapFree:         997360 kB
Dirty:             36664 kB
Writeback:             0 kB
AnonPages:       4290932 kB
Mapped:           607320 kB
Shmem:            166088 kB
Slab:             156660 kB
SReclaimable:     117380 kB
SUnreclaim:        39280 kB
KernelStack:       15488 kB
PageTables:        51520 kB
NFS_Unstable:          0 kB
Bounce:                0 kB
WritebackTmp:          0 kB
CommitLimit:     5082228 kB
Committed_AS:    9699800 kB
VmallocTotal:   34359738367 kB
VmallocUsed:           0 kB
VmallocChunk:          0 kB
HardwareCorrupted:     0 kB
AnonHugePages:         0 kB
ShmemHugePages:        0 kB
ShmemPmdMapped:        0 kB
CmaTotal:              0 kB
CmaFree:               0 kB
HugePages_Total:       0
HugePages_Free:        0
HugePages_Rsvd:        0
HugePages_Surp:        0
Hugepagesize:       2048 kB
DirectMap4k:      145344 kB
DirectMap2M:     8243200 kB

/sys/kernel/mm/transparent_hugepage/enabled: always [madvise] never
/sys/kernel/mm/transparent_hugepage/defrag (defrag/compaction efforts parameter): always defer defer+madvise [madvise] never

/proc/sys/kernel/threads-max (system-wide limit on the number of threads): 63329
/proc/sys/vm/max_map_count (maximum number of memory map areas a process may have): 65530
/proc/sys/kernel/pid_max (system-wide limit on number of process identifiers): 32768

container (cgroup) information:
container_type: cgroupv1
cpu_cpuset_cpus: 0-3
cpu_memory_nodes: 0
active_processor_count: 4
cpu_quota: no quota
cpu_period: 100000
cpu_shares: no shares
memory_limit_in_bytes: unlimited
memory_and_swap_limit_in_bytes: not supported
memory_soft_limit_in_bytes: unlimited
memory_usage_in_bytes: 7204171776
memory_max_usage_in_bytes: unlimited

KVM virtualization detected
Steal ticks since vm start: 0
Steal ticks percentage since vm start:  0.000

CPU: total 4 (initial active 4) (4 cores per cpu, 1 threads per core) family 6 model 158 stepping 9 microcode 0x0, cmov, cx8, fxsr, mmx, sse, sse2, sse3, ssse3, sse4.1, sse4.2, popcnt, vzeroupper, avx, avx2, aes, clmul, 3dnowpref, lzcnt, tsc, tscinvbit, clflush, clflushopt
CPU Model and flags from /proc/cpuinfo:
model name	: Intel(R) Core(TM) i7-7700HQ CPU @ 2.80GHz
flags		: fpu vme de pse tsc msr pae mce cx8 apic sep mtrr pge mca cmov pat pse36 clflush mmx fxsr sse sse2 ht syscall nx rdtscp lm constant_tsc rep_good nopl xtopology nonstop_tsc cpuid tsc_known_freq pni pclmulqdq ssse3 cx16 pcid sse4_1 sse4_2 x2apic movbe popcnt aes xsave avx rdrand hypervisor lahf_lm abm 3dnowprefetch invpcid_single pti fsgsbase avx2 invpcid rdseed clflushopt flush_l1d

Online cpus: 0-3
Offline cpus: 
BIOS frequency limitation: <Not Available>
Frequency switch latency (ns): <Not Available>
Available cpu frequencies: <Not Available>
Current governor: <Not Available>
Core performance/turbo boost: <Not Available>

Memory: 4k page, physical 8167668k(868788k free), swap 998396k(997360k free)

vm_info: OpenJDK 64-Bit Server VM (15.0.1+9-18) for linux-amd64 JRE (15.0.1+9-18), built on Sep 15 2020 13:31:44 by "mach5one" with gcc 9.2.0

END.
